{"/home/Projects/banka/server/server.js":{"path":"/home/Projects/banka/server/server.js","statementMap":{"0":{"start":{"line":3,"column":0},"end":{"line":5,"column":3}},"1":{"start":{"line":7,"column":15},"end":{"line":7,"column":33}},"2":{"start":{"line":9,"column":16},"end":{"line":9,"column":48}},"3":{"start":{"line":11,"column":18},"end":{"line":11,"column":40}},"4":{"start":{"line":13,"column":19},"end":{"line":13,"column":54}},"5":{"start":{"line":15,"column":14},"end":{"line":15,"column":40}},"6":{"start":{"line":17,"column":15},"end":{"line":17,"column":46}},"7":{"start":{"line":19,"column":14},"end":{"line":19,"column":40}},"8":{"start":{"line":21,"column":15},"end":{"line":21,"column":46}},"9":{"start":{"line":23,"column":13},"end":{"line":23,"column":43}},"10":{"start":{"line":25,"column":14},"end":{"line":25,"column":44}},"11":{"start":{"line":27,"column":14},"end":{"line":27,"column":31}},"12":{"start":{"line":29,"column":15},"end":{"line":29,"column":46}},"13":{"start":{"line":31,"column":39},"end":{"line":31,"column":93}},"14":{"start":{"line":33,"column":0},"end":{"line":33,"column":26}},"15":{"start":{"line":36,"column":10},"end":{"line":36,"column":34}},"16":{"start":{"line":39,"column":0},"end":{"line":39,"column":37}},"17":{"start":{"line":40,"column":0},"end":{"line":40,"column":62}},"18":{"start":{"line":43,"column":0},"end":{"line":43,"column":26}},"19":{"start":{"line":45,"column":0},"end":{"line":50,"column":3}},"20":{"start":{"line":46,"column":4},"end":{"line":49,"column":7}},"21":{"start":{"line":52,"column":0},"end":{"line":57,"column":3}},"22":{"start":{"line":53,"column":4},"end":{"line":56,"column":7}},"23":{"start":{"line":59,"column":0},"end":{"line":64,"column":3}},"24":{"start":{"line":60,"column":4},"end":{"line":63,"column":7}},"25":{"start":{"line":66,"column":0},"end":{"line":71,"column":3}},"26":{"start":{"line":67,"column":4},"end":{"line":70,"column":7}},"27":{"start":{"line":73,"column":0},"end":{"line":78,"column":3}},"28":{"start":{"line":74,"column":4},"end":{"line":77,"column":7}},"29":{"start":{"line":80,"column":0},"end":{"line":85,"column":3}},"30":{"start":{"line":81,"column":4},"end":{"line":84,"column":7}},"31":{"start":{"line":88,"column":0},"end":{"line":90,"column":3}},"32":{"start":{"line":89,"column":4},"end":{"line":89,"column":63}},"33":{"start":{"line":92,"column":0},"end":{"line":92,"column":22}}},"fnMap":{"0":{"name":"_interopRequireDefault","decl":{"start":{"line":31,"column":9},"end":{"line":31,"column":31}},"loc":{"start":{"line":31,"column":37},"end":{"line":31,"column":95}},"line":31},"1":{"name":"(anonymous_1)","decl":{"start":{"line":45,"column":13},"end":{"line":45,"column":14}},"loc":{"start":{"line":45,"column":33},"end":{"line":50,"column":1}},"line":45},"2":{"name":"(anonymous_2)","decl":{"start":{"line":52,"column":13},"end":{"line":52,"column":14}},"loc":{"start":{"line":52,"column":33},"end":{"line":57,"column":1}},"line":52},"3":{"name":"(anonymous_3)","decl":{"start":{"line":59,"column":14},"end":{"line":59,"column":15}},"loc":{"start":{"line":59,"column":34},"end":{"line":64,"column":1}},"line":59},"4":{"name":"(anonymous_4)","decl":{"start":{"line":66,"column":13},"end":{"line":66,"column":14}},"loc":{"start":{"line":66,"column":33},"end":{"line":71,"column":1}},"line":66},"5":{"name":"(anonymous_5)","decl":{"start":{"line":73,"column":15},"end":{"line":73,"column":16}},"loc":{"start":{"line":73,"column":35},"end":{"line":78,"column":1}},"line":73},"6":{"name":"(anonymous_6)","decl":{"start":{"line":80,"column":16},"end":{"line":80,"column":17}},"loc":{"start":{"line":80,"column":36},"end":{"line":85,"column":1}},"line":80},"7":{"name":"(anonymous_7)","decl":{"start":{"line":88,"column":34},"end":{"line":88,"column":35}},"loc":{"start":{"line":88,"column":46},"end":{"line":90,"column":1}},"line":88}},"branchMap":{"0":{"loc":{"start":{"line":31,"column":46},"end":{"line":31,"column":92}},"type":"cond-expr","locations":[{"start":{"line":31,"column":70},"end":{"line":31,"column":73}},{"start":{"line":31,"column":76},"end":{"line":31,"column":92}}],"line":31},"1":{"loc":{"start":{"line":31,"column":46},"end":{"line":31,"column":67}},"type":"binary-expr","locations":[{"start":{"line":31,"column":46},"end":{"line":31,"column":49}},{"start":{"line":31,"column":53},"end":{"line":31,"column":67}}],"line":31}},"s":{"0":1,"1":1,"2":1,"3":1,"4":1,"5":1,"6":1,"7":1,"8":1,"9":1,"10":1,"11":1,"12":1,"13":6,"14":1,"15":1,"16":1,"17":1,"18":1,"19":1,"20":1,"21":1,"22":1,"23":1,"24":1,"25":1,"26":1,"27":1,"28":1,"29":1,"30":1,"31":1,"32":1,"33":1},"f":{"0":6,"1":1,"2":1,"3":1,"4":1,"5":1,"6":1,"7":1},"b":{"0":[2,4],"1":[6,6]},"_coverageSchema":"43e27e138ebf9cfc5966b082cf9a028302ed4184","hash":"d02db60e08c65824ac109d2c0ec22b09a355586a","contentHash":"86a615f25a5125842855e7f3313458999a9bd10a101ec82e9a2faea03f7c818b"},"/home/Projects/banka/server/routes/routes.js":{"path":"/home/Projects/banka/server/routes/routes.js","statementMap":{"0":{"start":{"line":3,"column":0},"end":{"line":5,"column":3}},"1":{"start":{"line":7,"column":15},"end":{"line":7,"column":33}},"2":{"start":{"line":9,"column":15},"end":{"line":9,"column":35}},"3":{"start":{"line":11,"column":16},"end":{"line":11,"column":48}},"4":{"start":{"line":13,"column":0},"end":{"line":13,"column":26}},"5":{"start":{"line":15,"column":13},"end":{"line":15,"column":46}},"6":{"start":{"line":17,"column":14},"end":{"line":17,"column":44}},"7":{"start":{"line":19,"column":14},"end":{"line":19,"column":31}},"8":{"start":{"line":21,"column":15},"end":{"line":21,"column":46}},"9":{"start":{"line":23,"column":16},"end":{"line":23,"column":52}},"10":{"start":{"line":25,"column":17},"end":{"line":25,"column":50}},"11":{"start":{"line":27,"column":20},"end":{"line":27,"column":60}},"12":{"start":{"line":29,"column":21},"end":{"line":29,"column":58}},"13":{"start":{"line":31,"column":14},"end":{"line":31,"column":47}},"14":{"start":{"line":33,"column":14},"end":{"line":33,"column":45}},"15":{"start":{"line":35,"column":17},"end":{"line":35,"column":53}},"16":{"start":{"line":37,"column":17},"end":{"line":37,"column":51}},"17":{"start":{"line":39,"column":21},"end":{"line":39,"column":61}},"18":{"start":{"line":41,"column":21},"end":{"line":41,"column":59}},"19":{"start":{"line":43,"column":39},"end":{"line":43,"column":93}},"20":{"start":{"line":45,"column":0},"end":{"line":45,"column":26}},"21":{"start":{"line":47,"column":13},"end":{"line":47,"column":35}},"22":{"start":{"line":50,"column":0},"end":{"line":50,"column":91}},"23":{"start":{"line":51,"column":0},"end":{"line":51,"column":100}},"24":{"start":{"line":52,"column":0},"end":{"line":52,"column":91}},"25":{"start":{"line":53,"column":0},"end":{"line":53,"column":82}},"26":{"start":{"line":54,"column":0},"end":{"line":54,"column":123}},"27":{"start":{"line":55,"column":0},"end":{"line":55,"column":123}},"28":{"start":{"line":56,"column":0},"end":{"line":56,"column":147}},"29":{"start":{"line":57,"column":0},"end":{"line":57,"column":157}},"30":{"start":{"line":58,"column":0},"end":{"line":58,"column":160}},"31":{"start":{"line":59,"column":0},"end":{"line":59,"column":170}},"32":{"start":{"line":60,"column":0},"end":{"line":60,"column":142}},"33":{"start":{"line":61,"column":0},"end":{"line":61,"column":150}},"34":{"start":{"line":62,"column":0},"end":{"line":62,"column":88}},"35":{"start":{"line":63,"column":0},"end":{"line":63,"column":102}},"36":{"start":{"line":65,"column":0},"end":{"line":65,"column":25}}},"fnMap":{"0":{"name":"_interopRequireDefault","decl":{"start":{"line":43,"column":9},"end":{"line":43,"column":31}},"loc":{"start":{"line":43,"column":37},"end":{"line":43,"column":95}},"line":43}},"branchMap":{"0":{"loc":{"start":{"line":43,"column":46},"end":{"line":43,"column":92}},"type":"cond-expr","locations":[{"start":{"line":43,"column":70},"end":{"line":43,"column":73}},{"start":{"line":43,"column":76},"end":{"line":43,"column":92}}],"line":43},"1":{"loc":{"start":{"line":43,"column":46},"end":{"line":43,"column":67}},"type":"binary-expr","locations":[{"start":{"line":43,"column":46},"end":{"line":43,"column":49}},{"start":{"line":43,"column":53},"end":{"line":43,"column":67}}],"line":43}},"s":{"0":1,"1":1,"2":1,"3":1,"4":1,"5":1,"6":1,"7":1,"8":1,"9":1,"10":1,"11":1,"12":1,"13":1,"14":1,"15":1,"16":1,"17":1,"18":1,"19":8,"20":1,"21":1,"22":1,"23":1,"24":1,"25":1,"26":1,"27":1,"28":1,"29":1,"30":1,"31":1,"32":1,"33":1,"34":1,"35":1,"36":1},"f":{"0":8},"b":{"0":[7,1],"1":[8,8]},"_coverageSchema":"43e27e138ebf9cfc5966b082cf9a028302ed4184","hash":"e31fe0ab5505d1dda5e86fcafedb07445dcc5623","contentHash":"9b4547f014321aab6eaf316f6bea0ccfb78d4872ce3486312163f51aacb6f749"},"/home/Projects/banka/server/routes/protect.js":{"path":"/home/Projects/banka/server/routes/protect.js","statementMap":{"0":{"start":{"line":3,"column":0},"end":{"line":5,"column":3}},"1":{"start":{"line":7,"column":20},"end":{"line":7,"column":43}},"2":{"start":{"line":9,"column":21},"end":{"line":9,"column":58}},"3":{"start":{"line":11,"column":14},"end":{"line":11,"column":43}},"4":{"start":{"line":13,"column":15},"end":{"line":13,"column":46}},"5":{"start":{"line":15,"column":16},"end":{"line":15,"column":35}},"6":{"start":{"line":17,"column":39},"end":{"line":17,"column":93}},"7":{"start":{"line":19,"column":16},"end":{"line":31,"column":1}},"8":{"start":{"line":20,"column":4},"end":{"line":30,"column":5}},"9":{"start":{"line":21,"column":20},"end":{"line":21,"column":59}},"10":{"start":{"line":22,"column":22},"end":{"line":22,"column":86}},"11":{"start":{"line":23,"column":8},"end":{"line":23,"column":31}},"12":{"start":{"line":24,"column":8},"end":{"line":24,"column":15}},"13":{"start":{"line":26,"column":8},"end":{"line":29,"column":11}},"14":{"start":{"line":33,"column":19},"end":{"line":52,"column":1}},"15":{"start":{"line":34,"column":4},"end":{"line":51,"column":5}},"16":{"start":{"line":35,"column":20},"end":{"line":35,"column":59}},"17":{"start":{"line":36,"column":22},"end":{"line":36,"column":86}},"18":{"start":{"line":37,"column":8},"end":{"line":37,"column":31}},"19":{"start":{"line":38,"column":8},"end":{"line":45,"column":9}},"20":{"start":{"line":39,"column":12},"end":{"line":39,"column":19}},"21":{"start":{"line":41,"column":12},"end":{"line":44,"column":15}},"22":{"start":{"line":47,"column":8},"end":{"line":50,"column":11}},"23":{"start":{"line":54,"column":17},"end":{"line":73,"column":1}},"24":{"start":{"line":55,"column":4},"end":{"line":72,"column":5}},"25":{"start":{"line":56,"column":20},"end":{"line":56,"column":59}},"26":{"start":{"line":57,"column":22},"end":{"line":57,"column":86}},"27":{"start":{"line":58,"column":8},"end":{"line":58,"column":31}},"28":{"start":{"line":59,"column":8},"end":{"line":66,"column":9}},"29":{"start":{"line":60,"column":12},"end":{"line":60,"column":19}},"30":{"start":{"line":62,"column":12},"end":{"line":65,"column":15}},"31":{"start":{"line":68,"column":8},"end":{"line":71,"column":11}},"32":{"start":{"line":75,"column":24},"end":{"line":94,"column":1}},"33":{"start":{"line":76,"column":4},"end":{"line":93,"column":5}},"34":{"start":{"line":77,"column":20},"end":{"line":77,"column":59}},"35":{"start":{"line":78,"column":22},"end":{"line":78,"column":86}},"36":{"start":{"line":79,"column":8},"end":{"line":79,"column":31}},"37":{"start":{"line":80,"column":8},"end":{"line":87,"column":9}},"38":{"start":{"line":81,"column":12},"end":{"line":81,"column":19}},"39":{"start":{"line":83,"column":12},"end":{"line":86,"column":15}},"40":{"start":{"line":89,"column":8},"end":{"line":92,"column":11}},"41":{"start":{"line":96,"column":0},"end":{"line":101,"column":2}}},"fnMap":{"0":{"name":"_interopRequireDefault","decl":{"start":{"line":17,"column":9},"end":{"line":17,"column":31}},"loc":{"start":{"line":17,"column":37},"end":{"line":17,"column":95}},"line":17},"1":{"name":"checkUser","decl":{"start":{"line":19,"column":25},"end":{"line":19,"column":34}},"loc":{"start":{"line":19,"column":51},"end":{"line":31,"column":1}},"line":19},"2":{"name":"checkCashier","decl":{"start":{"line":33,"column":28},"end":{"line":33,"column":40}},"loc":{"start":{"line":33,"column":57},"end":{"line":52,"column":1}},"line":33},"3":{"name":"checkAdmin","decl":{"start":{"line":54,"column":26},"end":{"line":54,"column":36}},"loc":{"start":{"line":54,"column":53},"end":{"line":73,"column":1}},"line":54},"4":{"name":"checkAdminOrStaff","decl":{"start":{"line":75,"column":33},"end":{"line":75,"column":50}},"loc":{"start":{"line":75,"column":67},"end":{"line":94,"column":1}},"line":75}},"branchMap":{"0":{"loc":{"start":{"line":17,"column":46},"end":{"line":17,"column":92}},"type":"cond-expr","locations":[{"start":{"line":17,"column":70},"end":{"line":17,"column":73}},{"start":{"line":17,"column":76},"end":{"line":17,"column":92}}],"line":17},"1":{"loc":{"start":{"line":17,"column":46},"end":{"line":17,"column":67}},"type":"binary-expr","locations":[{"start":{"line":17,"column":46},"end":{"line":17,"column":49}},{"start":{"line":17,"column":53},"end":{"line":17,"column":67}}],"line":17},"2":{"loc":{"start":{"line":38,"column":8},"end":{"line":45,"column":9}},"type":"if","locations":[{"start":{"line":38,"column":8},"end":{"line":45,"column":9}},{"start":{"line":38,"column":8},"end":{"line":45,"column":9}}],"line":38},"3":{"loc":{"start":{"line":59,"column":8},"end":{"line":66,"column":9}},"type":"if","locations":[{"start":{"line":59,"column":8},"end":{"line":66,"column":9}},{"start":{"line":59,"column":8},"end":{"line":66,"column":9}}],"line":59},"4":{"loc":{"start":{"line":80,"column":8},"end":{"line":87,"column":9}},"type":"if","locations":[{"start":{"line":80,"column":8},"end":{"line":87,"column":9}},{"start":{"line":80,"column":8},"end":{"line":87,"column":9}}],"line":80},"5":{"loc":{"start":{"line":80,"column":12},"end":{"line":80,"column":75}},"type":"binary-expr","locations":[{"start":{"line":80,"column":12},"end":{"line":80,"column":36}},{"start":{"line":80,"column":40},"end":{"line":80,"column":75}}],"line":80}},"s":{"0":1,"1":1,"2":1,"3":1,"4":1,"5":1,"6":2,"7":1,"8":8,"9":8,"10":7,"11":6,"12":6,"13":2,"14":1,"15":3,"16":3,"17":3,"18":2,"19":2,"20":1,"21":1,"22":1,"23":1,"24":5,"25":5,"26":5,"27":4,"28":4,"29":3,"30":1,"31":1,"32":1,"33":5,"34":5,"35":5,"36":4,"37":4,"38":4,"39":0,"40":1,"41":1},"f":{"0":2,"1":8,"2":3,"3":5,"4":5},"b":{"0":[0,2],"1":[2,2],"2":[1,1],"3":[3,1],"4":[4,0],"5":[4,0]},"_coverageSchema":"43e27e138ebf9cfc5966b082cf9a028302ed4184","hash":"879c9ab280d0b4a9b8da9024df2145ee31c6ebeb","contentHash":"824e4342c578bbb9e4bf78c1ffc6677970ecfc6408913174fb9125fc615336ed"},"/home/Projects/banka/server/config/config.js":{"path":"/home/Projects/banka/server/config/config.js","statementMap":{"0":{"start":{"line":3,"column":13},"end":{"line":3,"column":30}},"1":{"start":{"line":5,"column":0},"end":{"line":5,"column":16}},"2":{"start":{"line":7,"column":13},"end":{"line":12,"column":1}},"3":{"start":{"line":14,"column":0},"end":{"line":14,"column":24}}},"fnMap":{},"branchMap":{"0":{"loc":{"start":{"line":8,"column":10},"end":{"line":8,"column":34}},"type":"binary-expr","locations":[{"start":{"line":8,"column":10},"end":{"line":8,"column":26}},{"start":{"line":8,"column":30},"end":{"line":8,"column":34}}],"line":8},"1":{"loc":{"start":{"line":9,"column":15},"end":{"line":9,"column":60}},"type":"binary-expr","locations":[{"start":{"line":9,"column":15},"end":{"line":9,"column":37}},{"start":{"line":9,"column":41},"end":{"line":9,"column":60}}],"line":9},"2":{"loc":{"start":{"line":10,"column":11},"end":{"line":10,"column":89}},"type":"binary-expr","locations":[{"start":{"line":10,"column":11},"end":{"line":10,"column":35}},{"start":{"line":10,"column":39},"end":{"line":10,"column":89}}],"line":10},"3":{"loc":{"start":{"line":11,"column":15},"end":{"line":11,"column":95}},"type":"binary-expr","locations":[{"start":{"line":11,"column":15},"end":{"line":11,"column":42}},{"start":{"line":11,"column":46},"end":{"line":11,"column":95}}],"line":11}},"s":{"0":1,"1":1,"2":1,"3":1},"f":{},"b":{"0":[1,0],"1":[1,1],"2":[1,0],"3":[1,0]},"_coverageSchema":"43e27e138ebf9cfc5966b082cf9a028302ed4184","hash":"03652a0f83e924e729317415c14fdd6e370b0080","contentHash":"d05b7bacf493619f8b63505159ea6d0daa93134d1739eeda958ab19885e1757c"},"/home/Projects/banka/server/controllers/users.js":{"path":"/home/Projects/banka/server/controllers/users.js","statementMap":{"0":{"start":{"line":3,"column":0},"end":{"line":5,"column":3}},"1":{"start":{"line":7,"column":19},"end":{"line":7,"column":563}},"2":{"start":{"line":7,"column":76},"end":{"line":7,"column":347}},"3":{"start":{"line":7,"column":89},"end":{"line":7,"column":90}},"4":{"start":{"line":7,"column":134},"end":{"line":7,"column":142}},"5":{"start":{"line":7,"column":144},"end":{"line":7,"column":199}},"6":{"start":{"line":7,"column":200},"end":{"line":7,"column":231}},"7":{"start":{"line":7,"column":232},"end":{"line":7,"column":286}},"8":{"start":{"line":7,"column":259},"end":{"line":7,"column":286}},"9":{"start":{"line":7,"column":287},"end":{"line":7,"column":345}},"10":{"start":{"line":7,"column":350},"end":{"line":7,"column":559}},"11":{"start":{"line":7,"column":407},"end":{"line":7,"column":475}},"12":{"start":{"line":7,"column":423},"end":{"line":7,"column":475}},"13":{"start":{"line":7,"column":476},"end":{"line":7,"column":536}},"14":{"start":{"line":7,"column":493},"end":{"line":7,"column":536}},"15":{"start":{"line":7,"column":537},"end":{"line":7,"column":556}},"16":{"start":{"line":9,"column":20},"end":{"line":9,"column":43}},"17":{"start":{"line":11,"column":21},"end":{"line":11,"column":58}},"18":{"start":{"line":13,"column":13},"end":{"line":13,"column":37}},"19":{"start":{"line":15,"column":14},"end":{"line":15,"column":44}},"20":{"start":{"line":17,"column":14},"end":{"line":17,"column":31}},"21":{"start":{"line":19,"column":15},"end":{"line":19,"column":46}},"22":{"start":{"line":21,"column":14},"end":{"line":21,"column":31}},"23":{"start":{"line":23,"column":15},"end":{"line":23,"column":46}},"24":{"start":{"line":25,"column":14},"end":{"line":25,"column":43}},"25":{"start":{"line":27,"column":15},"end":{"line":27,"column":46}},"26":{"start":{"line":29,"column":39},"end":{"line":29,"column":93}},"27":{"start":{"line":31,"column":50},"end":{"line":31,"column":151}},"28":{"start":{"line":31,"column":92},"end":{"line":31,"column":149}},"29":{"start":{"line":33,"column":21},"end":{"line":232,"column":3}},"30":{"start":{"line":35,"column":8},"end":{"line":35,"column":46}},"31":{"start":{"line":38,"column":4},"end":{"line":229,"column":8}},"32":{"start":{"line":41,"column":28},"end":{"line":41,"column":36}},"33":{"start":{"line":42,"column":24},"end":{"line":42,"column":39}},"34":{"start":{"line":43,"column":28},"end":{"line":43,"column":47}},"35":{"start":{"line":44,"column":27},"end":{"line":44,"column":45}},"36":{"start":{"line":45,"column":27},"end":{"line":45,"column":45}},"37":{"start":{"line":47,"column":23},"end":{"line":47,"column":31}},"38":{"start":{"line":48,"column":23},"end":{"line":48,"column":72}},"39":{"start":{"line":50,"column":12},"end":{"line":98,"column":15}},"40":{"start":{"line":51,"column":16},"end":{"line":51,"column":41}},"41":{"start":{"line":53,"column":16},"end":{"line":97,"column":17}},"42":{"start":{"line":54,"column":20},"end":{"line":57,"column":23}},"43":{"start":{"line":59,"column":32},"end":{"line":63,"column":50}},"44":{"start":{"line":65,"column":42},"end":{"line":69,"column":21}},"45":{"start":{"line":66,"column":24},"end":{"line":68,"column":40}},"46":{"start":{"line":67,"column":28},"end":{"line":67,"column":108}},"47":{"start":{"line":71,"column":35},"end":{"line":73,"column":21}},"48":{"start":{"line":72,"column":24},"end":{"line":72,"column":85}},"49":{"start":{"line":74,"column":31},"end":{"line":74,"column":41}},"50":{"start":{"line":75,"column":42},"end":{"line":75,"column":73}},"51":{"start":{"line":77,"column":34},"end":{"line":77,"column":168}},"52":{"start":{"line":78,"column":20},"end":{"line":78,"column":41}},"53":{"start":{"line":79,"column":30},"end":{"line":79,"column":176}},"54":{"start":{"line":81,"column":20},"end":{"line":96,"column":23}},"55":{"start":{"line":82,"column":24},"end":{"line":82,"column":45}},"56":{"start":{"line":83,"column":24},"end":{"line":83,"column":49}},"57":{"start":{"line":84,"column":24},"end":{"line":95,"column":27}},"58":{"start":{"line":103,"column":12},"end":{"line":110,"column":15}},"59":{"start":{"line":104,"column":16},"end":{"line":109,"column":17}},"60":{"start":{"line":105,"column":20},"end":{"line":108,"column":23}},"61":{"start":{"line":115,"column":29},"end":{"line":115,"column":37}},"62":{"start":{"line":116,"column":24},"end":{"line":116,"column":40}},"63":{"start":{"line":117,"column":27},"end":{"line":117,"column":46}},"64":{"start":{"line":120,"column":12},"end":{"line":163,"column":15}},"65":{"start":{"line":121,"column":16},"end":{"line":162,"column":17}},"66":{"start":{"line":122,"column":42},"end":{"line":126,"column":21}},"67":{"start":{"line":123,"column":24},"end":{"line":125,"column":40}},"68":{"start":{"line":124,"column":28},"end":{"line":124,"column":123}},"69":{"start":{"line":128,"column":39},"end":{"line":130,"column":21}},"70":{"start":{"line":129,"column":24},"end":{"line":129,"column":86}},"71":{"start":{"line":131,"column":20},"end":{"line":156,"column":21}},"72":{"start":{"line":132,"column":24},"end":{"line":132,"column":61}},"73":{"start":{"line":133,"column":36},"end":{"line":137,"column":54}},"74":{"start":{"line":139,"column":24},"end":{"line":141,"column":27}},"75":{"start":{"line":142,"column":24},"end":{"line":150,"column":27}},"76":{"start":{"line":152,"column":24},"end":{"line":155,"column":27}},"77":{"start":{"line":158,"column":20},"end":{"line":161,"column":23}},"78":{"start":{"line":168,"column":29},"end":{"line":168,"column":37}},"79":{"start":{"line":169,"column":24},"end":{"line":169,"column":40}},"80":{"start":{"line":170,"column":28},"end":{"line":170,"column":48}},"81":{"start":{"line":171,"column":27},"end":{"line":171,"column":46}},"82":{"start":{"line":172,"column":27},"end":{"line":172,"column":46}},"83":{"start":{"line":173,"column":23},"end":{"line":173,"column":38}},"84":{"start":{"line":175,"column":23},"end":{"line":175,"column":72}},"85":{"start":{"line":177,"column":12},"end":{"line":227,"column":15}},"86":{"start":{"line":178,"column":16},"end":{"line":178,"column":41}},"87":{"start":{"line":180,"column":16},"end":{"line":226,"column":17}},"88":{"start":{"line":181,"column":20},"end":{"line":184,"column":23}},"89":{"start":{"line":187,"column":42},"end":{"line":191,"column":21}},"90":{"start":{"line":188,"column":24},"end":{"line":190,"column":40}},"91":{"start":{"line":189,"column":28},"end":{"line":189,"column":108}},"92":{"start":{"line":193,"column":35},"end":{"line":195,"column":21}},"93":{"start":{"line":194,"column":24},"end":{"line":194,"column":85}},"94":{"start":{"line":196,"column":31},"end":{"line":196,"column":41}},"95":{"start":{"line":197,"column":42},"end":{"line":197,"column":73}},"96":{"start":{"line":199,"column":34},"end":{"line":199,"column":167}},"97":{"start":{"line":200,"column":20},"end":{"line":200,"column":41}},"98":{"start":{"line":201,"column":30},"end":{"line":201,"column":176}},"99":{"start":{"line":203,"column":20},"end":{"line":225,"column":23}},"100":{"start":{"line":204,"column":24},"end":{"line":204,"column":49}},"101":{"start":{"line":205,"column":24},"end":{"line":224,"column":25}},"102":{"start":{"line":206,"column":40},"end":{"line":210,"column":58}},"103":{"start":{"line":212,"column":28},"end":{"line":223,"column":31}},"104":{"start":{"line":231,"column":4},"end":{"line":231,"column":26}},"105":{"start":{"line":234,"column":12},"end":{"line":234,"column":32}},"106":{"start":{"line":235,"column":0},"end":{"line":235,"column":24}}},"fnMap":{"0":{"name":"(anonymous_0)","decl":{"start":{"line":7,"column":19},"end":{"line":7,"column":20}},"loc":{"start":{"line":7,"column":31},"end":{"line":7,"column":561}},"line":7},"1":{"name":"defineProperties","decl":{"start":{"line":7,"column":42},"end":{"line":7,"column":58}},"loc":{"start":{"line":7,"column":74},"end":{"line":7,"column":349}},"line":7},"2":{"name":"(anonymous_2)","decl":{"start":{"line":7,"column":357},"end":{"line":7,"column":358}},"loc":{"start":{"line":7,"column":405},"end":{"line":7,"column":558}},"line":7},"3":{"name":"_interopRequireDefault","decl":{"start":{"line":29,"column":9},"end":{"line":29,"column":31}},"loc":{"start":{"line":29,"column":37},"end":{"line":29,"column":95}},"line":29},"4":{"name":"_classCallCheck","decl":{"start":{"line":31,"column":9},"end":{"line":31,"column":24}},"loc":{"start":{"line":31,"column":48},"end":{"line":31,"column":153}},"line":31},"5":{"name":"(anonymous_5)","decl":{"start":{"line":33,"column":21},"end":{"line":33,"column":22}},"loc":{"start":{"line":33,"column":33},"end":{"line":232,"column":1}},"line":33},"6":{"name":"UserController","decl":{"start":{"line":34,"column":13},"end":{"line":34,"column":27}},"loc":{"start":{"line":34,"column":30},"end":{"line":36,"column":5}},"line":34},"7":{"name":"signup","decl":{"start":{"line":40,"column":24},"end":{"line":40,"column":30}},"loc":{"start":{"line":40,"column":41},"end":{"line":99,"column":9}},"line":40},"8":{"name":"(anonymous_8)","decl":{"start":{"line":50,"column":45},"end":{"line":50,"column":46}},"loc":{"start":{"line":50,"column":63},"end":{"line":98,"column":13}},"line":50},"9":{"name":"encryptPassword","decl":{"start":{"line":65,"column":51},"end":{"line":65,"column":66}},"loc":{"start":{"line":65,"column":83},"end":{"line":69,"column":21}},"line":65},"10":{"name":"makeSalt","decl":{"start":{"line":71,"column":44},"end":{"line":71,"column":52}},"loc":{"start":{"line":71,"column":55},"end":{"line":73,"column":21}},"line":71},"11":{"name":"(anonymous_11)","decl":{"start":{"line":81,"column":61},"end":{"line":81,"column":62}},"loc":{"start":{"line":81,"column":79},"end":{"line":96,"column":21}},"line":81},"12":{"name":"getAll","decl":{"start":{"line":102,"column":24},"end":{"line":102,"column":30}},"loc":{"start":{"line":102,"column":41},"end":{"line":111,"column":9}},"line":102},"13":{"name":"(anonymous_13)","decl":{"start":{"line":103,"column":62},"end":{"line":103,"column":63}},"loc":{"start":{"line":103,"column":80},"end":{"line":110,"column":13}},"line":103},"14":{"name":"signin","decl":{"start":{"line":114,"column":24},"end":{"line":114,"column":30}},"loc":{"start":{"line":114,"column":41},"end":{"line":164,"column":9}},"line":114},"15":{"name":"(anonymous_15)","decl":{"start":{"line":120,"column":90},"end":{"line":120,"column":91}},"loc":{"start":{"line":120,"column":108},"end":{"line":163,"column":13}},"line":120},"16":{"name":"encryptPassword","decl":{"start":{"line":122,"column":51},"end":{"line":122,"column":66}},"loc":{"start":{"line":122,"column":77},"end":{"line":126,"column":21}},"line":122},"17":{"name":"authenticate","decl":{"start":{"line":128,"column":48},"end":{"line":128,"column":60}},"loc":{"start":{"line":128,"column":72},"end":{"line":130,"column":21}},"line":128},"18":{"name":"createStaff","decl":{"start":{"line":167,"column":24},"end":{"line":167,"column":35}},"loc":{"start":{"line":167,"column":46},"end":{"line":228,"column":9}},"line":167},"19":{"name":"(anonymous_19)","decl":{"start":{"line":177,"column":45},"end":{"line":177,"column":46}},"loc":{"start":{"line":177,"column":63},"end":{"line":227,"column":13}},"line":177},"20":{"name":"encryptPassword","decl":{"start":{"line":187,"column":51},"end":{"line":187,"column":66}},"loc":{"start":{"line":187,"column":83},"end":{"line":191,"column":21}},"line":187},"21":{"name":"makeSalt","decl":{"start":{"line":193,"column":44},"end":{"line":193,"column":52}},"loc":{"start":{"line":193,"column":55},"end":{"line":195,"column":21}},"line":193},"22":{"name":"(anonymous_22)","decl":{"start":{"line":203,"column":61},"end":{"line":203,"column":62}},"loc":{"start":{"line":203,"column":79},"end":{"line":225,"column":21}},"line":203}},"branchMap":{"0":{"loc":{"start":{"line":7,"column":168},"end":{"line":7,"column":198}},"type":"binary-expr","locations":[{"start":{"line":7,"column":168},"end":{"line":7,"column":189}},{"start":{"line":7,"column":193},"end":{"line":7,"column":198}}],"line":7},"1":{"loc":{"start":{"line":7,"column":232},"end":{"line":7,"column":286}},"type":"if","locations":[{"start":{"line":7,"column":232},"end":{"line":7,"column":286}},{"start":{"line":7,"column":232},"end":{"line":7,"column":286}}],"line":7},"2":{"loc":{"start":{"line":7,"column":407},"end":{"line":7,"column":475}},"type":"if","locations":[{"start":{"line":7,"column":407},"end":{"line":7,"column":475}},{"start":{"line":7,"column":407},"end":{"line":7,"column":475}}],"line":7},"3":{"loc":{"start":{"line":7,"column":476},"end":{"line":7,"column":536}},"type":"if","locations":[{"start":{"line":7,"column":476},"end":{"line":7,"column":536}},{"start":{"line":7,"column":476},"end":{"line":7,"column":536}}],"line":7},"4":{"loc":{"start":{"line":29,"column":46},"end":{"line":29,"column":92}},"type":"cond-expr","locations":[{"start":{"line":29,"column":70},"end":{"line":29,"column":73}},{"start":{"line":29,"column":76},"end":{"line":29,"column":92}}],"line":29},"5":{"loc":{"start":{"line":29,"column":46},"end":{"line":29,"column":67}},"type":"binary-expr","locations":[{"start":{"line":29,"column":46},"end":{"line":29,"column":49}},{"start":{"line":29,"column":53},"end":{"line":29,"column":67}}],"line":29},"6":{"loc":{"start":{"line":31,"column":50},"end":{"line":31,"column":151}},"type":"if","locations":[{"start":{"line":31,"column":50},"end":{"line":31,"column":151}},{"start":{"line":31,"column":50},"end":{"line":31,"column":151}}],"line":31},"7":{"loc":{"start":{"line":53,"column":16},"end":{"line":97,"column":17}},"type":"if","locations":[{"start":{"line":53,"column":16},"end":{"line":97,"column":17}},{"start":{"line":53,"column":16},"end":{"line":97,"column":17}}],"line":53},"8":{"loc":{"start":{"line":104,"column":16},"end":{"line":109,"column":17}},"type":"if","locations":[{"start":{"line":104,"column":16},"end":{"line":109,"column":17}},{"start":{"line":104,"column":16},"end":{"line":109,"column":17}}],"line":104},"9":{"loc":{"start":{"line":121,"column":16},"end":{"line":162,"column":17}},"type":"if","locations":[{"start":{"line":121,"column":16},"end":{"line":162,"column":17}},{"start":{"line":121,"column":16},"end":{"line":162,"column":17}}],"line":121},"10":{"loc":{"start":{"line":131,"column":20},"end":{"line":156,"column":21}},"type":"if","locations":[{"start":{"line":131,"column":20},"end":{"line":156,"column":21}},{"start":{"line":131,"column":20},"end":{"line":156,"column":21}}],"line":131},"11":{"loc":{"start":{"line":180,"column":16},"end":{"line":226,"column":17}},"type":"if","locations":[{"start":{"line":180,"column":16},"end":{"line":226,"column":17}},{"start":{"line":180,"column":16},"end":{"line":226,"column":17}}],"line":180},"12":{"loc":{"start":{"line":205,"column":24},"end":{"line":224,"column":25}},"type":"if","locations":[{"start":{"line":205,"column":24},"end":{"line":224,"column":25}},{"start":{"line":205,"column":24},"end":{"line":224,"column":25}}],"line":205}},"s":{"0":1,"1":1,"2":1,"3":1,"4":4,"5":4,"6":4,"7":4,"8":4,"9":4,"10":1,"11":1,"12":1,"13":1,"14":0,"15":1,"16":1,"17":1,"18":1,"19":1,"20":1,"21":1,"22":1,"23":1,"24":1,"25":1,"26":5,"27":1,"28":0,"29":1,"30":1,"31":1,"32":2,"33":2,"34":2,"35":2,"36":2,"37":2,"38":2,"39":2,"40":2,"41":2,"42":1,"43":1,"44":1,"45":1,"46":1,"47":1,"48":1,"49":1,"50":1,"51":1,"52":1,"53":1,"54":1,"55":1,"56":1,"57":1,"58":1,"59":1,"60":1,"61":4,"62":4,"63":4,"64":4,"65":4,"66":3,"67":3,"68":3,"69":3,"70":3,"71":3,"72":2,"73":2,"74":2,"75":2,"76":1,"77":1,"78":7,"79":7,"80":7,"81":7,"82":7,"83":7,"84":7,"85":7,"86":7,"87":7,"88":1,"89":6,"90":6,"91":6,"92":6,"93":6,"94":6,"95":6,"96":6,"97":6,"98":6,"99":6,"100":6,"101":6,"102":6,"103":6,"104":1,"105":1,"106":1},"f":{"0":1,"1":1,"2":1,"3":5,"4":1,"5":1,"6":1,"7":2,"8":2,"9":1,"10":1,"11":1,"12":1,"13":1,"14":4,"15":4,"16":3,"17":3,"18":7,"19":7,"20":6,"21":6,"22":6},"b":{"0":[4,4],"1":[4,0],"2":[1,0],"3":[0,1],"4":[1,4],"5":[5,5],"6":[0,1],"7":[1,1],"8":[1,0],"9":[3,1],"10":[2,1],"11":[1,6],"12":[6,0]},"_coverageSchema":"43e27e138ebf9cfc5966b082cf9a028302ed4184","hash":"7f5d9165c98c34a36e25e4615c5cd6c3f0cbc1ae","contentHash":"475f238eaaabcb895709efba58875984636ac421a71b780a3ceb580953e469b3"},"/home/Projects/banka/server/db/index.js":{"path":"/home/Projects/banka/server/db/index.js","statementMap":{"0":{"start":{"line":3,"column":0},"end":{"line":5,"column":3}},"1":{"start":{"line":7,"column":19},"end":{"line":7,"column":563}},"2":{"start":{"line":7,"column":76},"end":{"line":7,"column":347}},"3":{"start":{"line":7,"column":89},"end":{"line":7,"column":90}},"4":{"start":{"line":7,"column":134},"end":{"line":7,"column":142}},"5":{"start":{"line":7,"column":144},"end":{"line":7,"column":199}},"6":{"start":{"line":7,"column":200},"end":{"line":7,"column":231}},"7":{"start":{"line":7,"column":232},"end":{"line":7,"column":286}},"8":{"start":{"line":7,"column":259},"end":{"line":7,"column":286}},"9":{"start":{"line":7,"column":287},"end":{"line":7,"column":345}},"10":{"start":{"line":7,"column":350},"end":{"line":7,"column":559}},"11":{"start":{"line":7,"column":407},"end":{"line":7,"column":475}},"12":{"start":{"line":7,"column":423},"end":{"line":7,"column":475}},"13":{"start":{"line":7,"column":476},"end":{"line":7,"column":536}},"14":{"start":{"line":7,"column":493},"end":{"line":7,"column":536}},"15":{"start":{"line":7,"column":537},"end":{"line":7,"column":556}},"16":{"start":{"line":9,"column":10},"end":{"line":9,"column":23}},"17":{"start":{"line":11,"column":11},"end":{"line":11,"column":38}},"18":{"start":{"line":13,"column":14},"end":{"line":13,"column":31}},"19":{"start":{"line":15,"column":15},"end":{"line":15,"column":46}},"20":{"start":{"line":17,"column":14},"end":{"line":17,"column":43}},"21":{"start":{"line":19,"column":15},"end":{"line":19,"column":46}},"22":{"start":{"line":21,"column":14},"end":{"line":21,"column":31}},"23":{"start":{"line":23,"column":15},"end":{"line":23,"column":46}},"24":{"start":{"line":25,"column":14},"end":{"line":25,"column":31}},"25":{"start":{"line":27,"column":15},"end":{"line":27,"column":46}},"26":{"start":{"line":29,"column":39},"end":{"line":29,"column":93}},"27":{"start":{"line":31,"column":33},"end":{"line":31,"column":456}},"28":{"start":{"line":31,"column":64},"end":{"line":31,"column":89}},"29":{"start":{"line":31,"column":91},"end":{"line":31,"column":453}},"30":{"start":{"line":31,"column":165},"end":{"line":31,"column":263}},"31":{"start":{"line":31,"column":182},"end":{"line":31,"column":195}},"32":{"start":{"line":31,"column":209},"end":{"line":31,"column":219}},"33":{"start":{"line":31,"column":239},"end":{"line":31,"column":253}},"34":{"start":{"line":31,"column":254},"end":{"line":31,"column":261}},"35":{"start":{"line":31,"column":264},"end":{"line":31,"column":426}},"36":{"start":{"line":31,"column":281},"end":{"line":31,"column":296}},"37":{"start":{"line":31,"column":306},"end":{"line":31,"column":424}},"38":{"start":{"line":31,"column":360},"end":{"line":31,"column":380}},"39":{"start":{"line":31,"column":401},"end":{"line":31,"column":420}},"40":{"start":{"line":31,"column":429},"end":{"line":31,"column":449}},"41":{"start":{"line":33,"column":50},"end":{"line":33,"column":151}},"42":{"start":{"line":33,"column":92},"end":{"line":33,"column":149}},"43":{"start":{"line":35,"column":0},"end":{"line":35,"column":26}},"44":{"start":{"line":37,"column":18},"end":{"line":39,"column":1}},"45":{"start":{"line":41,"column":9},"end":{"line":211,"column":3}},"46":{"start":{"line":43,"column":20},"end":{"line":43,"column":24}},"47":{"start":{"line":45,"column":8},"end":{"line":45,"column":34}},"48":{"start":{"line":47,"column":8},"end":{"line":47,"column":46}},"49":{"start":{"line":48,"column":8},"end":{"line":61,"column":12}},"50":{"start":{"line":49,"column":12},"end":{"line":60,"column":31}},"51":{"start":{"line":50,"column":16},"end":{"line":59,"column":17}},"52":{"start":{"line":51,"column":20},"end":{"line":58,"column":21}},"53":{"start":{"line":53,"column":28},"end":{"line":53,"column":83}},"54":{"start":{"line":57,"column":28},"end":{"line":57,"column":51}},"55":{"start":{"line":63,"column":8},"end":{"line":63,"column":500}},"56":{"start":{"line":65,"column":8},"end":{"line":65,"column":414}},"57":{"start":{"line":67,"column":8},"end":{"line":67,"column":443}},"58":{"start":{"line":69,"column":30},"end":{"line":73,"column":9}},"59":{"start":{"line":70,"column":12},"end":{"line":72,"column":28}},"60":{"start":{"line":71,"column":16},"end":{"line":71,"column":96}},"61":{"start":{"line":75,"column":23},"end":{"line":77,"column":9}},"62":{"start":{"line":76,"column":12},"end":{"line":76,"column":73}},"63":{"start":{"line":78,"column":19},"end":{"line":78,"column":29}},"64":{"start":{"line":79,"column":30},"end":{"line":79,"column":64}},"65":{"start":{"line":81,"column":8},"end":{"line":81,"column":171}},"66":{"start":{"line":82,"column":8},"end":{"line":82,"column":167}},"67":{"start":{"line":84,"column":8},"end":{"line":84,"column":97}},"68":{"start":{"line":85,"column":8},"end":{"line":85,"column":144}},"69":{"start":{"line":87,"column":8},"end":{"line":87,"column":22}},"70":{"start":{"line":90,"column":4},"end":{"line":208,"column":8}},"71":{"start":{"line":93,"column":24},"end":{"line":142,"column":15}},"72":{"start":{"line":94,"column":27},"end":{"line":94,"column":97}},"73":{"start":{"line":96,"column":16},"end":{"line":141,"column":54}},"74":{"start":{"line":97,"column":20},"end":{"line":140,"column":21}},"75":{"start":{"line":98,"column":24},"end":{"line":139,"column":25}},"76":{"start":{"line":100,"column":32},"end":{"line":100,"column":51}},"77":{"start":{"line":101,"column":32},"end":{"line":101,"column":54}},"78":{"start":{"line":104,"column":32},"end":{"line":104,"column":54}},"79":{"start":{"line":105,"column":32},"end":{"line":105,"column":51}},"80":{"start":{"line":107,"column":32},"end":{"line":110,"column":33}},"81":{"start":{"line":108,"column":36},"end":{"line":108,"column":55}},"82":{"start":{"line":109,"column":36},"end":{"line":109,"column":42}},"83":{"start":{"line":112,"column":32},"end":{"line":112,"column":51}},"84":{"start":{"line":113,"column":32},"end":{"line":113,"column":61}},"85":{"start":{"line":116,"column":32},"end":{"line":116,"column":82}},"86":{"start":{"line":119,"column":32},"end":{"line":119,"column":52}},"87":{"start":{"line":120,"column":32},"end":{"line":120,"column":55}},"88":{"start":{"line":123,"column":32},"end":{"line":123,"column":82}},"89":{"start":{"line":126,"column":32},"end":{"line":126,"column":52}},"90":{"start":{"line":127,"column":32},"end":{"line":127,"column":69}},"91":{"start":{"line":128,"column":32},"end":{"line":128,"column":80}},"92":{"start":{"line":131,"column":32},"end":{"line":131,"column":52}},"93":{"start":{"line":133,"column":32},"end":{"line":133,"column":47}},"94":{"start":{"line":134,"column":32},"end":{"line":134,"column":60}},"95":{"start":{"line":138,"column":32},"end":{"line":138,"column":56}},"96":{"start":{"line":145,"column":16},"end":{"line":145,"column":52}},"97":{"start":{"line":148,"column":12},"end":{"line":148,"column":25}},"98":{"start":{"line":153,"column":24},"end":{"line":200,"column":15}},"99":{"start":{"line":154,"column":29},"end":{"line":154,"column":33}},"100":{"start":{"line":156,"column":16},"end":{"line":199,"column":35}},"101":{"start":{"line":157,"column":20},"end":{"line":198,"column":21}},"102":{"start":{"line":158,"column":24},"end":{"line":197,"column":25}},"103":{"start":{"line":160,"column":32},"end":{"line":160,"column":51}},"104":{"start":{"line":161,"column":32},"end":{"line":161,"column":67}},"105":{"start":{"line":164,"column":32},"end":{"line":164,"column":51}},"106":{"start":{"line":165,"column":32},"end":{"line":165,"column":70}},"107":{"start":{"line":168,"column":32},"end":{"line":168,"column":51}},"108":{"start":{"line":169,"column":32},"end":{"line":169,"column":74}},"109":{"start":{"line":172,"column":32},"end":{"line":172,"column":51}},"110":{"start":{"line":173,"column":32},"end":{"line":182,"column":35}},"111":{"start":{"line":174,"column":36},"end":{"line":181,"column":37}},"112":{"start":{"line":175,"column":40},"end":{"line":175,"column":76}},"113":{"start":{"line":177,"column":40},"end":{"line":180,"column":43}},"114":{"start":{"line":178,"column":44},"end":{"line":178,"column":72}},"115":{"start":{"line":179,"column":44},"end":{"line":179,"column":73}},"116":{"start":{"line":185,"column":32},"end":{"line":185,"column":52}},"117":{"start":{"line":186,"column":32},"end":{"line":188,"column":35}},"118":{"start":{"line":187,"column":36},"end":{"line":187,"column":67}},"119":{"start":{"line":192,"column":32},"end":{"line":192,"column":67}},"120":{"start":{"line":196,"column":32},"end":{"line":196,"column":56}},"121":{"start":{"line":203,"column":16},"end":{"line":203,"column":52}},"122":{"start":{"line":206,"column":12},"end":{"line":206,"column":26}},"123":{"start":{"line":210,"column":4},"end":{"line":210,"column":14}},"124":{"start":{"line":213,"column":0},"end":{"line":213,"column":27}}},"fnMap":{"0":{"name":"(anonymous_0)","decl":{"start":{"line":7,"column":19},"end":{"line":7,"column":20}},"loc":{"start":{"line":7,"column":31},"end":{"line":7,"column":561}},"line":7},"1":{"name":"defineProperties","decl":{"start":{"line":7,"column":42},"end":{"line":7,"column":58}},"loc":{"start":{"line":7,"column":74},"end":{"line":7,"column":349}},"line":7},"2":{"name":"(anonymous_2)","decl":{"start":{"line":7,"column":357},"end":{"line":7,"column":358}},"loc":{"start":{"line":7,"column":405},"end":{"line":7,"column":558}},"line":7},"3":{"name":"_interopRequireDefault","decl":{"start":{"line":29,"column":9},"end":{"line":29,"column":31}},"loc":{"start":{"line":29,"column":37},"end":{"line":29,"column":95}},"line":29},"4":{"name":"_asyncToGenerator","decl":{"start":{"line":31,"column":9},"end":{"line":31,"column":26}},"loc":{"start":{"line":31,"column":31},"end":{"line":31,"column":458}},"line":31},"5":{"name":"(anonymous_5)","decl":{"start":{"line":31,"column":40},"end":{"line":31,"column":41}},"loc":{"start":{"line":31,"column":52},"end":{"line":31,"column":455}},"line":31},"6":{"name":"(anonymous_6)","decl":{"start":{"line":31,"column":110},"end":{"line":31,"column":111}},"loc":{"start":{"line":31,"column":137},"end":{"line":31,"column":451}},"line":31},"7":{"name":"step","decl":{"start":{"line":31,"column":148},"end":{"line":31,"column":152}},"loc":{"start":{"line":31,"column":163},"end":{"line":31,"column":428}},"line":31},"8":{"name":"(anonymous_8)","decl":{"start":{"line":31,"column":341},"end":{"line":31,"column":342}},"loc":{"start":{"line":31,"column":358},"end":{"line":31,"column":382}},"line":31},"9":{"name":"(anonymous_9)","decl":{"start":{"line":31,"column":384},"end":{"line":31,"column":385}},"loc":{"start":{"line":31,"column":399},"end":{"line":31,"column":422}},"line":31},"10":{"name":"_classCallCheck","decl":{"start":{"line":33,"column":9},"end":{"line":33,"column":24}},"loc":{"start":{"line":33,"column":48},"end":{"line":33,"column":153}},"line":33},"11":{"name":"(anonymous_11)","decl":{"start":{"line":41,"column":9},"end":{"line":41,"column":10}},"loc":{"start":{"line":41,"column":21},"end":{"line":211,"column":1}},"line":41},"12":{"name":"Db","decl":{"start":{"line":42,"column":13},"end":{"line":42,"column":15}},"loc":{"start":{"line":42,"column":18},"end":{"line":88,"column":5}},"line":42},"13":{"name":"_callee","decl":{"start":{"line":48,"column":88},"end":{"line":48,"column":95}},"loc":{"start":{"line":48,"column":98},"end":{"line":61,"column":9}},"line":48},"14":{"name":"_callee$","decl":{"start":{"line":49,"column":52},"end":{"line":49,"column":60}},"loc":{"start":{"line":49,"column":71},"end":{"line":60,"column":13}},"line":49},"15":{"name":"encryptPassword","decl":{"start":{"line":69,"column":39},"end":{"line":69,"column":54}},"loc":{"start":{"line":69,"column":71},"end":{"line":73,"column":9}},"line":69},"16":{"name":"makeSalt","decl":{"start":{"line":75,"column":32},"end":{"line":75,"column":40}},"loc":{"start":{"line":75,"column":43},"end":{"line":77,"column":9}},"line":75},"17":{"name":"(anonymous_17)","decl":{"start":{"line":92,"column":15},"end":{"line":92,"column":16}},"loc":{"start":{"line":92,"column":27},"end":{"line":149,"column":9}},"line":92},"18":{"name":"_callee2","decl":{"start":{"line":93,"column":89},"end":{"line":93,"column":97}},"loc":{"start":{"line":93,"column":103},"end":{"line":142,"column":13}},"line":93},"19":{"name":"_callee2$","decl":{"start":{"line":96,"column":56},"end":{"line":96,"column":65}},"loc":{"start":{"line":96,"column":77},"end":{"line":141,"column":17}},"line":96},"20":{"name":"query","decl":{"start":{"line":144,"column":21},"end":{"line":144,"column":26}},"loc":{"start":{"line":144,"column":32},"end":{"line":146,"column":13}},"line":144},"21":{"name":"(anonymous_21)","decl":{"start":{"line":152,"column":15},"end":{"line":152,"column":16}},"loc":{"start":{"line":152,"column":27},"end":{"line":207,"column":9}},"line":152},"22":{"name":"_callee3","decl":{"start":{"line":153,"column":89},"end":{"line":153,"column":97}},"loc":{"start":{"line":153,"column":100},"end":{"line":200,"column":13}},"line":153},"23":{"name":"_callee3$","decl":{"start":{"line":156,"column":56},"end":{"line":156,"column":65}},"loc":{"start":{"line":156,"column":77},"end":{"line":199,"column":17}},"line":156},"24":{"name":"(anonymous_24)","decl":{"start":{"line":173,"column":108},"end":{"line":173,"column":109}},"loc":{"start":{"line":173,"column":126},"end":{"line":182,"column":33}},"line":173},"25":{"name":"(anonymous_25)","decl":{"start":{"line":177,"column":87},"end":{"line":177,"column":88}},"loc":{"start":{"line":177,"column":105},"end":{"line":180,"column":41}},"line":177},"26":{"name":"(anonymous_26)","decl":{"start":{"line":186,"column":88},"end":{"line":186,"column":89}},"loc":{"start":{"line":186,"column":106},"end":{"line":188,"column":33}},"line":186},"27":{"name":"initDb","decl":{"start":{"line":202,"column":21},"end":{"line":202,"column":27}},"loc":{"start":{"line":202,"column":30},"end":{"line":204,"column":13}},"line":202}},"branchMap":{"0":{"loc":{"start":{"line":7,"column":168},"end":{"line":7,"column":198}},"type":"binary-expr","locations":[{"start":{"line":7,"column":168},"end":{"line":7,"column":189}},{"start":{"line":7,"column":193},"end":{"line":7,"column":198}}],"line":7},"1":{"loc":{"start":{"line":7,"column":232},"end":{"line":7,"column":286}},"type":"if","locations":[{"start":{"line":7,"column":232},"end":{"line":7,"column":286}},{"start":{"line":7,"column":232},"end":{"line":7,"column":286}}],"line":7},"2":{"loc":{"start":{"line":7,"column":407},"end":{"line":7,"column":475}},"type":"if","locations":[{"start":{"line":7,"column":407},"end":{"line":7,"column":475}},{"start":{"line":7,"column":407},"end":{"line":7,"column":475}}],"line":7},"3":{"loc":{"start":{"line":7,"column":476},"end":{"line":7,"column":536}},"type":"if","locations":[{"start":{"line":7,"column":476},"end":{"line":7,"column":536}},{"start":{"line":7,"column":476},"end":{"line":7,"column":536}}],"line":7},"4":{"loc":{"start":{"line":29,"column":46},"end":{"line":29,"column":92}},"type":"cond-expr","locations":[{"start":{"line":29,"column":70},"end":{"line":29,"column":73}},{"start":{"line":29,"column":76},"end":{"line":29,"column":92}}],"line":29},"5":{"loc":{"start":{"line":29,"column":46},"end":{"line":29,"column":67}},"type":"binary-expr","locations":[{"start":{"line":29,"column":46},"end":{"line":29,"column":49}},{"start":{"line":29,"column":53},"end":{"line":29,"column":67}}],"line":29},"6":{"loc":{"start":{"line":31,"column":264},"end":{"line":31,"column":426}},"type":"if","locations":[{"start":{"line":31,"column":264},"end":{"line":31,"column":426}},{"start":{"line":31,"column":264},"end":{"line":31,"column":426}}],"line":31},"7":{"loc":{"start":{"line":33,"column":50},"end":{"line":33,"column":151}},"type":"if","locations":[{"start":{"line":33,"column":50},"end":{"line":33,"column":151}},{"start":{"line":33,"column":50},"end":{"line":33,"column":151}}],"line":33},"8":{"loc":{"start":{"line":38,"column":22},"end":{"line":38,"column":107}},"type":"cond-expr","locations":[{"start":{"line":38,"column":56},"end":{"line":38,"column":82}},{"start":{"line":38,"column":85},"end":{"line":38,"column":107}}],"line":38},"9":{"loc":{"start":{"line":51,"column":20},"end":{"line":58,"column":21}},"type":"switch","locations":[{"start":{"line":52,"column":24},"end":{"line":53,"column":83}},{"start":{"line":55,"column":24},"end":{"line":55,"column":31}},{"start":{"line":56,"column":24},"end":{"line":57,"column":51}}],"line":51},"10":{"loc":{"start":{"line":94,"column":27},"end":{"line":94,"column":97}},"type":"cond-expr","locations":[{"start":{"line":94,"column":80},"end":{"line":94,"column":92}},{"start":{"line":94,"column":95},"end":{"line":94,"column":97}}],"line":94},"11":{"loc":{"start":{"line":94,"column":27},"end":{"line":94,"column":77}},"type":"binary-expr","locations":[{"start":{"line":94,"column":27},"end":{"line":94,"column":47}},{"start":{"line":94,"column":51},"end":{"line":94,"column":77}}],"line":94},"12":{"loc":{"start":{"line":98,"column":24},"end":{"line":139,"column":25}},"type":"switch","locations":[{"start":{"line":99,"column":28},"end":{"line":101,"column":54}},{"start":{"line":103,"column":28},"end":{"line":113,"column":61}},{"start":{"line":115,"column":28},"end":{"line":116,"column":82}},{"start":{"line":118,"column":28},"end":{"line":120,"column":55}},{"start":{"line":122,"column":28},"end":{"line":123,"column":82}},{"start":{"line":125,"column":28},"end":{"line":128,"column":80}},{"start":{"line":130,"column":28},"end":{"line":134,"column":60}},{"start":{"line":136,"column":28},"end":{"line":136,"column":36}},{"start":{"line":137,"column":28},"end":{"line":138,"column":56}}],"line":98},"13":{"loc":{"start":{"line":107,"column":32},"end":{"line":110,"column":33}},"type":"if","locations":[{"start":{"line":107,"column":32},"end":{"line":110,"column":33}},{"start":{"line":107,"column":32},"end":{"line":110,"column":33}}],"line":107},"14":{"loc":{"start":{"line":158,"column":24},"end":{"line":197,"column":25}},"type":"switch","locations":[{"start":{"line":159,"column":28},"end":{"line":161,"column":67}},{"start":{"line":163,"column":28},"end":{"line":165,"column":70}},{"start":{"line":167,"column":28},"end":{"line":169,"column":74}},{"start":{"line":171,"column":28},"end":{"line":182,"column":35}},{"start":{"line":184,"column":28},"end":{"line":188,"column":35}},{"start":{"line":190,"column":28},"end":{"line":192,"column":67}},{"start":{"line":194,"column":28},"end":{"line":194,"column":36}},{"start":{"line":195,"column":28},"end":{"line":196,"column":56}}],"line":158},"15":{"loc":{"start":{"line":174,"column":36},"end":{"line":181,"column":37}},"type":"if","locations":[{"start":{"line":174,"column":36},"end":{"line":181,"column":37}},{"start":{"line":174,"column":36},"end":{"line":181,"column":37}}],"line":174}},"s":{"0":1,"1":1,"2":1,"3":1,"4":2,"5":2,"6":2,"7":2,"8":2,"9":2,"10":1,"11":1,"12":1,"13":1,"14":0,"15":1,"16":1,"17":1,"18":1,"19":1,"20":1,"21":1,"22":1,"23":1,"24":1,"25":1,"26":5,"27":3,"28":107,"29":107,"30":216,"31":216,"32":216,"33":0,"34":0,"35":216,"36":105,"37":111,"38":108,"39":1,"40":107,"41":1,"42":0,"43":1,"44":1,"45":1,"46":1,"47":1,"48":1,"49":1,"50":53,"51":106,"52":106,"53":53,"54":53,"55":1,"56":1,"57":1,"58":1,"59":1,"60":1,"61":1,"62":1,"63":1,"64":1,"65":1,"66":1,"67":1,"68":1,"69":1,"70":1,"71":1,"72":53,"73":53,"74":259,"75":301,"76":53,"77":53,"78":53,"79":53,"80":53,"81":42,"82":42,"83":11,"84":11,"85":10,"86":42,"87":42,"88":40,"89":1,"90":1,"91":1,"92":51,"93":51,"94":51,"95":51,"96":53,"97":1,"98":1,"99":1,"100":1,"101":6,"102":6,"103":1,"104":1,"105":1,"106":1,"107":1,"108":1,"109":1,"110":1,"111":1,"112":0,"113":1,"114":1,"115":1,"116":1,"117":1,"118":1,"119":1,"120":1,"121":1,"122":1,"123":1,"124":1},"f":{"0":1,"1":1,"2":1,"3":5,"4":3,"5":107,"6":107,"7":216,"8":108,"9":1,"10":1,"11":1,"12":1,"13":53,"14":106,"15":1,"16":1,"17":1,"18":53,"19":259,"20":53,"21":1,"22":1,"23":6,"24":1,"25":1,"26":1,"27":1},"b":{"0":[2,2],"1":[2,0],"2":[1,0],"3":[0,1],"4":[0,5],"5":[5,5],"6":[105,111],"7":[0,1],"8":[1,0],"9":[53,0,53],"10":[11,42],"11":[53,11],"12":[53,53,10,42,40,1,51,0,51],"13":[42,11],"14":[1,1,1,1,1,1,1,1],"15":[0,1]},"_coverageSchema":"43e27e138ebf9cfc5966b082cf9a028302ed4184","hash":"f6d1362575840f3665af05fd670742feefda5d12","contentHash":"e90f80272a23af6c0f3ed1530e49210c9c31aa1886fa105798087ffb4e1d70e8"},"/home/Projects/banka/server/controllers/accounts.js":{"path":"/home/Projects/banka/server/controllers/accounts.js","statementMap":{"0":{"start":{"line":3,"column":0},"end":{"line":5,"column":3}},"1":{"start":{"line":7,"column":19},"end":{"line":7,"column":563}},"2":{"start":{"line":7,"column":76},"end":{"line":7,"column":347}},"3":{"start":{"line":7,"column":89},"end":{"line":7,"column":90}},"4":{"start":{"line":7,"column":134},"end":{"line":7,"column":142}},"5":{"start":{"line":7,"column":144},"end":{"line":7,"column":199}},"6":{"start":{"line":7,"column":200},"end":{"line":7,"column":231}},"7":{"start":{"line":7,"column":232},"end":{"line":7,"column":286}},"8":{"start":{"line":7,"column":259},"end":{"line":7,"column":286}},"9":{"start":{"line":7,"column":287},"end":{"line":7,"column":345}},"10":{"start":{"line":7,"column":350},"end":{"line":7,"column":559}},"11":{"start":{"line":7,"column":407},"end":{"line":7,"column":475}},"12":{"start":{"line":7,"column":423},"end":{"line":7,"column":475}},"13":{"start":{"line":7,"column":476},"end":{"line":7,"column":536}},"14":{"start":{"line":7,"column":493},"end":{"line":7,"column":536}},"15":{"start":{"line":7,"column":537},"end":{"line":7,"column":556}},"16":{"start":{"line":9,"column":13},"end":{"line":9,"column":37}},"17":{"start":{"line":11,"column":14},"end":{"line":11,"column":44}},"18":{"start":{"line":13,"column":14},"end":{"line":13,"column":43}},"19":{"start":{"line":15,"column":15},"end":{"line":15,"column":46}},"20":{"start":{"line":17,"column":14},"end":{"line":17,"column":31}},"21":{"start":{"line":19,"column":15},"end":{"line":19,"column":46}},"22":{"start":{"line":21,"column":39},"end":{"line":21,"column":93}},"23":{"start":{"line":23,"column":50},"end":{"line":23,"column":151}},"24":{"start":{"line":23,"column":92},"end":{"line":23,"column":149}},"25":{"start":{"line":25,"column":24},"end":{"line":255,"column":3}},"26":{"start":{"line":27,"column":8},"end":{"line":27,"column":49}},"27":{"start":{"line":30,"column":4},"end":{"line":252,"column":8}},"28":{"start":{"line":33,"column":28},"end":{"line":35,"column":13}},"29":{"start":{"line":34,"column":16},"end":{"line":34,"column":70}},"30":{"start":{"line":36,"column":24},"end":{"line":36,"column":42}},"31":{"start":{"line":37,"column":23},"end":{"line":37,"column":36}},"32":{"start":{"line":40,"column":23},"end":{"line":40,"column":74}},"33":{"start":{"line":42,"column":12},"end":{"line":69,"column":15}},"34":{"start":{"line":43,"column":16},"end":{"line":68,"column":17}},"35":{"start":{"line":44,"column":20},"end":{"line":44,"column":54}},"36":{"start":{"line":45,"column":40},"end":{"line":45,"column":69}},"37":{"start":{"line":46,"column":35},"end":{"line":46,"column":45}},"38":{"start":{"line":47,"column":33},"end":{"line":47,"column":42}},"39":{"start":{"line":48,"column":34},"end":{"line":48,"column":35}},"40":{"start":{"line":49,"column":32},"end":{"line":49,"column":49}},"41":{"start":{"line":50,"column":35},"end":{"line":50,"column":104}},"42":{"start":{"line":51,"column":20},"end":{"line":51,"column":42}},"43":{"start":{"line":52,"column":30},"end":{"line":52,"column":145}},"44":{"start":{"line":53,"column":20},"end":{"line":62,"column":23}},"45":{"start":{"line":54,"column":24},"end":{"line":54,"column":49}},"46":{"start":{"line":55,"column":24},"end":{"line":61,"column":27}},"47":{"start":{"line":64,"column":20},"end":{"line":67,"column":23}},"48":{"start":{"line":74,"column":32},"end":{"line":74,"column":56}},"49":{"start":{"line":76,"column":22},"end":{"line":76,"column":45}},"50":{"start":{"line":77,"column":25},"end":{"line":77,"column":40}},"51":{"start":{"line":79,"column":24},"end":{"line":79,"column":84}},"52":{"start":{"line":80,"column":12},"end":{"line":119,"column":15}},"53":{"start":{"line":81,"column":16},"end":{"line":81,"column":41}},"54":{"start":{"line":82,"column":16},"end":{"line":113,"column":17}},"55":{"start":{"line":83,"column":20},"end":{"line":107,"column":21}},"56":{"start":{"line":84,"column":24},"end":{"line":87,"column":27}},"57":{"start":{"line":89,"column":34},"end":{"line":89,"column":129}},"58":{"start":{"line":90,"column":24},"end":{"line":106,"column":27}},"59":{"start":{"line":91,"column":28},"end":{"line":91,"column":53}},"60":{"start":{"line":92,"column":28},"end":{"line":105,"column":29}},"61":{"start":{"line":93,"column":32},"end":{"line":99,"column":35}},"62":{"start":{"line":101,"column":32},"end":{"line":104,"column":35}},"63":{"start":{"line":109,"column":20},"end":{"line":112,"column":23}},"64":{"start":{"line":115,"column":16},"end":{"line":118,"column":19}},"65":{"start":{"line":124,"column":32},"end":{"line":124,"column":56}},"66":{"start":{"line":126,"column":22},"end":{"line":126,"column":45}},"67":{"start":{"line":127,"column":24},"end":{"line":127,"column":84}},"68":{"start":{"line":128,"column":12},"end":{"line":156,"column":15}},"69":{"start":{"line":129,"column":16},"end":{"line":155,"column":17}},"70":{"start":{"line":130,"column":30},"end":{"line":130,"column":100}},"71":{"start":{"line":131,"column":20},"end":{"line":149,"column":23}},"72":{"start":{"line":132,"column":24},"end":{"line":132,"column":49}},"73":{"start":{"line":133,"column":24},"end":{"line":143,"column":25}},"74":{"start":{"line":134,"column":28},"end":{"line":137,"column":31}},"75":{"start":{"line":139,"column":28},"end":{"line":142,"column":31}},"76":{"start":{"line":145,"column":24},"end":{"line":148,"column":27}},"77":{"start":{"line":151,"column":20},"end":{"line":154,"column":23}},"78":{"start":{"line":161,"column":24},"end":{"line":161,"column":40}},"79":{"start":{"line":163,"column":25},"end":{"line":163,"column":78}},"80":{"start":{"line":164,"column":12},"end":{"line":187,"column":15}},"81":{"start":{"line":165,"column":16},"end":{"line":186,"column":17}},"82":{"start":{"line":166,"column":32},"end":{"line":166,"column":49}},"83":{"start":{"line":167,"column":33},"end":{"line":167,"column":87}},"84":{"start":{"line":168,"column":20},"end":{"line":180,"column":23}},"85":{"start":{"line":169,"column":24},"end":{"line":179,"column":25}},"86":{"start":{"line":170,"column":28},"end":{"line":173,"column":31}},"87":{"start":{"line":175,"column":28},"end":{"line":178,"column":31}},"88":{"start":{"line":182,"column":20},"end":{"line":185,"column":23}},"89":{"start":{"line":192,"column":25},"end":{"line":192,"column":41}},"90":{"start":{"line":194,"column":12},"end":{"line":224,"column":13}},"91":{"start":{"line":195,"column":16},"end":{"line":195,"column":36}},"92":{"start":{"line":196,"column":16},"end":{"line":209,"column":19}},"93":{"start":{"line":197,"column":20},"end":{"line":208,"column":21}},"94":{"start":{"line":198,"column":24},"end":{"line":198,"column":49}},"95":{"start":{"line":199,"column":24},"end":{"line":202,"column":27}},"96":{"start":{"line":204,"column":24},"end":{"line":207,"column":27}},"97":{"start":{"line":211,"column":16},"end":{"line":223,"column":19}},"98":{"start":{"line":212,"column":20},"end":{"line":222,"column":21}},"99":{"start":{"line":213,"column":24},"end":{"line":216,"column":27}},"100":{"start":{"line":218,"column":24},"end":{"line":221,"column":27}},"101":{"start":{"line":229,"column":24},"end":{"line":229,"column":42}},"102":{"start":{"line":231,"column":25},"end":{"line":231,"column":78}},"103":{"start":{"line":232,"column":12},"end":{"line":250,"column":15}},"104":{"start":{"line":233,"column":16},"end":{"line":249,"column":17}},"105":{"start":{"line":234,"column":32},"end":{"line":234,"column":49}},"106":{"start":{"line":235,"column":33},"end":{"line":235,"column":87}},"107":{"start":{"line":236,"column":20},"end":{"line":248,"column":23}},"108":{"start":{"line":237,"column":24},"end":{"line":247,"column":25}},"109":{"start":{"line":238,"column":28},"end":{"line":241,"column":31}},"110":{"start":{"line":243,"column":28},"end":{"line":246,"column":31}},"111":{"start":{"line":254,"column":4},"end":{"line":254,"column":29}},"112":{"start":{"line":257,"column":14},"end":{"line":257,"column":37}},"113":{"start":{"line":258,"column":0},"end":{"line":258,"column":26}}},"fnMap":{"0":{"name":"(anonymous_0)","decl":{"start":{"line":7,"column":19},"end":{"line":7,"column":20}},"loc":{"start":{"line":7,"column":31},"end":{"line":7,"column":561}},"line":7},"1":{"name":"defineProperties","decl":{"start":{"line":7,"column":42},"end":{"line":7,"column":58}},"loc":{"start":{"line":7,"column":74},"end":{"line":7,"column":349}},"line":7},"2":{"name":"(anonymous_2)","decl":{"start":{"line":7,"column":357},"end":{"line":7,"column":358}},"loc":{"start":{"line":7,"column":405},"end":{"line":7,"column":558}},"line":7},"3":{"name":"_interopRequireDefault","decl":{"start":{"line":21,"column":9},"end":{"line":21,"column":31}},"loc":{"start":{"line":21,"column":37},"end":{"line":21,"column":95}},"line":21},"4":{"name":"_classCallCheck","decl":{"start":{"line":23,"column":9},"end":{"line":23,"column":24}},"loc":{"start":{"line":23,"column":48},"end":{"line":23,"column":153}},"line":23},"5":{"name":"(anonymous_5)","decl":{"start":{"line":25,"column":24},"end":{"line":25,"column":25}},"loc":{"start":{"line":25,"column":36},"end":{"line":255,"column":1}},"line":25},"6":{"name":"AccountController","decl":{"start":{"line":26,"column":13},"end":{"line":26,"column":30}},"loc":{"start":{"line":26,"column":33},"end":{"line":28,"column":5}},"line":26},"7":{"name":"create","decl":{"start":{"line":32,"column":24},"end":{"line":32,"column":30}},"loc":{"start":{"line":32,"column":41},"end":{"line":70,"column":9}},"line":32},"8":{"name":"randomInt","decl":{"start":{"line":33,"column":37},"end":{"line":33,"column":46}},"loc":{"start":{"line":33,"column":58},"end":{"line":35,"column":13}},"line":33},"9":{"name":"(anonymous_9)","decl":{"start":{"line":42,"column":45},"end":{"line":42,"column":46}},"loc":{"start":{"line":42,"column":63},"end":{"line":69,"column":13}},"line":42},"10":{"name":"(anonymous_10)","decl":{"start":{"line":53,"column":62},"end":{"line":53,"column":63}},"loc":{"start":{"line":53,"column":80},"end":{"line":62,"column":21}},"line":53},"11":{"name":"activateOrDeactivate","decl":{"start":{"line":73,"column":24},"end":{"line":73,"column":44}},"loc":{"start":{"line":73,"column":55},"end":{"line":120,"column":9}},"line":73},"12":{"name":"(anonymous_12)","decl":{"start":{"line":80,"column":46},"end":{"line":80,"column":47}},"loc":{"start":{"line":80,"column":64},"end":{"line":114,"column":13}},"line":80},"13":{"name":"(anonymous_13)","decl":{"start":{"line":90,"column":56},"end":{"line":90,"column":57}},"loc":{"start":{"line":90,"column":74},"end":{"line":106,"column":25}},"line":90},"14":{"name":"(anonymous_14)","decl":{"start":{"line":114,"column":21},"end":{"line":114,"column":22}},"loc":{"start":{"line":114,"column":38},"end":{"line":119,"column":13}},"line":114},"15":{"name":"deleteAccount","decl":{"start":{"line":123,"column":24},"end":{"line":123,"column":37}},"loc":{"start":{"line":123,"column":48},"end":{"line":157,"column":9}},"line":123},"16":{"name":"(anonymous_16)","decl":{"start":{"line":128,"column":46},"end":{"line":128,"column":47}},"loc":{"start":{"line":128,"column":64},"end":{"line":156,"column":13}},"line":128},"17":{"name":"(anonymous_17)","decl":{"start":{"line":131,"column":52},"end":{"line":131,"column":53}},"loc":{"start":{"line":131,"column":70},"end":{"line":144,"column":21}},"line":131},"18":{"name":"(anonymous_18)","decl":{"start":{"line":144,"column":29},"end":{"line":144,"column":30}},"loc":{"start":{"line":144,"column":46},"end":{"line":149,"column":21}},"line":144},"19":{"name":"viewAccounts","decl":{"start":{"line":160,"column":24},"end":{"line":160,"column":36}},"loc":{"start":{"line":160,"column":47},"end":{"line":188,"column":9}},"line":160},"20":{"name":"(anonymous_20)","decl":{"start":{"line":164,"column":47},"end":{"line":164,"column":48}},"loc":{"start":{"line":164,"column":65},"end":{"line":187,"column":13}},"line":164},"21":{"name":"(anonymous_21)","decl":{"start":{"line":168,"column":55},"end":{"line":168,"column":56}},"loc":{"start":{"line":168,"column":73},"end":{"line":180,"column":21}},"line":168},"22":{"name":"getAll","decl":{"start":{"line":191,"column":24},"end":{"line":191,"column":30}},"loc":{"start":{"line":191,"column":41},"end":{"line":225,"column":9}},"line":191},"23":{"name":"(anonymous_23)","decl":{"start":{"line":196,"column":101},"end":{"line":196,"column":102}},"loc":{"start":{"line":196,"column":119},"end":{"line":209,"column":17}},"line":196},"24":{"name":"(anonymous_24)","decl":{"start":{"line":211,"column":69},"end":{"line":211,"column":70}},"loc":{"start":{"line":211,"column":87},"end":{"line":223,"column":17}},"line":211},"25":{"name":"viewUserAccounts","decl":{"start":{"line":228,"column":24},"end":{"line":228,"column":40}},"loc":{"start":{"line":228,"column":51},"end":{"line":251,"column":9}},"line":228},"26":{"name":"(anonymous_26)","decl":{"start":{"line":232,"column":47},"end":{"line":232,"column":48}},"loc":{"start":{"line":232,"column":65},"end":{"line":250,"column":13}},"line":232},"27":{"name":"(anonymous_27)","decl":{"start":{"line":236,"column":55},"end":{"line":236,"column":56}},"loc":{"start":{"line":236,"column":73},"end":{"line":248,"column":21}},"line":236}},"branchMap":{"0":{"loc":{"start":{"line":7,"column":168},"end":{"line":7,"column":198}},"type":"binary-expr","locations":[{"start":{"line":7,"column":168},"end":{"line":7,"column":189}},{"start":{"line":7,"column":193},"end":{"line":7,"column":198}}],"line":7},"1":{"loc":{"start":{"line":7,"column":232},"end":{"line":7,"column":286}},"type":"if","locations":[{"start":{"line":7,"column":232},"end":{"line":7,"column":286}},{"start":{"line":7,"column":232},"end":{"line":7,"column":286}}],"line":7},"2":{"loc":{"start":{"line":7,"column":407},"end":{"line":7,"column":475}},"type":"if","locations":[{"start":{"line":7,"column":407},"end":{"line":7,"column":475}},{"start":{"line":7,"column":407},"end":{"line":7,"column":475}}],"line":7},"3":{"loc":{"start":{"line":7,"column":476},"end":{"line":7,"column":536}},"type":"if","locations":[{"start":{"line":7,"column":476},"end":{"line":7,"column":536}},{"start":{"line":7,"column":476},"end":{"line":7,"column":536}}],"line":7},"4":{"loc":{"start":{"line":21,"column":46},"end":{"line":21,"column":92}},"type":"cond-expr","locations":[{"start":{"line":21,"column":70},"end":{"line":21,"column":73}},{"start":{"line":21,"column":76},"end":{"line":21,"column":92}}],"line":21},"5":{"loc":{"start":{"line":21,"column":46},"end":{"line":21,"column":67}},"type":"binary-expr","locations":[{"start":{"line":21,"column":46},"end":{"line":21,"column":49}},{"start":{"line":21,"column":53},"end":{"line":21,"column":67}}],"line":21},"6":{"loc":{"start":{"line":23,"column":50},"end":{"line":23,"column":151}},"type":"if","locations":[{"start":{"line":23,"column":50},"end":{"line":23,"column":151}},{"start":{"line":23,"column":50},"end":{"line":23,"column":151}}],"line":23},"7":{"loc":{"start":{"line":43,"column":16},"end":{"line":68,"column":17}},"type":"if","locations":[{"start":{"line":43,"column":16},"end":{"line":68,"column":17}},{"start":{"line":43,"column":16},"end":{"line":68,"column":17}}],"line":43},"8":{"loc":{"start":{"line":82,"column":16},"end":{"line":113,"column":17}},"type":"if","locations":[{"start":{"line":82,"column":16},"end":{"line":113,"column":17}},{"start":{"line":82,"column":16},"end":{"line":113,"column":17}}],"line":82},"9":{"loc":{"start":{"line":83,"column":20},"end":{"line":107,"column":21}},"type":"if","locations":[{"start":{"line":83,"column":20},"end":{"line":107,"column":21}},{"start":{"line":83,"column":20},"end":{"line":107,"column":21}}],"line":83},"10":{"loc":{"start":{"line":92,"column":28},"end":{"line":105,"column":29}},"type":"if","locations":[{"start":{"line":92,"column":28},"end":{"line":105,"column":29}},{"start":{"line":92,"column":28},"end":{"line":105,"column":29}}],"line":92},"11":{"loc":{"start":{"line":129,"column":16},"end":{"line":155,"column":17}},"type":"if","locations":[{"start":{"line":129,"column":16},"end":{"line":155,"column":17}},{"start":{"line":129,"column":16},"end":{"line":155,"column":17}}],"line":129},"12":{"loc":{"start":{"line":133,"column":24},"end":{"line":143,"column":25}},"type":"if","locations":[{"start":{"line":133,"column":24},"end":{"line":143,"column":25}},{"start":{"line":133,"column":24},"end":{"line":143,"column":25}}],"line":133},"13":{"loc":{"start":{"line":165,"column":16},"end":{"line":186,"column":17}},"type":"if","locations":[{"start":{"line":165,"column":16},"end":{"line":186,"column":17}},{"start":{"line":165,"column":16},"end":{"line":186,"column":17}}],"line":165},"14":{"loc":{"start":{"line":169,"column":24},"end":{"line":179,"column":25}},"type":"if","locations":[{"start":{"line":169,"column":24},"end":{"line":179,"column":25}},{"start":{"line":169,"column":24},"end":{"line":179,"column":25}}],"line":169},"15":{"loc":{"start":{"line":194,"column":12},"end":{"line":224,"column":13}},"type":"if","locations":[{"start":{"line":194,"column":12},"end":{"line":224,"column":13}},{"start":{"line":194,"column":12},"end":{"line":224,"column":13}}],"line":194},"16":{"loc":{"start":{"line":194,"column":16},"end":{"line":194,"column":59}},"type":"binary-expr","locations":[{"start":{"line":194,"column":16},"end":{"line":194,"column":36}},{"start":{"line":194,"column":40},"end":{"line":194,"column":59}}],"line":194},"17":{"loc":{"start":{"line":197,"column":20},"end":{"line":208,"column":21}},"type":"if","locations":[{"start":{"line":197,"column":20},"end":{"line":208,"column":21}},{"start":{"line":197,"column":20},"end":{"line":208,"column":21}}],"line":197},"18":{"loc":{"start":{"line":212,"column":20},"end":{"line":222,"column":21}},"type":"if","locations":[{"start":{"line":212,"column":20},"end":{"line":222,"column":21}},{"start":{"line":212,"column":20},"end":{"line":222,"column":21}}],"line":212},"19":{"loc":{"start":{"line":233,"column":16},"end":{"line":249,"column":17}},"type":"if","locations":[{"start":{"line":233,"column":16},"end":{"line":249,"column":17}},{"start":{"line":233,"column":16},"end":{"line":249,"column":17}}],"line":233},"20":{"loc":{"start":{"line":237,"column":24},"end":{"line":247,"column":25}},"type":"if","locations":[{"start":{"line":237,"column":24},"end":{"line":247,"column":25}},{"start":{"line":237,"column":24},"end":{"line":247,"column":25}}],"line":237}},"s":{"0":1,"1":1,"2":1,"3":1,"4":6,"5":6,"6":6,"7":6,"8":6,"9":6,"10":1,"11":1,"12":1,"13":1,"14":0,"15":1,"16":1,"17":1,"18":1,"19":1,"20":1,"21":1,"22":3,"23":1,"24":0,"25":1,"26":1,"27":1,"28":2,"29":2,"30":2,"31":2,"32":2,"33":2,"34":2,"35":2,"36":2,"37":2,"38":2,"39":2,"40":2,"41":2,"42":2,"43":2,"44":2,"45":2,"46":2,"47":0,"48":0,"49":0,"50":0,"51":0,"52":0,"53":0,"54":0,"55":0,"56":0,"57":0,"58":0,"59":0,"60":0,"61":0,"62":0,"63":0,"64":0,"65":0,"66":0,"67":0,"68":0,"69":0,"70":0,"71":0,"72":0,"73":0,"74":0,"75":0,"76":0,"77":0,"78":3,"79":3,"80":3,"81":3,"82":2,"83":2,"84":2,"85":2,"86":1,"87":1,"88":1,"89":2,"90":2,"91":1,"92":1,"93":1,"94":1,"95":1,"96":0,"97":1,"98":1,"99":1,"100":0,"101":3,"102":3,"103":3,"104":3,"105":3,"106":3,"107":3,"108":3,"109":3,"110":0,"111":1,"112":1,"113":1},"f":{"0":1,"1":1,"2":1,"3":3,"4":1,"5":1,"6":1,"7":2,"8":2,"9":2,"10":2,"11":0,"12":0,"13":0,"14":0,"15":0,"16":0,"17":0,"18":0,"19":3,"20":3,"21":2,"22":2,"23":1,"24":1,"25":3,"26":3,"27":3},"b":{"0":[6,6],"1":[6,0],"2":[1,0],"3":[0,1],"4":[1,2],"5":[3,3],"6":[0,1],"7":[2,0],"8":[0,0],"9":[0,0],"10":[0,0],"11":[0,0],"12":[0,0],"13":[2,1],"14":[1,1],"15":[1,1],"16":[2,2],"17":[1,0],"18":[1,0],"19":[3,0],"20":[3,0]},"_coverageSchema":"43e27e138ebf9cfc5966b082cf9a028302ed4184","hash":"72e223307c367ad4255774d5b2130609c845414a","contentHash":"4f439a857d25e16d6ed27818ebb282e448406c6962f275c980d12c69bbb74a9b"},"/home/Projects/banka/server/controllers/transactions.js":{"path":"/home/Projects/banka/server/controllers/transactions.js","statementMap":{"0":{"start":{"line":3,"column":0},"end":{"line":5,"column":3}},"1":{"start":{"line":7,"column":19},"end":{"line":7,"column":563}},"2":{"start":{"line":7,"column":76},"end":{"line":7,"column":347}},"3":{"start":{"line":7,"column":89},"end":{"line":7,"column":90}},"4":{"start":{"line":7,"column":134},"end":{"line":7,"column":142}},"5":{"start":{"line":7,"column":144},"end":{"line":7,"column":199}},"6":{"start":{"line":7,"column":200},"end":{"line":7,"column":231}},"7":{"start":{"line":7,"column":232},"end":{"line":7,"column":286}},"8":{"start":{"line":7,"column":259},"end":{"line":7,"column":286}},"9":{"start":{"line":7,"column":287},"end":{"line":7,"column":345}},"10":{"start":{"line":7,"column":350},"end":{"line":7,"column":559}},"11":{"start":{"line":7,"column":407},"end":{"line":7,"column":475}},"12":{"start":{"line":7,"column":423},"end":{"line":7,"column":475}},"13":{"start":{"line":7,"column":476},"end":{"line":7,"column":536}},"14":{"start":{"line":7,"column":493},"end":{"line":7,"column":536}},"15":{"start":{"line":7,"column":537},"end":{"line":7,"column":556}},"16":{"start":{"line":9,"column":13},"end":{"line":9,"column":37}},"17":{"start":{"line":11,"column":14},"end":{"line":11,"column":44}},"18":{"start":{"line":13,"column":14},"end":{"line":13,"column":31}},"19":{"start":{"line":15,"column":15},"end":{"line":15,"column":46}},"20":{"start":{"line":17,"column":39},"end":{"line":17,"column":93}},"21":{"start":{"line":19,"column":50},"end":{"line":19,"column":151}},"22":{"start":{"line":19,"column":92},"end":{"line":19,"column":149}},"23":{"start":{"line":21,"column":29},"end":{"line":233,"column":3}},"24":{"start":{"line":23,"column":8},"end":{"line":23,"column":54}},"25":{"start":{"line":26,"column":4},"end":{"line":230,"column":8}},"26":{"start":{"line":29,"column":24},"end":{"line":29,"column":48}},"27":{"start":{"line":30,"column":25},"end":{"line":30,"column":40}},"28":{"start":{"line":31,"column":32},"end":{"line":31,"column":56}},"29":{"start":{"line":33,"column":30},"end":{"line":33,"column":48}},"30":{"start":{"line":34,"column":27},"end":{"line":34,"column":50}},"31":{"start":{"line":35,"column":25},"end":{"line":35,"column":97}},"32":{"start":{"line":36,"column":12},"end":{"line":81,"column":15}},"33":{"start":{"line":37,"column":16},"end":{"line":80,"column":17}},"34":{"start":{"line":38,"column":33},"end":{"line":38,"column":98}},"35":{"start":{"line":39,"column":20},"end":{"line":74,"column":23}},"36":{"start":{"line":40,"column":24},"end":{"line":73,"column":25}},"37":{"start":{"line":41,"column":28},"end":{"line":67,"column":29}},"38":{"start":{"line":42,"column":49},"end":{"line":42,"column":97}},"39":{"start":{"line":43,"column":42},"end":{"line":43,"column":135}},"40":{"start":{"line":44,"column":32},"end":{"line":46,"column":35}},"41":{"start":{"line":45,"column":36},"end":{"line":45,"column":61}},"42":{"start":{"line":47,"column":47},"end":{"line":47,"column":192}},"43":{"start":{"line":48,"column":45},"end":{"line":48,"column":179}},"44":{"start":{"line":49,"column":32},"end":{"line":61,"column":35}},"45":{"start":{"line":50,"column":36},"end":{"line":50,"column":61}},"46":{"start":{"line":51,"column":36},"end":{"line":60,"column":39}},"47":{"start":{"line":63,"column":32},"end":{"line":66,"column":35}},"48":{"start":{"line":69,"column":28},"end":{"line":72,"column":31}},"49":{"start":{"line":76,"column":20},"end":{"line":79,"column":23}},"50":{"start":{"line":86,"column":24},"end":{"line":86,"column":48}},"51":{"start":{"line":87,"column":25},"end":{"line":87,"column":40}},"52":{"start":{"line":88,"column":32},"end":{"line":88,"column":56}},"53":{"start":{"line":90,"column":30},"end":{"line":90,"column":48}},"54":{"start":{"line":91,"column":27},"end":{"line":91,"column":50}},"55":{"start":{"line":92,"column":25},"end":{"line":92,"column":97}},"56":{"start":{"line":93,"column":12},"end":{"line":136,"column":15}},"57":{"start":{"line":94,"column":16},"end":{"line":130,"column":17}},"58":{"start":{"line":95,"column":33},"end":{"line":95,"column":98}},"59":{"start":{"line":96,"column":20},"end":{"line":124,"column":23}},"60":{"start":{"line":97,"column":24},"end":{"line":123,"column":25}},"61":{"start":{"line":98,"column":45},"end":{"line":98,"column":93}},"62":{"start":{"line":99,"column":38},"end":{"line":99,"column":131}},"63":{"start":{"line":100,"column":28},"end":{"line":102,"column":31}},"64":{"start":{"line":101,"column":32},"end":{"line":101,"column":57}},"65":{"start":{"line":103,"column":43},"end":{"line":103,"column":189}},"66":{"start":{"line":104,"column":41},"end":{"line":104,"column":175}},"67":{"start":{"line":105,"column":28},"end":{"line":117,"column":31}},"68":{"start":{"line":106,"column":32},"end":{"line":106,"column":57}},"69":{"start":{"line":107,"column":32},"end":{"line":116,"column":35}},"70":{"start":{"line":119,"column":28},"end":{"line":122,"column":31}},"71":{"start":{"line":126,"column":20},"end":{"line":129,"column":23}},"72":{"start":{"line":132,"column":16},"end":{"line":135,"column":19}},"73":{"start":{"line":141,"column":32},"end":{"line":141,"column":56}},"74":{"start":{"line":142,"column":24},"end":{"line":142,"column":38}},"75":{"start":{"line":144,"column":27},"end":{"line":144,"column":50}},"76":{"start":{"line":145,"column":25},"end":{"line":145,"column":76}},"77":{"start":{"line":146,"column":12},"end":{"line":193,"column":15}},"78":{"start":{"line":147,"column":16},"end":{"line":147,"column":41}},"79":{"start":{"line":148,"column":16},"end":{"line":187,"column":17}},"80":{"start":{"line":149,"column":32},"end":{"line":149,"column":49}},"81":{"start":{"line":150,"column":32},"end":{"line":150,"column":54}},"82":{"start":{"line":151,"column":33},"end":{"line":151,"column":98}},"83":{"start":{"line":152,"column":20},"end":{"line":186,"column":23}},"84":{"start":{"line":153,"column":24},"end":{"line":180,"column":25}},"85":{"start":{"line":154,"column":28},"end":{"line":179,"column":29}},"86":{"start":{"line":155,"column":45},"end":{"line":155,"column":134}},"87":{"start":{"line":156,"column":32},"end":{"line":163,"column":35}},"88":{"start":{"line":157,"column":36},"end":{"line":162,"column":37}},"89":{"start":{"line":158,"column":40},"end":{"line":161,"column":43}},"90":{"start":{"line":164,"column":35},"end":{"line":179,"column":29}},"91":{"start":{"line":165,"column":45},"end":{"line":165,"column":114}},"92":{"start":{"line":166,"column":32},"end":{"line":173,"column":35}},"93":{"start":{"line":167,"column":36},"end":{"line":172,"column":37}},"94":{"start":{"line":168,"column":40},"end":{"line":171,"column":43}},"95":{"start":{"line":175,"column":32},"end":{"line":178,"column":35}},"96":{"start":{"line":182,"column":24},"end":{"line":185,"column":27}},"97":{"start":{"line":189,"column":16},"end":{"line":192,"column":19}},"98":{"start":{"line":198,"column":21},"end":{"line":198,"column":34}},"99":{"start":{"line":201,"column":32},"end":{"line":201,"column":44}},"100":{"start":{"line":202,"column":24},"end":{"line":202,"column":89}},"101":{"start":{"line":203,"column":12},"end":{"line":228,"colum
[...]
":54,"column":132},"end":{"line":54,"column":150}}],"line":54},"9":{"loc":{"start":{"line":63,"column":12},"end":{"line":67,"column":13}},"type":"if","locations":[{"start":{"line":63,"column":12},"end":{"line":67,"column":13}},{"start":{"line":63,"column":12},"end":{"line":67,"column":13}}],"line":63},"10":{"loc":{"start":{"line":63,"column":16},"end":{"line":63,"column":75}},"type":"binary-expr","locations":[{"start":{"line":63,"column":16},"end":{"line":63,"column":32}},{"start":{"line":63,"column":36},"end":{"line":63,"column":54}},{"start":{"line":63,"column":58},"end":{"line":63,"column":75}}],"line":63}},"s":{"0":1,"1":1,"2":1,"3":1,"4":7,"5":7,"6":7,"7":7,"8":7,"9":7,"10":1,"11":1,"12":1,"13":1,"14":0,"15":1,"16":1,"17":1,"18":0,"19":1,"20":1,"21":1,"22":25,"23":18,"24":7,"25":6,"26":4,"27":2,"28":35,"29":2,"30":1,"31":1,"32":10,"33":8,"34":2,"35":1,"36":1,"37":1},"f":{"0":1,"1":1,"2":1,"3":1,"4":1,"5":1,"6":25,"7":18,"8":7,"9":6,"10":35,"11":2,"12":10},"b":{"0":[7,7],"1":[7,0],"2":[1,0],"3":[0,1],"4":[0,1],"5":[4,2],"6":[6,4],"7":[1,1],"8":[2,2,1,1,1,1],"9":[8,2],"10":[10,7,3]},"_coverageSchema":"43e27e138ebf9cfc5966b082cf9a028302ed4184","hash":"60e8c67f2140eee6e9787c62620dae679765b1d7","contentHash":"94ca4d766375eb42ccb10ecee08ae90d147d1f678f1b97725b52f6df246ab287"},"/home/Projects/banka/server/middlewares/accounts.js":{"path":"/home/Projects/banka/server/middlewares/accounts.js","statementMap":{"0":{"start":{"line":3,"column":0},"end":{"line":5,"column":3}},"1":{"start":{"line":7,"column":19},"end":{"line":7,"column":563}},"2":{"start":{"line":7,"column":76},"end":{"line":7,"column":347}},"3":{"start":{"line":7,"column":89},"end":{"line":7,"column":90}},"4":{"start":{"line":7,"column":134},"end":{"line":7,"column":142}},"5":{"start":{"line":7,"column":144},"end":{"line":7,"column":199}},"6":{"start":{"line":7,"column":200},"end":{"line":7,"column":231}},"7":{"start":{"line":7,"column":232},"end":{"line":7,"column":286}},"8":{"start":{"line":7,"column":259},"end":{"line":7,"column":286}},"9":{"start":{"line":7,"column":287},"end":{"line":7,"column":345}},"10":{"start":{"line":7,"column":350},"end":{"line":7,"column":559}},"11":{"start":{"line":7,"column":407},"end":{"line":7,"column":475}},"12":{"start":{"line":7,"column":423},"end":{"line":7,"column":475}},"13":{"start":{"line":7,"column":476},"end":{"line":7,"column":536}},"14":{"start":{"line":7,"column":493},"end":{"line":7,"column":536}},"15":{"start":{"line":7,"column":537},"end":{"line":7,"column":556}},"16":{"start":{"line":9,"column":19},"end":{"line":9,"column":58}},"17":{"start":{"line":11,"column":20},"end":{"line":11,"column":56}},"18":{"start":{"line":13,"column":39},"end":{"line":13,"column":93}},"19":{"start":{"line":15,"column":50},"end":{"line":15,"column":151}},"20":{"start":{"line":15,"column":92},"end":{"line":15,"column":149}},"21":{"start":{"line":17,"column":22},"end":{"line":71,"column":3}},"22":{"start":{"line":19,"column":8},"end":{"line":19,"column":47}},"23":{"start":{"line":22,"column":4},"end":{"line":68,"column":8}},"24":{"start":{"line":25,"column":12},"end":{"line":37,"column":13}},"25":{"start":{"line":26,"column":16},"end":{"line":29,"column":19}},"26":{"start":{"line":30,"column":19},"end":{"line":37,"column":13}},"27":{"start":{"line":31,"column":16},"end":{"line":34,"column":19}},"28":{"start":{"line":36,"column":16},"end":{"line":36,"column":23}},"29":{"start":{"line":42,"column":12},"end":{"line":54,"column":13}},"30":{"start":{"line":43,"column":16},"end":{"line":46,"column":19}},"31":{"start":{"line":47,"column":19},"end":{"line":54,"column":13}},"32":{"start":{"line":48,"column":16},"end":{"line":51,"column":19}},"33":{"start":{"line":53,"column":16},"end":{"line":53,"column":23}},"34":{"start":{"line":59,"column":12},"end":{"line":66,"column":13}},"35":{"start":{"line":60,"column":16},"end":{"line":63,"column":19}},"36":{"start":{"line":65,"column":16},"end":{"line":65,"column":23}},"37":{"start":{"line":70,"column":4},"end":{"line":70,"column":27}},"38":{"start":{"line":73,"column":22},"end":{"line":73,"column":43}},"39":{"start":{"line":74,"column":0},"end":{"line":74,"column":34}}},"fnMap":{"0":{"name":"(anonymous_0)","decl":{"start":{"line":7,"column":19},"end":{"line":7,"column":20}},"loc":{"start":{"line":7,"column":31},"end":{"line":7,"column":561}},"line":7},"1":{"name":"defineProperties","decl":{"start":{"line":7,"column":42},"end":{"line":7,"column":58}},"loc":{"start":{"line":7,"column":74},"end":{"line":7,"column":349}},"line":7},"2":{"name":"(anonymous_2)","decl":{"start":{"line":7,"column":357},"end":{"line":7,"column":358}},"loc":{"start":{"line":7,"column":405},"end":{"line":7,"column":558}},"line":7},"3":{"name":"_interopRequireDefault","decl":{"start":{"line":13,"column":9},"end":{"line":13,"column":31}},"loc":{"start":{"line":13,"column":37},"end":{"line":13,"column":95}},"line":13},"4":{"name":"_classCallCheck","decl":{"start":{"line":15,"column":9},"end":{"line":15,"column":24}},"loc":{"start":{"line":15,"column":48},"end":{"line":15,"column":153}},"line":15},"5":{"name":"(anonymous_5)","decl":{"start":{"line":17,"column":22},"end":{"line":17,"column":23}},"loc":{"start":{"line":17,"column":34},"end":{"line":71,"column":1}},"line":17},"6":{"name":"AccountValidate","decl":{"start":{"line":18,"column":13},"end":{"line":18,"column":28}},"loc":{"start":{"line":18,"column":31},"end":{"line":20,"column":5}},"line":18},"7":{"name":"createValidate","decl":{"start":{"line":24,"column":24},"end":{"line":24,"column":38}},"loc":{"start":{"line":24,"column":55},"end":{"line":38,"column":9}},"line":24},"8":{"name":"updateValidate","decl":{"start":{"line":41,"column":24},"end":{"line":41,"column":38}},"loc":{"start":{"line":41,"column":55},"end":{"line":55,"column":9}},"line":41},"9":{"name":"deleteValidate","decl":{"start":{"line":58,"column":24},"end":{"line":58,"column":38}},"loc":{"start":{"line":58,"column":55},"end":{"line":67,"column":9}},"line":58}},"branchMap":{"0":{"loc":{"start":{"line":7,"column":168},"end":{"line":7,"column":198}},"type":"binary-expr","locations":[{"start":{"line":7,"column":168},"end":{"line":7,"column":189}},{"start":{"line":7,"column":193},"end":{"line":7,"column":198}}],"line":7},"1":{"loc":{"start":{"line":7,"column":232},"end":{"line":7,"column":286}},"type":"if","locations":[{"start":{"line":7,"column":232},"end":{"line":7,"column":286}},{"start":{"line":7,"column":232},"end":{"line":7,"column":286}}],"line":7},"2":{"loc":{"start":{"line":7,"column":407},"end":{"line":7,"column":475}},"type":"if","locations":[{"start":{"line":7,"column":407},"end":{"line":7,"column":475}},{"start":{"line":7,"column":407},"end":{"line":7,"column":475}}],"line":7},"3":{"loc":{"start":{"line":7,"column":476},"end":{"line":7,"column":536}},"type":"if","locations":[{"start":{"line":7,"column":476},"end":{"line":7,"column":536}},{"start":{"line":7,"column":476},"end":{"line":7,"column":536}}],"line":7},"4":{"loc":{"start":{"line":13,"column":46},"end":{"line":13,"column":92}},"type":"cond-expr","locations":[{"start":{"line":13,"column":70},"end":{"line":13,"column":73}},{"start":{"line":13,"column":76},"end":{"line":13,"column":92}}],"line":13},"5":{"loc":{"start":{"line":13,"column":46},"end":{"line":13,"column":67}},"type":"binary-expr","locations":[{"start":{"line":13,"column":46},"end":{"line":13,"column":49}},{"start":{"line":13,"column":53},"end":{"line":13,"column":67}}],"line":13},"6":{"loc":{"start":{"line":15,"column":50},"end":{"line":15,"column":151}},"type":"if","locations":[{"start":{"line":15,"column":50},"end":{"line":15,"column":151}},{"start":{"line":15,"column":50},"end":{"line":15,"column":151}}],"line":15},"7":{"loc":{"start":{"line":25,"column":12},"end":{"line":37,"column":13}},"type":"if","locations":[{"start":{"line":25,"column":12},"end":{"line":37,"column":13}},{"start":{"line":25,"column":12},"end":{"line":37,"column":13}}],"line":25},"8":{"loc":{"start":{"line":30,"column":19},"end":{"line":37,"column":13}},"type":"if","locations":[{"start":{"line":30,"column":19},"end":{"line":37,"column":13}},{"start":{"line":30,"column":19},"end":{"line":37,"column":13}}],"line":30},"9":{"loc":{"start":{"line":42,"column":12},"end":{"line":54,"column":13}},"type":"if","locations":[{"start":{"line":42,"column":12},"end":{"line":54,"column":13}},{"start":{"line":42,"column":12},"end":{"line":54,"column":13}}],"line":42},"10":{"loc":{"start":{"line":47,"column":19},"end":{"line":54,"column":13}},"type":"if","locations":[{"start":{"line":47,"column":19},"end":{"line":54,"column":13}},{"start":{"line":47,"column":19},"end":{"line":54,"column":13}}],"line":47},"11":{"loc":{"start":{"line":59,"column":12},"end":{"line":66,"column":13}},"type":"if","locations":[{"start":{"line":59,"column":12},"end":{"line":66,"column":13}},{"start":{"line":59,"column":12},"end":{"line":66,"column":13}}],"line":59}},"s":{"0":1,"1":1,"2":1,"3":1,"4":3,"5":3,"6":3,"7":3,"8":3,"9":3,"10":1,"11":1,"12":1,"13":1,"14":0,"15":1,"16":1,"17":1,"18":1,"19":1,"20":0,"21":1,"22":1,"23":1,"24":2,"25":0,"26":2,"27":0,"28":2,"29":0,"30":0,"31":0,"32":0,"33":0,"34":0,"35":0,"36":0,"37":1,"38":1,"39":1},"f":{"0":1,"1":1,"2":1,"3":1,"4":1,"5":1,"6":1,"7":2,"8":0,"9":0},"b":{"0":[3,3],"1":[3,0],"2":[1,0],"3":[0,1],"4":[1,0],"5":[1,1],"6":[0,1],"7":[0,2],"8":[0,2],"9":[0,0],"10":[0,0],"11":[0,0]},"_coverageSchema":"43e27e138ebf9cfc5966b082cf9a028302ed4184","hash":"8c9b30ebcffa08872ea468311e71bcdbf6e9dceb","contentHash":"e79e9ee02854d5ca06d994108e356c3396c832a356cd272fe3d8bbebc26dd02e"},"/home/Projects/banka/server/middlewares/transactions.js":{"path":"/home/Projects/banka/server/middlewares/transactions.js","statementMap":{"0":{"start":{"line":3,"column":0},"end":{"line":5,"column":3}},"1":{"start":{"line":7,"column":19},"end":{"line":7,"column":563}},"2":{"start":{"line":7,"column":76},"end":{"line":7,"column":347}},"3":{"start":{"line":7,"column":89},"end":{"line":7,"column":90}},"4":{"start":{"line":7,"column":134},"end":{"line":7,"column":142}},"5":{"start":{"line":7,"column":144},"end":{"line":7,"column":199}},"6":{"start":{"line":7,"column":200},"end":{"line":7,"column":231}},"7":{"start":{"line":7,"column":232},"end":{"line":7,"column":286}},"8":{"start":{"line":7,"column":259},"end":{"line":7,"column":286}},"9":{"start":{"line":7,"column":287},"end":{"line":7,"column":345}},"10":{"start":{"line":7,"column":350},"end":{"line":7,"column":559}},"11":{"start":{"line":7,"column":407},"end":{"line":7,"column":475}},"12":{"start":{"line":7,"column":423},"end":{"line":7,"column":475}},"13":{"start":{"line":7,"column":476},"end":{"line":7,"column":536}},"14":{"start":{"line":7,"column":493},"end":{"line":7,"column":536}},"15":{"start":{"line":7,"column":537},"end":{"line":7,"column":556}},"16":{"start":{"line":9,"column":19},"end":{"line":9,"column":58}},"17":{"start":{"line":11,"column":20},"end":{"line":11,"column":56}},"18":{"start":{"line":13,"column":39},"end":{"line":13,"column":93}},"19":{"start":{"line":15,"column":50},"end":{"line":15,"column":151}},"20":{"start":{"line":15,"column":92},"end":{"line":15,"column":149}},"21":{"start":{"line":17,"column":26},"end":{"line":106,"column":3}},"22":{"start":{"line":19,"column":8},"end":{"line":19,"column":51}},"23":{"start":{"line":22,"column":4},"end":{"line":103,"column":8}},"24":{"start":{"line":25,"column":12},"end":{"line":42,"column":13}},"25":{"start":{"line":26,"column":16},"end":{"line":29,"column":19}},"26":{"start":{"line":30,"column":19},"end":{"line":42,"column":13}},"27":{"start":{"line":31,"column":16},"end":{"line":34,"column":19}},"28":{"start":{"line":35,"column":19},"end":{"line":42,"column":13}},"29":{"start":{"line":36,"column":16},"end":{"line":39,"column":19}},"30":{"start":{"line":41,"column":16},"end":{"line":41,"column":23}},"31":{"start":{"line":48,"column":12},"end":{"line":65,"column":13}},"32":{"start":{"line":49,"column":16},"end":{"line":52,"column":19}},"33":{"start":{"line":53,"column":19},"end":{"line":65,"column":13}},"34":{"start":{"line":54,"column":16},"end":{"line":57,"column":19}},"35":{"start":{"line":58,"column":19},"end":{"line":65,"column":13}},"36":{"start":{"line":59,"column":16},"end":{"line":62,"column":19}},"37":{"start":{"line":64,"column":16},"end":{"line":64,"column":23}},"38":{"start":{"line":70,"column":12},"end":{"line":77,"column":13}},"39":{"start":{"line":71,"column":16},"end":{"line":74,"column":19}},"40":{"start":{"line":76,"column":16},"end":{"line":76,"column":23}},"41":{"start":{"line":82,"column":12},"end":{"line":89,"column":13}},"42":{"start":{"line":83,"column":16},"end":{"line":86,"column":19}},"43":{"start":{"line":88,"column":16},"end":{"line":88,"column":23}},"44":{"start":{"line":94,"column":12},"end":{"line":101,"column":13}},"45":{"start":{"line":95,"column":16},"end":{"line":98,"column":19}},"46":{"start":{"line":100,"column":16},"end":{"line":100,"column":23}},"47":{"start":{"line":105,"column":4},"end":{"line":105,"column":31}},"48":{"start":{"line":108,"column":26},"end":{"line":108,"column":51}},"49":{"start":{"line":109,"column":0},"end":{"line":109,"column":38}}},"fnMap":{"0":{"name":"(anonymous_0)","decl":{"start":{"line":7,"column":19},"end":{"line":7,"column":20}},"loc":{"start":{"line":7,"column":31},"end":{"line":7,"column":561}},"line":7},"1":{"name":"defineProperties","decl":{"start":{"line":7,"column":42},"end":{"line":7,"column":58}},"loc":{"start":{"line":7,"column":74},"end":{"line":7,"column":349}},"line":7},"2":{"name":"(anonymous_2)","decl":{"start":{"line":7,"column":357},"end":{"line":7,"column":358}},"loc":{"start":{"line":7,"column":405},"end":{"line":7,"column":558}},"line":7},"3":{"name":"_interopRequireDefault","decl":{"start":{"line":13,"column":9},"end":{"line":13,"column":31}},"loc":{"start":{"line":13,"column":37},"end":{"line":13,"column":95}},"line":13},"4":{"name":"_classCallCheck","decl":{"start":{"line":15,"column":9},"end":{"line":15,"column":24}},"loc":{"start":{"line":15,"column":48},"end":{"line":15,"column":153}},"line":15},"5":{"name":"(anonymous_5)","decl":{"start":{"line":17,"column":26},"end":{"line":17,"column":27}},"loc":{"start":{"line":17,"column":38},"end":{"line":106,"column":1}},"line":17},"6":{"name":"TransactionValidate","decl":{"start":{"line":18,"column":13},"end":{"line":18,"column":32}},"loc":{"start":{"line":18,"column":35},"end":{"line":20,"column":5}},"line":18},"7":{"name":"debitValidate","decl":{"start":{"line":24,"column":24},"end":{"line":24,"column":37}},"loc":{"start":{"line":24,"column":54},"end":{"line":43,"column":9}},"line":24},"8":{"name":"creditValidate","decl":{"start":{"line":46,"column":24},"end":{"line":46,"column":38}},"loc":{"start":{"line":46,"column":55},"end":{"line":66,"column":9}},"line":46},"9":{"name":"accountNumberValidate","decl":{"start":{"line":69,"column":24},"end":{"line":69,"column":45}},"loc":{"start":{"line":69,"column":62},"end":{"line":78,"column":9}},"line":69},"10":{"name":"idValidate","decl":{"start":{"line":81,"column":24},"end":{"line":81,"column":34}},"loc":{"start":{"line":81,"column":51},"end":{"line":90,"column":9}},"line":81},"11":{"name":"emailIsValid","decl":{"start":{"line":93,"column":24},"end":{"line":93,"column":36}},"loc":{"start":{"line":93,"column":53},"end":{"line":102,"column":9}},"line":93}},"branchMap":{"0":{"loc":{"start":{"line":7,"column":168},"end":{"line":7,"column":198}},"type":"binary-expr","locations":[{"start":{"line":7,"column":168},"end":{"line":7,"column":189}},{"start":{"line":7,"column":193},"end":{"line":7,"column":198}}],"line":7},"1":{"loc":{"start":{"line":7,"column":232},"end":{"line":7,"column":286}},"type":"if","locations":[{"start":{"line":7,"column":232},"end":{"line":7,"column":286}},{"start":{"line":7,"column":232},"end":{"line":7,"column":286}}],"line":7},"2":{"loc":{"start":{"line":7,"column":407},"end":{"line":7,"column":475}},"type":"if","locations":[{"start":{"line":7,"column":407},"end":{"line":7,"column":475}},{"start":{"line":7,"column":407},"end":{"line":7,"column":475}}],"line":7},"3":{"loc":{"start":{"line":7,"column":476},"end":{"line":7,"column":536}},"type":"if","locations":[{"start":{"line":7,"column":476},"end":{"line":7,"column":536}},{"start":{"line":7,"column":476},"end":{"line":7,"column":536}}],"line":7},"4":{"loc":{"start":{"line":13,"column":46},"end":{"line":13,"column":92}},"type":"cond-expr","locations":[{"start":{"line":13,"column":70},"end":{"line":13,"column":73}},{"start":{"line":13,"column":76},"end":{"line":13,"column":92}}],"line":13},"5":{"loc":{"start":{"line":13,"column":46},"end":{"line":13,"column":67}},"type":"binary-expr","locations":[{"start":{"line":13,"column":46},"end":{"line":13,"column":49}},{"start":{"line":13,"column":53},"end":{"line":13,"column":67}}],"line":13},"6":{"loc":{"start":{"line":15,"column":50},"end":{"line":15,"column":151}},"type":"if","locations":[{"start":{"line":15,"column":50},"end":{"line":15,"column":151}},{"start":{"line":15,"column":50},"end":{"line":15,"column":151}}],"line":15},"7":{"loc":{"start":{"line":25,"column":12},"end":{"line":42,"column":13}},"type":"if","locations":[{"start":{"line":25,"column":12},"end":{"line":42,"column":13}},{"start":{"line":25,"column":12},"end":{"line":42,"column":13}}],"line":25},"8":{"loc":{"start":{"line":30,"column":19},"end":{"line":42,"column":13}},"type":"if","locations":[{"start":{"line":30,"column":19},"end":{"line":42,"column":13}},{"start":{"line":30,"column":19},"end":{"line":42,"column":13}}],"line":30},"9":{"loc":{"start":{"line":35,"column":19},"end":{"line":42,"column":13}},"type":"if","locations":[{"start":{"line":35,"column":19},"end":{"line":42,"column":13}},{"start":{"line":35,"column":19},"end":{"line":42,"column":13}}],"line":35},"10":{"loc":{"start":{"line":48,"column":12},"end":{"line":65,"column":13}},"type":"if","locations":[{"start":{"line":48,"column":12},"end":{"line":65,"column":13}},{"start":{"line":48,"column":12},"end":{"line":65,"column":13}}],"line":48},"11":{"loc":{"start":{"line":53,"column":19},"end":{"line":65,"column":13}},"type":"if","locations":[{"start":{"line":53,"column":19},"end":{"line":65,"column":13}},{"start":{"line":53,"column":19},"end":{"line":65,"column":13}}],"line":53},"12":{"loc":{"start":{"line":58,"column":19},"end":{"line":65,"column":13}},"type":"if","locations":[{"start":{"line":58,"column":19},"end":{"line":65,"column":13}},{"start":{"line":58,"column":19},"end":{"line":65,"column":13}}],"line":58},"13":{"loc":{"start":{"line":70,"column":12},"end":{"line":77,"column":13}},"type":"if","locations":[{"start":{"line":70,"column":12},"end":{"line":77,"column":13}},{"start":{"line":70,"column":12},"end":{"line":77,"column":13}}],"line":70},"14":{"loc":{"start":{"line":82,"column":12},"end":{"line":89,"column":13}},"type":"if","locations":[{"start":{"line":82,"column":12},"end":{"line":89,"column":13}},{"start":{"line":82,"column":12},"end":{"line":89,"column":13}}],"line":82},"15":{"loc":{"start":{"line":94,"column":12},"end":{"line":101,"column":13}},"type":"if","locations":[{"start":{"line":94,"column":12},"end":{"line":101,"column":13}},{"start":{"line":94,"column":12},"end":{"line":101,"column":13}}],"line":94}},"s":{"0":1,"1":1,"2":1,"3":1,"4":5,"5":5,"6":5,"7":5,"8":5,"9":5,"10":1,"11":1,"12":1,"13":1,"14":0,"15":1,"16":1,"17":1,"18":1,"19":1,"20":0,"21":1,"22":1,"23":1,"24":0,"25":0,"26":0,"27":0,"28":0,"29":0,"30":0,"31":1,"32":0,"33":1,"34":0,"35":1,"36":0,"37":1,"38":0,"39":0,"40":0,"41":1,"42":0,"43":1,"44":4,"45":1,"46":3,"47":1,"48":1,"49":1},"f":{"0":1,"1":1,"2":1,"3":1,"4":1,"5":1,"6":1,"7":0,"8":1,"9":0,"10":1,"11":4},"b":{"0":[5,5],"1":[5,0],"2":[1,0],"3":[0,1],"4":[1,0],"5":[1,1],"6":[0,1],"7":[0,0],"8":[0,0],"9":[0,0],"10":[0,1],"11":[0,1],"12":[0,1],"13":[0,0],"14":[0,1],"15":[1,3]},"_coverageSchema":"43e27e138ebf9cfc5966b082cf9a028302ed4184","hash":"ee0bbe3272c8ff2d7faa98c0f4c355d824c28e1e","contentHash":"34a5b5a6ab7b1e0b58190ee865448484da717a63b80621281fc25847573b6833"}}