{"/home/Projects/banka/server/server.js":{"path":"/home/Projects/banka/server/server.js","statementMap":{"0":{"start":{"line":3,"column":0},"end":{"line":5,"column":3}},"1":{"start":{"line":7,"column":15},"end":{"line":7,"column":33}},"2":{"start":{"line":9,"column":16},"end":{"line":9,"column":48}},"3":{"start":{"line":11,"column":18},"end":{"line":11,"column":40}},"4":{"start":{"line":13,"column":19},"end":{"line":13,"column":54}},"5":{"start":{"line":15,"column":14},"end":{"line":15,"column":40}},"6":{"start":{"line":17,"column":15},"end":{"line":17,"column":46}},"7":{"start":{"line":19,"column":14},"end":{"line":19,"column":40}},"8":{"start":{"line":21,"column":15},"end":{"line":21,"column":46}},"9":{"start":{"line":23,"column":13},"end":{"line":23,"column":43}},"10":{"start":{"line":25,"column":14},"end":{"line":25,"column":44}},"11":{"start":{"line":27,"column":14},"end":{"line":27,"column":31}},"12":{"start":{"line":29,"column":15},"end":{"line":29,"column":46}},"13":{"start":{"line":31,"column":39},"end":{"line":31,"column":93}},"14":{"start":{"line":33,"column":0},"end":{"line":33,"column":26}},"15":{"start":{"line":36,"column":10},"end":{"line":36,"column":34}},"16":{"start":{"line":39,"column":0},"end":{"line":39,"column":37}},"17":{"start":{"line":40,"column":0},"end":{"line":40,"column":62}},"18":{"start":{"line":43,"column":0},"end":{"line":43,"column":26}},"19":{"start":{"line":45,"column":0},"end":{"line":50,"column":3}},"20":{"start":{"line":46,"column":4},"end":{"line":49,"column":7}},"21":{"start":{"line":52,"column":0},"end":{"line":57,"column":3}},"22":{"start":{"line":53,"column":4},"end":{"line":56,"column":7}},"23":{"start":{"line":59,"column":0},"end":{"line":64,"column":3}},"24":{"start":{"line":60,"column":4},"end":{"line":63,"column":7}},"25":{"start":{"line":66,"column":0},"end":{"line":71,"column":3}},"26":{"start":{"line":67,"column":4},"end":{"line":70,"column":7}},"27":{"start":{"line":73,"column":0},"end":{"line":78,"column":3}},"28":{"start":{"line":74,"column":4},"end":{"line":77,"column":7}},"29":{"start":{"line":80,"column":0},"end":{"line":85,"column":3}},"30":{"start":{"line":81,"column":4},"end":{"line":84,"column":7}},"31":{"start":{"line":88,"column":0},"end":{"line":90,"column":3}},"32":{"start":{"line":89,"column":4},"end":{"line":89,"column":63}},"33":{"start":{"line":92,"column":0},"end":{"line":92,"column":22}}},"fnMap":{"0":{"name":"_interopRequireDefault","decl":{"start":{"line":31,"column":9},"end":{"line":31,"column":31}},"loc":{"start":{"line":31,"column":37},"end":{"line":31,"column":95}},"line":31},"1":{"name":"(anonymous_1)","decl":{"start":{"line":45,"column":13},"end":{"line":45,"column":14}},"loc":{"start":{"line":45,"column":33},"end":{"line":50,"column":1}},"line":45},"2":{"name":"(anonymous_2)","decl":{"start":{"line":52,"column":13},"end":{"line":52,"column":14}},"loc":{"start":{"line":52,"column":33},"end":{"line":57,"column":1}},"line":52},"3":{"name":"(anonymous_3)","decl":{"start":{"line":59,"column":14},"end":{"line":59,"column":15}},"loc":{"start":{"line":59,"column":34},"end":{"line":64,"column":1}},"line":59},"4":{"name":"(anonymous_4)","decl":{"start":{"line":66,"column":13},"end":{"line":66,"column":14}},"loc":{"start":{"line":66,"column":33},"end":{"line":71,"column":1}},"line":66},"5":{"name":"(anonymous_5)","decl":{"start":{"line":73,"column":15},"end":{"line":73,"column":16}},"loc":{"start":{"line":73,"column":35},"end":{"line":78,"column":1}},"line":73},"6":{"name":"(anonymous_6)","decl":{"start":{"line":80,"column":16},"end":{"line":80,"column":17}},"loc":{"start":{"line":80,"column":36},"end":{"line":85,"column":1}},"line":80},"7":{"name":"(anonymous_7)","decl":{"start":{"line":88,"column":34},"end":{"line":88,"column":35}},"loc":{"start":{"line":88,"column":46},"end":{"line":90,"column":1}},"line":88}},"branchMap":{"0":{"loc":{"start":{"line":31,"column":46},"end":{"line":31,"column":92}},"type":"cond-expr","locations":[{"start":{"line":31,"column":70},"end":{"line":31,"column":73}},{"start":{"line":31,"column":76},"end":{"line":31,"column":92}}],"line":31},"1":{"loc":{"start":{"line":31,"column":46},"end":{"line":31,"column":67}},"type":"binary-expr","locations":[{"start":{"line":31,"column":46},"end":{"line":31,"column":49}},{"start":{"line":31,"column":53},"end":{"line":31,"column":67}}],"line":31}},"s":{"0":1,"1":1,"2":1,"3":1,"4":1,"5":1,"6":1,"7":1,"8":1,"9":1,"10":1,"11":1,"12":1,"13":6,"14":1,"15":1,"16":1,"17":1,"18":1,"19":1,"20":0,"21":1,"22":0,"23":1,"24":0,"25":1,"26":0,"27":1,"28":0,"29":1,"30":0,"31":1,"32":1,"33":1},"f":{"0":6,"1":0,"2":0,"3":0,"4":0,"5":0,"6":0,"7":1},"b":{"0":[2,4],"1":[6,6]},"_coverageSchema":"43e27e138ebf9cfc5966b082cf9a028302ed4184","hash":"d02db60e08c65824ac109d2c0ec22b09a355586a","contentHash":"86a615f25a5125842855e7f3313458999a9bd10a101ec82e9a2faea03f7c818b"},"/home/Projects/banka/server/routes/routes.js":{"path":"/home/Projects/banka/server/routes/routes.js","statementMap":{"0":{"start":{"line":3,"column":0},"end":{"line":5,"column":3}},"1":{"start":{"line":7,"column":15},"end":{"line":7,"column":33}},"2":{"start":{"line":9,"column":15},"end":{"line":9,"column":35}},"3":{"start":{"line":11,"column":16},"end":{"line":11,"column":48}},"4":{"start":{"line":13,"column":0},"end":{"line":13,"column":26}},"5":{"start":{"line":15,"column":13},"end":{"line":15,"column":46}},"6":{"start":{"line":17,"column":14},"end":{"line":17,"column":44}},"7":{"start":{"line":19,"column":14},"end":{"line":19,"column":31}},"8":{"start":{"line":21,"column":15},"end":{"line":21,"column":46}},"9":{"start":{"line":23,"column":16},"end":{"line":23,"column":52}},"10":{"start":{"line":25,"column":17},"end":{"line":25,"column":50}},"11":{"start":{"line":27,"column":20},"end":{"line":27,"column":60}},"12":{"start":{"line":29,"column":21},"end":{"line":29,"column":58}},"13":{"start":{"line":31,"column":14},"end":{"line":31,"column":47}},"14":{"start":{"line":33,"column":14},"end":{"line":33,"column":45}},"15":{"start":{"line":35,"column":17},"end":{"line":35,"column":53}},"16":{"start":{"line":37,"column":17},"end":{"line":37,"column":51}},"17":{"start":{"line":39,"column":21},"end":{"line":39,"column":61}},"18":{"start":{"line":41,"column":21},"end":{"line":41,"column":59}},"19":{"start":{"line":43,"column":39},"end":{"line":43,"column":93}},"20":{"start":{"line":45,"column":0},"end":{"line":45,"column":26}},"21":{"start":{"line":47,"column":13},"end":{"line":47,"column":35}},"22":{"start":{"line":50,"column":0},"end":{"line":50,"column":91}},"23":{"start":{"line":51,"column":0},"end":{"line":51,"column":100}},"24":{"start":{"line":52,"column":0},"end":{"line":52,"column":91}},"25":{"start":{"line":53,"column":0},"end":{"line":53,"column":82}},"26":{"start":{"line":54,"column":0},"end":{"line":54,"column":123}},"27":{"start":{"line":55,"column":0},"end":{"line":55,"column":123}},"28":{"start":{"line":56,"column":0},"end":{"line":56,"column":147}},"29":{"start":{"line":57,"column":0},"end":{"line":57,"column":157}},"30":{"start":{"line":58,"column":0},"end":{"line":58,"column":160}},"31":{"start":{"line":59,"column":0},"end":{"line":59,"column":170}},"32":{"start":{"line":60,"column":0},"end":{"line":60,"column":142}},"33":{"start":{"line":61,"column":0},"end":{"line":61,"column":142}},"34":{"start":{"line":62,"column":0},"end":{"line":62,"column":88}},"35":{"start":{"line":63,"column":0},"end":{"line":63,"column":102}},"36":{"start":{"line":65,"column":0},"end":{"line":65,"column":25}}},"fnMap":{"0":{"name":"_interopRequireDefault","decl":{"start":{"line":43,"column":9},"end":{"line":43,"column":31}},"loc":{"start":{"line":43,"column":37},"end":{"line":43,"column":95}},"line":43}},"branchMap":{"0":{"loc":{"start":{"line":43,"column":46},"end":{"line":43,"column":92}},"type":"cond-expr","locations":[{"start":{"line":43,"column":70},"end":{"line":43,"column":73}},{"start":{"line":43,"column":76},"end":{"line":43,"column":92}}],"line":43},"1":{"loc":{"start":{"line":43,"column":46},"end":{"line":43,"column":67}},"type":"binary-expr","locations":[{"start":{"line":43,"column":46},"end":{"line":43,"column":49}},{"start":{"line":43,"column":53},"end":{"line":43,"column":67}}],"line":43}},"s":{"0":1,"1":1,"2":1,"3":1,"4":1,"5":1,"6":1,"7":1,"8":1,"9":1,"10":1,"11":1,"12":1,"13":1,"14":1,"15":1,"16":1,"17":1,"18":1,"19":8,"20":1,"21":1,"22":1,"23":1,"24":1,"25":1,"26":1,"27":1,"28":1,"29":1,"30":1,"31":1,"32":1,"33":1,"34":1,"35":1,"36":1},"f":{"0":8},"b":{"0":[7,1],"1":[8,8]},"_coverageSchema":"43e27e138ebf9cfc5966b082cf9a028302ed4184","hash":"522efaff04ce53fe7c15ec91814a0ee966508251","contentHash":"c93da7127f284afd3782b39267362c9bad9c749c4dc3a0daf067cefdd11e435c"},"/home/Projects/banka/server/routes/protect.js":{"path":"/home/Projects/banka/server/routes/protect.js","statementMap":{"0":{"start":{"line":3,"column":0},"end":{"line":5,"column":3}},"1":{"start":{"line":7,"column":20},"end":{"line":7,"column":43}},"2":{"start":{"line":9,"column":21},"end":{"line":9,"column":58}},"3":{"start":{"line":11,"column":14},"end":{"line":11,"column":43}},"4":{"start":{"line":13,"column":15},"end":{"line":13,"column":46}},"5":{"start":{"line":15,"column":39},"end":{"line":15,"column":93}},"6":{"start":{"line":17,"column":16},"end":{"line":29,"column":1}},"7":{"start":{"line":18,"column":4},"end":{"line":28,"column":5}},"8":{"start":{"line":19,"column":20},"end":{"line":19,"column":59}},"9":{"start":{"line":20,"column":22},"end":{"line":20,"column":86}},"10":{"start":{"line":21,"column":8},"end":{"line":21,"column":31}},"11":{"start":{"line":22,"column":8},"end":{"line":22,"column":15}},"12":{"start":{"line":24,"column":8},"end":{"line":27,"column":11}},"13":{"start":{"line":31,"column":19},"end":{"line":50,"column":1}},"14":{"start":{"line":32,"column":4},"end":{"line":49,"column":5}},"15":{"start":{"line":33,"column":20},"end":{"line":33,"column":59}},"16":{"start":{"line":34,"column":22},"end":{"line":34,"column":86}},"17":{"start":{"line":35,"column":8},"end":{"line":35,"column":31}},"18":{"start":{"line":36,"column":8},"end":{"line":43,"column":9}},"19":{"start":{"line":37,"column":12},"end":{"line":37,"column":19}},"20":{"start":{"line":39,"column":12},"end":{"line":42,"column":15}},"21":{"start":{"line":45,"column":8},"end":{"line":48,"column":11}},"22":{"start":{"line":52,"column":17},"end":{"line":71,"column":1}},"23":{"start":{"line":53,"column":4},"end":{"line":70,"column":5}},"24":{"start":{"line":54,"column":20},"end":{"line":54,"column":59}},"25":{"start":{"line":55,"column":22},"end":{"line":55,"column":86}},"26":{"start":{"line":56,"column":8},"end":{"line":56,"column":31}},"27":{"start":{"line":57,"column":8},"end":{"line":64,"column":9}},"28":{"start":{"line":58,"column":12},"end":{"line":58,"column":19}},"29":{"start":{"line":60,"column":12},"end":{"line":63,"column":15}},"30":{"start":{"line":66,"column":8},"end":{"line":69,"column":11}},"31":{"start":{"line":73,"column":0},"end":{"line":77,"column":2}}},"fnMap":{"0":{"name":"_interopRequireDefault","decl":{"start":{"line":15,"column":9},"end":{"line":15,"column":31}},"loc":{"start":{"line":15,"column":37},"end":{"line":15,"column":95}},"line":15},"1":{"name":"checkUser","decl":{"start":{"line":17,"column":25},"end":{"line":17,"column":34}},"loc":{"start":{"line":17,"column":51},"end":{"line":29,"column":1}},"line":17},"2":{"name":"checkCashier","decl":{"start":{"line":31,"column":28},"end":{"line":31,"column":40}},"loc":{"start":{"line":31,"column":57},"end":{"line":50,"column":1}},"line":31},"3":{"name":"checkAdmin","decl":{"start":{"line":52,"column":26},"end":{"line":52,"column":36}},"loc":{"start":{"line":52,"column":53},"end":{"line":71,"column":1}},"line":52}},"branchMap":{"0":{"loc":{"start":{"line":15,"column":46},"end":{"line":15,"column":92}},"type":"cond-expr","locations":[{"start":{"line":15,"column":70},"end":{"line":15,"column":73}},{"start":{"line":15,"column":76},"end":{"line":15,"column":92}}],"line":15},"1":{"loc":{"start":{"line":15,"column":46},"end":{"line":15,"column":67}},"type":"binary-expr","locations":[{"start":{"line":15,"column":46},"end":{"line":15,"column":49}},{"start":{"line":15,"column":53},"end":{"line":15,"column":67}}],"line":15},"2":{"loc":{"start":{"line":36,"column":8},"end":{"line":43,"column":9}},"type":"if","locations":[{"start":{"line":36,"column":8},"end":{"line":43,"column":9}},{"start":{"line":36,"column":8},"end":{"line":43,"column":9}}],"line":36},"3":{"loc":{"start":{"line":57,"column":8},"end":{"line":64,"column":9}},"type":"if","locations":[{"start":{"line":57,"column":8},"end":{"line":64,"column":9}},{"start":{"line":57,"column":8},"end":{"line":64,"column":9}}],"line":57}},"s":{"0":1,"1":1,"2":1,"3":1,"4":1,"5":2,"6":1,"7":2,"8":2,"9":2,"10":2,"11":2,"12":0,"13":1,"14":0,"15":0,"16":0,"17":0,"18":0,"19":0,"20":0,"21":0,"22":1,"23":1,"24":1,"25":1,"26":1,"27":1,"28":1,"29":0,"30":0,"31":1},"f":{"0":2,"1":2,"2":0,"3":1},"b":{"0":[0,2],"1":[2,2],"2":[0,0],"3":[1,0]},"_coverageSchema":"43e27e138ebf9cfc5966b082cf9a028302ed4184","hash":"e6688e8281b607856639ccaf1bbbdbe4cbddfb49","contentHash":"ab0020a85d64a7e1e14fdfb514f63cee712d96a8ec0e093258bf0f0eeff2f760"},"/home/Projects/banka/server/config/config.js":{"path":"/home/Projects/banka/server/config/config.js","statementMap":{"0":{"start":{"line":3,"column":13},"end":{"line":3,"column":30}},"1":{"start":{"line":5,"column":0},"end":{"line":5,"column":16}},"2":{"start":{"line":7,"column":13},"end":{"line":12,"column":1}},"3":{"start":{"line":14,"column":0},"end":{"line":14,"column":24}}},"fnMap":{},"branchMap":{"0":{"loc":{"start":{"line":8,"column":10},"end":{"line":8,"column":34}},"type":"binary-expr","locations":[{"start":{"line":8,"column":10},"end":{"line":8,"column":26}},{"start":{"line":8,"column":30},"end":{"line":8,"column":34}}],"line":8},"1":{"loc":{"start":{"line":9,"column":15},"end":{"line":9,"column":60}},"type":"binary-expr","locations":[{"start":{"line":9,"column":15},"end":{"line":9,"column":37}},{"start":{"line":9,"column":41},"end":{"line":9,"column":60}}],"line":9},"2":{"loc":{"start":{"line":10,"column":11},"end":{"line":10,"column":89}},"type":"binary-expr","locations":[{"start":{"line":10,"column":11},"end":{"line":10,"column":35}},{"start":{"line":10,"column":39},"end":{"line":10,"column":89}}],"line":10},"3":{"loc":{"start":{"line":11,"column":15},"end":{"line":11,"column":95}},"type":"binary-expr","locations":[{"start":{"line":11,"column":15},"end":{"line":11,"column":42}},{"start":{"line":11,"column":46},"end":{"line":11,"column":95}}],"line":11}},"s":{"0":1,"1":1,"2":1,"3":1},"f":{},"b":{"0":[1,0],"1":[1,1],"2":[1,0],"3":[1,0]},"_coverageSchema":"43e27e138ebf9cfc5966b082cf9a028302ed4184","hash":"03652a0f83e924e729317415c14fdd6e370b0080","contentHash":"d05b7bacf493619f8b63505159ea6d0daa93134d1739eeda958ab19885e1757c"},"/home/Projects/banka/server/controllers/users.js":{"path":"/home/Projects/banka/server/controllers/users.js","statementMap":{"0":{"start":{"line":3,"column":0},"end":{"line":5,"column":3}},"1":{"start":{"line":7,"column":19},"end":{"line":7,"column":563}},"2":{"start":{"line":7,"column":76},"end":{"line":7,"column":347}},"3":{"start":{"line":7,"column":89},"end":{"line":7,"column":90}},"4":{"start":{"line":7,"column":134},"end":{"line":7,"column":142}},"5":{"start":{"line":7,"column":144},"end":{"line":7,"column":199}},"6":{"start":{"line":7,"column":200},"end":{"line":7,"column":231}},"7":{"start":{"line":7,"column":232},"end":{"line":7,"column":286}},"8":{"start":{"line":7,"column":259},"end":{"line":7,"column":286}},"9":{"start":{"line":7,"column":287},"end":{"line":7,"column":345}},"10":{"start":{"line":7,"column":350},"end":{"line":7,"column":559}},"11":{"start":{"line":7,"column":407},"end":{"line":7,"column":475}},"12":{"start":{"line":7,"column":423},"end":{"line":7,"column":475}},"13":{"start":{"line":7,"column":476},"end":{"line":7,"column":536}},"14":{"start":{"line":7,"column":493},"end":{"line":7,"column":536}},"15":{"start":{"line":7,"column":537},"end":{"line":7,"column":556}},"16":{"start":{"line":9,"column":20},"end":{"line":9,"column":43}},"17":{"start":{"line":11,"column":21},"end":{"line":11,"column":58}},"18":{"start":{"line":13,"column":13},"end":{"line":13,"column":37}},"19":{"start":{"line":15,"column":14},"end":{"line":15,"column":44}},"20":{"start":{"line":17,"column":14},"end":{"line":17,"column":31}},"21":{"start":{"line":19,"column":15},"end":{"line":19,"column":46}},"22":{"start":{"line":21,"column":14},"end":{"line":21,"column":31}},"23":{"start":{"line":23,"column":15},"end":{"line":23,"column":46}},"24":{"start":{"line":25,"column":14},"end":{"line":25,"column":43}},"25":{"start":{"line":27,"column":15},"end":{"line":27,"column":46}},"26":{"start":{"line":29,"column":39},"end":{"line":29,"column":93}},"27":{"start":{"line":31,"column":50},"end":{"line":31,"column":151}},"28":{"start":{"line":31,"column":92},"end":{"line":31,"column":149}},"29":{"start":{"line":33,"column":21},"end":{"line":232,"column":3}},"30":{"start":{"line":35,"column":8},"end":{"line":35,"column":46}},"31":{"start":{"line":38,"column":4},"end":{"line":229,"column":8}},"32":{"start":{"line":41,"column":28},"end":{"line":41,"column":36}},"33":{"start":{"line":42,"column":24},"end":{"line":42,"column":39}},"34":{"start":{"line":43,"column":28},"end":{"line":43,"column":47}},"35":{"start":{"line":44,"column":27},"end":{"line":44,"column":45}},"36":{"start":{"line":45,"column":27},"end":{"line":45,"column":45}},"37":{"start":{"line":47,"column":23},"end":{"line":47,"column":31}},"38":{"start":{"line":48,"column":23},"end":{"line":48,"column":72}},"39":{"start":{"line":50,"column":12},"end":{"line":98,"column":15}},"40":{"start":{"line":51,"column":16},"end":{"line":51,"column":41}},"41":{"start":{"line":53,"column":16},"end":{"line":97,"column":17}},"42":{"start":{"line":54,"column":20},"end":{"line":57,"column":23}},"43":{"start":{"line":59,"column":32},"end":{"line":63,"column":50}},"44":{"start":{"line":65,"column":42},"end":{"line":69,"column":21}},"45":{"start":{"line":66,"column":24},"end":{"line":68,"column":40}},"46":{"start":{"line":67,"column":28},"end":{"line":67,"column":108}},"47":{"start":{"line":71,"column":35},"end":{"line":73,"column":21}},"48":{"start":{"line":72,"column":24},"end":{"line":72,"column":85}},"49":{"start":{"line":74,"column":31},"end":{"line":74,"column":41}},"50":{"start":{"line":75,"column":42},"end":{"line":75,"column":73}},"51":{"start":{"line":77,"column":34},"end":{"line":77,"column":168}},"52":{"start":{"line":78,"column":20},"end":{"line":78,"column":41}},"53":{"start":{"line":79,"column":30},"end":{"line":79,"column":176}},"54":{"start":{"line":81,"column":20},"end":{"line":96,"column":23}},"55":{"start":{"line":82,"column":24},"end":{"line":82,"column":45}},"56":{"start":{"line":83,"column":24},"end":{"line":83,"column":49}},"57":{"start":{"line":84,"column":24},"end":{"line":95,"column":27}},"58":{"start":{"line":103,"column":12},"end":{"line":110,"column":15}},"59":{"start":{"line":104,"column":16},"end":{"line":109,"column":17}},"60":{"start":{"line":105,"column":20},"end":{"line":108,"column":23}},"61":{"start":{"line":115,"column":29},"end":{"line":115,"column":37}},"62":{"start":{"line":116,"column":24},"end":{"line":116,"column":40}},"63":{"start":{"line":117,"column":27},"end":{"line":117,"column":46}},"64":{"start":{"line":120,"column":12},"end":{"line":163,"column":15}},"65":{"start":{"line":121,"column":16},"end":{"line":162,"column":17}},"66":{"start":{"line":122,"column":42},"end":{"line":126,"column":21}},"67":{"start":{"line":123,"column":24},"end":{"line":125,"column":40}},"68":{"start":{"line":124,"column":28},"end":{"line":124,"column":123}},"69":{"start":{"line":128,"column":39},"end":{"line":130,"column":21}},"70":{"start":{"line":129,"column":24},"end":{"line":129,"column":86}},"71":{"start":{"line":131,"column":20},"end":{"line":156,"column":21}},"72":{"start":{"line":132,"column":24},"end":{"line":132,"column":61}},"73":{"start":{"line":133,"column":36},"end":{"line":137,"column":54}},"74":{"start":{"line":139,"column":24},"end":{"line":141,"column":27}},"75":{"start":{"line":142,"column":24},"end":{"line":150,"column":27}},"76":{"start":{"line":152,"column":24},"end":{"line":155,"column":27}},"77":{"start":{"line":158,"column":20},"end":{"line":161,"column":23}},"78":{"start":{"line":168,"column":29},"end":{"line":168,"column":37}},"79":{"start":{"line":169,"column":24},"end":{"line":169,"column":40}},"80":{"start":{"line":170,"column":28},"end":{"line":170,"column":48}},"81":{"start":{"line":171,"column":27},"end":{"line":171,"column":46}},"82":{"start":{"line":172,"column":27},"end":{"line":172,"column":46}},"83":{"start":{"line":173,"column":23},"end":{"line":173,"column":38}},"84":{"start":{"line":175,"column":23},"end":{"line":175,"column":72}},"85":{"start":{"line":177,"column":12},"end":{"line":227,"column":15}},"86":{"start":{"line":178,"column":16},"end":{"line":178,"column":41}},"87":{"start":{"line":180,"column":16},"end":{"line":226,"column":17}},"88":{"start":{"line":181,"column":20},"end":{"line":184,"column":23}},"89":{"start":{"line":187,"column":42},"end":{"line":191,"column":21}},"90":{"start":{"line":188,"column":24},"end":{"line":190,"column":40}},"91":{"start":{"line":189,"column":28},"end":{"line":189,"column":108}},"92":{"start":{"line":193,"column":35},"end":{"line":195,"column":21}},"93":{"start":{"line":194,"column":24},"end":{"line":194,"column":85}},"94":{"start":{"line":196,"column":31},"end":{"line":196,"column":41}},"95":{"start":{"line":197,"column":42},"end":{"line":197,"column":73}},"96":{"start":{"line":199,"column":34},"end":{"line":199,"column":167}},"97":{"start":{"line":200,"column":20},"end":{"line":200,"column":41}},"98":{"start":{"line":201,"column":30},"end":{"line":201,"column":176}},"99":{"start":{"line":203,"column":20},"end":{"line":225,"column":23}},"100":{"start":{"line":204,"column":24},"end":{"line":204,"column":49}},"101":{"start":{"line":205,"column":24},"end":{"line":224,"column":25}},"102":{"start":{"line":206,"column":40},"end":{"line":210,"column":58}},"103":{"start":{"line":212,"column":28},"end":{"line":223,"column":31}},"104":{"start":{"line":231,"column":4},"end":{"line":231,"column":26}},"105":{"start":{"line":234,"column":12},"end":{"line":234,"column":32}},"106":{"start":{"line":235,"column":0},"end":{"line":235,"column":24}}},"fnMap":{"0":{"name":"(anonymous_0)","decl":{"start":{"line":7,"column":19},"end":{"line":7,"column":20}},"loc":{"start":{"line":7,"column":31},"end":{"line":7,"column":561}},"line":7},"1":{"name":"defineProperties","decl":{"start":{"line":7,"column":42},"end":{"line":7,"column":58}},"loc":{"start":{"line":7,"column":74},"end":{"line":7,"column":349}},"line":7},"2":{"name":"(anonymous_2)","decl":{"start":{"line":7,"column":357},"end":{"line":7,"column":358}},"loc":{"start":{"line":7,"column":405},"end":{"line":7,"column":558}},"line":7},"3":{"name":"_interopRequireDefault","decl":{"start":{"line":29,"column":9},"end":{"line":29,"column":31}},"loc":{"start":{"line":29,"column":37},"end":{"line":29,"column":95}},"line":29},"4":{"name":"_classCallCheck","decl":{"start":{"line":31,"column":9},"end":{"line":31,"column":24}},"loc":{"start":{"line":31,"column":48},"end":{"line":31,"column":153}},"line":31},"5":{"name":"(anonymous_5)","decl":{"start":{"line":33,"column":21},"end":{"line":33,"column":22}},"loc":{"start":{"line":33,"column":33},"end":{"line":232,"column":1}},"line":33},"6":{"name":"UserController","decl":{"start":{"line":34,"column":13},"end":{"line":34,"column":27}},"loc":{"start":{"line":34,"column":30},"end":{"line":36,"column":5}},"line":34},"7":{"name":"signup","decl":{"start":{"line":40,"column":24},"end":{"line":40,"column":30}},"loc":{"start":{"line":40,"column":41},"end":{"line":99,"column":9}},"line":40},"8":{"name":"(anonymous_8)","decl":{"start":{"line":50,"column":45},"end":{"line":50,"column":46}},"loc":{"start":{"line":50,"column":63},"end":{"line":98,"column":13}},"line":50},"9":{"name":"encryptPassword","decl":{"start":{"line":65,"column":51},"end":{"line":65,"column":66}},"loc":{"start":{"line":65,"column":83},"end":{"line":69,"column":21}},"line":65},"10":{"name":"makeSalt","decl":{"start":{"line":71,"column":44},"end":{"line":71,"column":52}},"loc":{"start":{"line":71,"column":55},"end":{"line":73,"column":21}},"line":71},"11":{"name":"(anonymous_11)","decl":{"start":{"line":81,"column":61},"end":{"line":81,"column":62}},"loc":{"start":{"line":81,"column":79},"end":{"line":96,"column":21}},"line":81},"12":{"name":"getAll","decl":{"start":{"line":102,"column":24},"end":{"line":102,"column":30}},"loc":{"start":{"line":102,"column":41},"end":{"line":111,"column":9}},"line":102},"13":{"name":"(anonymous_13)","decl":{"start":{"line":103,"column":62},"end":{"line":103,"column":63}},"loc":{"start":{"line":103,"column":80},"end":{"line":110,"column":13}},"line":103},"14":{"name":"signin","decl":{"start":{"line":114,"column":24},"end":{"line":114,"column":30}},"loc":{"start":{"line":114,"column":41},"end":{"line":164,"column":9}},"line":114},"15":{"name":"(anonymous_15)","decl":{"start":{"line":120,"column":90},"end":{"line":120,"column":91}},"loc":{"start":{"line":120,"column":108},"end":{"line":163,"column":13}},"line":120},"16":{"name":"encryptPassword","decl":{"start":{"line":122,"column":51},"end":{"line":122,"column":66}},"loc":{"start":{"line":122,"column":77},"end":{"line":126,"column":21}},"line":122},"17":{"name":"authenticate","decl":{"start":{"line":128,"column":48},"end":{"line":128,"column":60}},"loc":{"start":{"line":128,"column":72},"end":{"line":130,"column":21}},"line":128},"18":{"name":"createStaff","decl":{"start":{"line":167,"column":24},"end":{"line":167,"column":35}},"loc":{"start":{"line":167,"column":46},"end":{"line":228,"column":9}},"line":167},"19":{"name":"(anonymous_19)","decl":{"start":{"line":177,"column":45},"end":{"line":177,"column":46}},"loc":{"start":{"line":177,"column":63},"end":{"line":227,"column":13}},"line":177},"20":{"name":"encryptPassword","decl":{"start":{"line":187,"column":51},"end":{"line":187,"column":66}},"loc":{"start":{"line":187,"column":83},"end":{"line":191,"column":21}},"line":187},"21":{"name":"makeSalt","decl":{"start":{"line":193,"column":44},"end":{"line":193,"column":52}},"loc":{"start":{"line":193,"column":55},"end":{"line":195,"column":21}},"line":193},"22":{"name":"(anonymous_22)","decl":{"start":{"line":203,"column":61},"end":{"line":203,"column":62}},"loc":{"start":{"line":203,"column":79},"end":{"line":225,"column":21}},"line":203}},"branchMap":{"0":{"loc":{"start":{"line":7,"column":168},"end":{"line":7,"column":198}},"type":"binary-expr","locations":[{"start":{"line":7,"column":168},"end":{"line":7,"column":189}},{"start":{"line":7,"column":193},"end":{"line":7,"column":198}}],"line":7},"1":{"loc":{"start":{"line":7,"column":232},"end":{"line":7,"column":286}},"type":"if","locations":[{"start":{"line":7,"column":232},"end":{"line":7,"column":286}},{"start":{"line":7,"column":232},"end":{"line":7,"column":286}}],"line":7},"2":{"loc":{"start":{"line":7,"column":407},"end":{"line":7,"column":475}},"type":"if","locations":[{"start":{"line":7,"column":407},"end":{"line":7,"column":475}},{"start":{"line":7,"column":407},"end":{"line":7,"column":475}}],"line":7},"3":{"loc":{"start":{"line":7,"column":476},"end":{"line":7,"column":536}},"type":"if","locations":[{"start":{"line":7,"column":476},"end":{"line":7,"column":536}},{"start":{"line":7,"column":476},"end":{"line":7,"column":536}}],"line":7},"4":{"loc":{"start":{"line":29,"column":46},"end":{"line":29,"column":92}},"type":"cond-expr","locations":[{"start":{"line":29,"column":70},"end":{"line":29,"column":73}},{"start":{"line":29,"column":76},"end":{"line":29,"column":92}}],"line":29},"5":{"loc":{"start":{"line":29,"column":46},"end":{"line":29,"column":67}},"type":"binary-expr","locations":[{"start":{"line":29,"column":46},"end":{"line":29,"column":49}},{"start":{"line":29,"column":53},"end":{"line":29,"column":67}}],"line":29},"6":{"loc":{"start":{"line":31,"column":50},"end":{"line":31,"column":151}},"type":"if","locations":[{"start":{"line":31,"column":50},"end":{"line":31,"column":151}},{"start":{"line":31,"column":50},"end":{"line":31,"column":151}}],"line":31},"7":{"loc":{"start":{"line":53,"column":16},"end":{"line":97,"column":17}},"type":"if","locations":[{"start":{"line":53,"column":16},"end":{"line":97,"column":17}},{"start":{"line":53,"column":16},"end":{"line":97,"column":17}}],"line":53},"8":{"loc":{"start":{"line":104,"column":16},"end":{"line":109,"column":17}},"type":"if","locations":[{"start":{"line":104,"column":16},"end":{"line":109,"column":17}},{"start":{"line":104,"column":16},"end":{"line":109,"column":17}}],"line":104},"9":{"loc":{"start":{"line":121,"column":16},"end":{"line":162,"column":17}},"type":"if","locations":[{"start":{"line":121,"column":16},"end":{"line":162,"column":17}},{"start":{"line":121,"column":16},"end":{"line":162,"column":17}}],"line":121},"10":{"loc":{"start":{"line":131,"column":20},"end":{"line":156,"column":21}},"type":"if","locations":[{"start":{"line":131,"column":20},"end":{"line":156,"column":21}},{"start":{"line":131,"column":20},"end":{"line":156,"column":21}}],"line":131},"11":{"loc":{"start":{"line":180,"column":16},"end":{"line":226,"column":17}},"type":"if","locations":[{"start":{"line":180,"column":16},"end":{"line":226,"column":17}},{"start":{"line":180,"column":16},"end":{"line":226,"column":17}}],"line":180},"12":{"loc":{"start":{"line":205,"column":24},"end":{"line":224,"column":25}},"type":"if","locations":[{"start":{"line":205,"column":24},"end":{"line":224,"column":25}},{"start":{"line":205,"column":24},"end":{"line":224,"column":25}}],"line":205}},"s":{"0":1,"1":1,"2":1,"3":1,"4":4,"5":4,"6":4,"7":4,"8":4,"9":4,"10":1,"11":1,"12":1,"13":1,"14":0,"15":1,"16":1,"17":1,"18":1,"19":1,"20":1,"21":1,"22":1,"23":1,"24":1,"25":1,"26":5,"27":1,"28":0,"29":1,"30":1,"31":1,"32":0,"33":0,"34":0,"35":0,"36":0,"37":0,"38":0,"39":0,"40":0,"41":0,"42":0,"43":0,"44":0,"45":0,"46":0,"47":0,"48":0,"49":0,"50":0,"51":0,"52":0,"53":0,"54":0,"55":0,"56":0,"57":0,"58":1,"59":1,"60":1,"61":4,"62":4,"63":4,"64":4,"65":4,"66":3,"67":3,"68":3,"69":3,"70":3,"71":3,"72":2,"73":2,"74":2,"75":2,"76":1,"77":1,"78":3,"79":3,"80":3,"81":3,"82":3,"83":3,"84":3,"85":3,"86":3,"87":3,"88":1,"89":2,"90":2,"91":2,"92":2,"93":2,"94":2,"95":2,"96":2,"97":2,"98":2,"99":2,"100":2,"101":2,"102":2,"103":2,"104":1,"105":1,"106":1},"f":{"0":1,"1":1,"2":1,"3":5,"4":1,"5":1,"6":1,"7":0,"8":0,"9":0,"10":0,"11":0,"12":1,"13":1,"14":4,"15":4,"16":3,"17":3,"18":3,"19":3,"20":2,"21":2,"22":2},"b":{"0":[4,4],"1":[4,0],"2":[1,0],"3":[0,1],"4":[1,4],"5":[5,5],"6":[0,1],"7":[0,0],"8":[1,0],"9":[3,1],"10":[2,1],"11":[1,2],"12":[2,0]},"_coverageSchema":"43e27e138ebf9cfc5966b082cf9a028302ed4184","hash":"7f5d9165c98c34a36e25e4615c5cd6c3f0cbc1ae","contentHash":"04f1a269f226725755fbc0c500ad1b6ba08fc5343a1086d2ad4b47ded34d230f"},"/home/Projects/banka/server/db/index.js":{"path":"/home/Projects/banka/server/db/index.js","statementMap":{"0":{"start":{"line":3,"column":0},"end":{"line":5,"column":3}},"1":{"start":{"line":7,"column":19},"end":{"line":7,"column":563}},"2":{"start":{"line":7,"column":76},"end":{"line":7,"column":347}},"3":{"start":{"line":7,"column":89},"end":{"line":7,"column":90}},"4":{"start":{"line":7,"column":134},"end":{"line":7,"column":142}},"5":{"start":{"line":7,"column":144},"end":{"line":7,"column":199}},"6":{"start":{"line":7,"column":200},"end":{"line":7,"column":231}},"7":{"start":{"line":7,"column":232},"end":{"line":7,"column":286}},"8":{"start":{"line":7,"column":259},"end":{"line":7,"column":286}},"9":{"start":{"line":7,"column":287},"end":{"line":7,"column":345}},"10":{"start":{"line":7,"column":350},"end":{"line":7,"column":559}},"11":{"start":{"line":7,"column":407},"end":{"line":7,"column":475}},"12":{"start":{"line":7,"column":423},"end":{"line":7,"column":475}},"13":{"start":{"line":7,"column":476},"end":{"line":7,"column":536}},"14":{"start":{"line":7,"column":493},"end":{"line":7,"column":536}},"15":{"start":{"line":7,"column":537},"end":{"line":7,"column":556}},"16":{"start":{"line":9,"column":10},"end":{"line":9,"column":23}},"17":{"start":{"line":11,"column":11},"end":{"line":11,"column":38}},"18":{"start":{"line":13,"column":14},"end":{"line":13,"column":31}},"19":{"start":{"line":15,"column":15},"end":{"line":15,"column":46}},"20":{"start":{"line":17,"column":14},"end":{"line":17,"column":43}},"21":{"start":{"line":19,"column":15},"end":{"line":19,"column":46}},"22":{"start":{"line":21,"column":14},"end":{"line":21,"column":31}},"23":{"start":{"line":23,"column":15},"end":{"line":23,"column":46}},"24":{"start":{"line":25,"column":14},"end":{"line":25,"column":31}},"25":{"start":{"line":27,"column":15},"end":{"line":27,"column":46}},"26":{"start":{"line":29,"column":39},"end":{"line":29,"column":93}},"27":{"start":{"line":31,"column":33},"end":{"line":31,"column":456}},"28":{"start":{"line":31,"column":64},"end":{"line":31,"column":89}},"29":{"start":{"line":31,"column":91},"end":{"line":31,"column":453}},"30":{"start":{"line":31,"column":165},"end":{"line":31,"column":263}},"31":{"start":{"line":31,"column":182},"end":{"line":31,"column":195}},"32":{"start":{"line":31,"column":209},"end":{"line":31,"column":219}},"33":{"start":{"line":31,"column":239},"end":{"line":31,"column":253}},"34":{"start":{"line":31,"column":254},"end":{"line":31,"column":261}},"35":{"start":{"line":31,"column":264},"end":{"line":31,"column":426}},"36":{"start":{"line":31,"column":281},"end":{"line":31,"column":296}},"37":{"start":{"line":31,"column":306},"end":{"line":31,"column":424}},"38":{"start":{"line":31,"column":360},"end":{"line":31,"column":380}},"39":{"start":{"line":31,"column":401},"end":{"line":31,"column":420}},"40":{"start":{"line":31,"column":429},"end":{"line":31,"column":449}},"41":{"start":{"line":33,"column":50},"end":{"line":33,"column":151}},"42":{"start":{"line":33,"column":92},"end":{"line":33,"column":149}},"43":{"start":{"line":35,"column":0},"end":{"line":35,"column":26}},"44":{"start":{"line":37,"column":18},"end":{"line":39,"column":1}},"45":{"start":{"line":41,"column":9},"end":{"line":202,"column":3}},"46":{"start":{"line":43,"column":20},"end":{"line":43,"column":24}},"47":{"start":{"line":45,"column":8},"end":{"line":45,"column":34}},"48":{"start":{"line":47,"column":8},"end":{"line":47,"column":46}},"49":{"start":{"line":48,"column":8},"end":{"line":61,"column":12}},"50":{"start":{"line":49,"column":12},"end":{"line":60,"column":31}},"51":{"start":{"line":50,"column":16},"end":{"line":59,"column":17}},"52":{"start":{"line":51,"column":20},"end":{"line":58,"column":21}},"53":{"start":{"line":53,"column":28},"end":{"line":53,"column":83}},"54":{"start":{"line":57,"column":28},"end":{"line":57,"column":51}},"55":{"start":{"line":63,"column":8},"end":{"line":63,"column":500}},"56":{"start":{"line":65,"column":8},"end":{"line":65,"column":414}},"57":{"start":{"line":67,"column":8},"end":{"line":67,"column":443}},"58":{"start":{"line":69,"column":30},"end":{"line":73,"column":9}},"59":{"start":{"line":70,"column":12},"end":{"line":72,"column":28}},"60":{"start":{"line":71,"column":16},"end":{"line":71,"column":96}},"61":{"start":{"line":75,"column":23},"end":{"line":77,"column":9}},"62":{"start":{"line":76,"column":12},"end":{"line":76,"column":73}},"63":{"start":{"line":78,"column":19},"end":{"line":78,"column":29}},"64":{"start":{"line":79,"column":30},"end":{"line":79,"column":64}},"65":{"start":{"line":81,"column":8},"end":{"line":81,"column":171}},"66":{"start":{"line":82,"column":8},"end":{"line":82,"column":167}},"67":{"start":{"line":84,"column":8},"end":{"line":84,"column":22}},"68":{"start":{"line":87,"column":4},"end":{"line":199,"column":8}},"69":{"start":{"line":90,"column":24},"end":{"line":139,"column":15}},"70":{"start":{"line":91,"column":27},"end":{"line":91,"column":97}},"71":{"start":{"line":93,"column":16},"end":{"line":138,"column":54}},"72":{"start":{"line":94,"column":20},"end":{"line":137,"column":21}},"73":{"start":{"line":95,"column":24},"end":{"line":136,"column":25}},"74":{"start":{"line":97,"column":32},"end":{"line":97,"column":51}},"75":{"start":{"line":98,"column":32},"end":{"line":98,"column":54}},"76":{"start":{"line":101,"column":32},"end":{"line":101,"column":54}},"77":{"start":{"line":102,"column":32},"end":{"line":102,"column":51}},"78":{"start":{"line":104,"column":32},"end":{"line":107,"column":33}},"79":{"start":{"line":105,"column":36},"end":{"line":105,"column":55}},"80":{"start":{"line":106,"column":36},"end":{"line":106,"column":42}},"81":{"start":{"line":109,"column":32},"end":{"line":109,"column":51}},"82":{"start":{"line":110,"column":32},"end":{"line":110,"column":61}},"83":{"start":{"line":113,"column":32},"end":{"line":113,"column":82}},"84":{"start":{"line":116,"column":32},"end":{"line":116,"column":52}},"85":{"start":{"line":117,"column":32},"end":{"line":117,"column":55}},"86":{"start":{"line":120,"column":32},"end":{"line":120,"column":82}},"87":{"start":{"line":123,"column":32},"end":{"line":123,"column":52}},"88":{"start":{"line":124,"column":32},"end":{"line":124,"column":69}},"89":{"start":{"line":125,"column":32},"end":{"line":125,"column":80}},"90":{"start":{"line":128,"column":32},"end":{"line":128,"column":52}},"91":{"start":{"line":130,"column":32},"end":{"line":130,"column":47}},"92":{"start":{"line":131,"column":32},"end":{"line":131,"column":60}},"93":{"start":{"line":135,"column":32},"end":{"line":135,"column":56}},"94":{"start":{"line":142,"column":16},"end":{"line":142,"column":52}},"95":{"start":{"line":145,"column":12},"end":{"line":145,"column":25}},"96":{"start":{"line":150,"column":24},"end":{"line":191,"column":15}},"97":{"start":{"line":151,"column":29},"end":{"line":151,"column":33}},"98":{"start":{"line":153,"column":16},"end":{"line":190,"column":35}},"99":{"start":{"line":154,"column":20},"end":{"line":189,"column":21}},"100":{"start":{"line":155,"column":24},"end":{"line":188,"column":25}},"101":{"start":{"line":157,"column":32},"end":{"line":157,"column":51}},"102":{"start":{"line":158,"column":32},"end":{"line":158,"column":67}},"103":{"start":{"line":161,"column":32},"end":{"line":161,"column":51}},"104":{"start":{"line":162,"column":32},"end":{"line":162,"column":70}},"105":{"start":{"line":165,"column":32},"end":{"line":165,"column":51}},"106":{"start":{"line":166,"column":32},"end":{"line":166,"column":74}},"107":{"start":{"line":169,"column":32},"end":{"line":169,"column":51}},"108":{"start":{"line":170,"column":32},"end":{"line":179,"column":35}},"109":{"start":{"line":171,"column":36},"end":{"line":178,"column":37}},"110":{"start":{"line":172,"column":40},"end":{"line":172,"column":76}},"111":{"start":{"line":174,"column":40},"end":{"line":177,"column":43}},"112":{"start":{"line":175,"column":44},"end":{"line":175,"column":72}},"113":{"start":{"line":176,"column":44},"end":{"line":176,"column":73}},"114":{"start":{"line":183,"column":32},"end":{"line":183,"column":67}},"115":{"start":{"line":187,"column":32},"end":{"line":187,"column":56}},"116":{"start":{"line":194,"column":16},"end":{"line":194,"column":52}},"117":{"start":{"line":197,"column":12},"end":{"line":197,"column":26}},"118":{"start":{"line":201,"column":4},"end":{"line":201,"column":14}},"119":{"start":{"line":204,"column":0},"end":{"line":204,"column":27}}},"fnMap":{"0":{"name":"(anonymous_0)","decl":{"start":{"line":7,"column":19},"end":{"line":7,"column":20}},"loc":{"start":{"line":7,"column":31},"end":{"line":7,"column":561}},"line":7},"1":{"name":"defineProperties","decl":{"start":{"line":7,"column":42},"end":{"line":7,"column":58}},"loc":{"start":{"line":7,"column":74},"end":{"line":7,"column":349}},"line":7},"2":{"name":"(anonymous_2)","decl":{"start":{"line":7,"column":357},"end":{"line":7,"column":358}},"loc":{"start":{"line":7,"column":405},"end":{"line":7,"column":558}},"line":7},"3":{"name":"_interopRequireDefault","decl":{"start":{"line":29,"column":9},"end":{"line":29,"column":31}},"loc":{"start":{"line":29,"column":37},"end":{"line":29,"column":95}},"line":29},"4":{"name":"_asyncToGenerator","decl":{"start":{"line":31,"column":9},"end":{"line":31,"column":26}},"loc":{"start":{"line":31,"column":31},"end":{"line":31,"column":458}},"line":31},"5":{"name":"(anonymous_5)","decl":{"start":{"line":31,"column":40},"end":{"line":31,"column":41}},"loc":{"start":{"line":31,"column":52},"end":{"line":31,"column":455}},"line":31},"6":{"name":"(anonymous_6)","decl":{"start":{"line":31,"column":110},"end":{"line":31,"column":111}},"loc":{"start":{"line":31,"column":137},"end":{"line":31,"column":451}},"line":31},"7":{"name":"step","decl":{"start":{"line":31,"column":148},"end":{"line":31,"column":152}},"loc":{"start":{"line":31,"column":163},"end":{"line":31,"column":428}},"line":31},"8":{"name":"(anonymous_8)","decl":{"start":{"line":31,"column":341},"end":{"line":31,"column":342}},"loc":{"start":{"line":31,"column":358},"end":{"line":31,"column":382}},"line":31},"9":{"name":"(anonymous_9)","decl":{"start":{"line":31,"column":384},"end":{"line":31,"column":385}},"loc":{"start":{"line":31,"column":399},"end":{"line":31,"column":422}},"line":31},"10":{"name":"_classCallCheck","decl":{"start":{"line":33,"column":9},"end":{"line":33,"column":24}},"loc":{"start":{"line":33,"column":48},"end":{"line":33,"column":153}},"line":33},"11":{"name":"(anonymous_11)","decl":{"start":{"line":41,"column":9},"end":{"line":41,"column":10}},"loc":{"start":{"line":41,"column":21},"end":{"line":202,"column":1}},"line":41},"12":{"name":"Db","decl":{"start":{"line":42,"column":13},"end":{"line":42,"column":15}},"loc":{"start":{"line":42,"column":18},"end":{"line":85,"column":5}},"line":42},"13":{"name":"_callee","decl":{"start":{"line":48,"column":88},"end":{"line":48,"column":95}},"loc":{"start":{"line":48,"column":98},"end":{"line":61,"column":9}},"line":48},"14":{"name":"_callee$","decl":{"start":{"line":49,"column":52},"end":{"line":49,"column":60}},"loc":{"start":{"line":49,"column":71},"end":{"line":60,"column":13}},"line":49},"15":{"name":"encryptPassword","decl":{"start":{"line":69,"column":39},"end":{"line":69,"column":54}},"loc":{"start":{"line":69,"column":71},"end":{"line":73,"column":9}},"line":69},"16":{"name":"makeSalt","decl":{"start":{"line":75,"column":32},"end":{"line":75,"column":40}},"loc":{"start":{"line":75,"column":43},"end":{"line":77,"column":9}},"line":75},"17":{"name":"(anonymous_17)","decl":{"start":{"line":89,"column":15},"end":{"line":89,"column":16}},"loc":{"start":{"line":89,"column":27},"end":{"line":146,"column":9}},"line":89},"18":{"name":"_callee2","decl":{"start":{"line":90,"column":89},"end":{"line":90,"column":97}},"loc":{"start":{"line":90,"column":103},"end":{"line":139,"column":13}},"line":90},"19":{"name":"_callee2$","decl":{"start":{"line":93,"column":56},"end":{"line":93,"column":65}},"loc":{"start":{"line":93,"column":77},"end":{"line":138,"column":17}},"line":93},"20":{"name":"query","decl":{"start":{"line":141,"column":21},"end":{"line":141,"column":26}},"loc":{"start":{"line":141,"column":32},"end":{"line":143,"column":13}},"line":141},"21":{"name":"(anonymous_21)","decl":{"start":{"line":149,"column":15},"end":{"line":149,"column":16}},"loc":{"start":{"line":149,"column":27},"end":{"line":198,"column":9}},"line":149},"22":{"name":"_callee3","decl":{"start":{"line":150,"column":89},"end":{"line":150,"column":97}},"loc":{"start":{"line":150,"column":100},"end":{"line":191,"column":13}},"line":150},"23":{"name":"_callee3$","decl":{"start":{"line":153,"column":56},"end":{"line":153,"column":65}},"loc":{"start":{"line":153,"column":77},"end":{"line":190,"column":17}},"line":153},"24":{"name":"(anonymous_24)","decl":{"start":{"line":170,"column":108},"end":{"line":170,"column":109}},"loc":{"start":{"line":170,"column":126},"end":{"line":179,"column":33}},"line":170},"25":{"name":"(anonymous_25)","decl":{"start":{"line":174,"column":87},"end":{"line":174,"column":88}},"loc":{"start":{"line":174,"column":105},"end":{"line":177,"column":41}},"line":174},"26":{"name":"initDb","decl":{"start":{"line":193,"column":21},"end":{"line":193,"column":27}},"loc":{"start":{"line":193,"column":30},"end":{"line":195,"column":13}},"line":193}},"branchMap":{"0":{"loc":{"start":{"line":7,"column":168},"end":{"line":7,"column":198}},"type":"binary-expr","locations":[{"start":{"line":7,"column":168},"end":{"line":7,"column":189}},{"start":{"line":7,"column":193},"end":{"line":7,"column":198}}],"line":7},"1":{"loc":{"start":{"line":7,"column":232},"end":{"line":7,"column":286}},"type":"if","locations":[{"start":{"line":7,"column":232},"end":{"line":7,"column":286}},{"start":{"line":7,"column":232},"end":{"line":7,"column":286}}],"line":7},"2":{"loc":{"start":{"line":7,"column":407},"end":{"line":7,"column":475}},"type":"if","locations":[{"start":{"line":7,"column":407},"end":{"line":7,"column":475}},{"start":{"line":7,"column":407},"end":{"line":7,"column":475}}],"line":7},"3":{"loc":{"start":{"line":7,"column":476},"end":{"line":7,"column":536}},"type":"if","locations":[{"start":{"line":7,"column":476},"end":{"line":7,"column":536}},{"start":{"line":7,"column":476},"end":{"line":7,"column":536}}],"line":7},"4":{"loc":{"start":{"line":29,"column":46},"end":{"line":29,"column":92}},"type":"cond-expr","locations":[{"start":{"line":29,"column":70},"end":{"line":29,"column":73}},{"start":{"line":29,"column":76},"end":{"line":29,"column":92}}],"line":29},"5":{"loc":{"start":{"line":29,"column":46},"end":{"line":29,"column":67}},"type":"binary-expr","locations":[{"start":{"line":29,"column":46},"end":{"line":29,"column":49}},{"start":{"line":29,"column":53},"end":{"line":29,"column":67}}],"line":29},"6":{"loc":{"start":{"line":31,"column":264},"end":{"line":31,"column":426}},"type":"if","locations":[{"start":{"line":31,"column":264},"end":{"line":31,"column":426}},{"start":{"line":31,"column":264},"end":{"line":31,"column":426}}],"line":31},"7":{"loc":{"start":{"line":33,"column":50},"end":{"line":33,"column":151}},"type":"if","locations":[{"start":{"line":33,"column":50},"end":{"line":33,"column":151}},{"start":{"line":33,"column":50},"end":{"line":33,"column":151}}],"line":33},"8":{"loc":{"start":{"line":38,"column":22},"end":{"line":38,"column":107}},"type":"cond-expr","locations":[{"start":{"line":38,"column":56},"end":{"line":38,"column":82}},{"start":{"line":38,"column":85},"end":{"line":38,"column":107}}],"line":38},"9":{"loc":{"start":{"line":51,"column":20},"end":{"line":58,"column":21}},"type":"switch","locations":[{"start":{"line":52,"column":24},"end":{"line":53,"column":83}},{"start":{"line":55,"column":24},"end":{"line":55,"column":31}},{"start":{"line":56,"column":24},"end":{"line":57,"column":51}}],"line":51},"10":{"loc":{"start":{"line":91,"column":27},"end":{"line":91,"column":97}},"type":"cond-expr","locations":[{"start":{"line":91,"column":80},"end":{"line":91,"column":92}},{"start":{"line":91,"column":95},"end":{"line":91,"column":97}}],"line":91},"11":{"loc":{"start":{"line":91,"column":27},"end":{"line":91,"column":77}},"type":"binary-expr","locations":[{"start":{"line":91,"column":27},"end":{"line":91,"column":47}},{"start":{"line":91,"column":51},"end":{"line":91,"column":77}}],"line":91},"12":{"loc":{"start":{"line":95,"column":24},"end":{"line":136,"column":25}},"type":"switch","locations":[{"start":{"line":96,"column":28},"end":{"line":98,"column":54}},{"start":{"line":100,"column":28},"end":{"line":110,"column":61}},{"start":{"line":112,"column":28},"end":{"line":113,"column":82}},{"start":{"line":115,"column":28},"end":{"line":117,"column":55}},{"start":{"line":119,"column":28},"end":{"line":120,"column":82}},{"start":{"line":122,"column":28},"end":{"line":125,"column":80}},{"start":{"line":127,"column":28},"end":{"line":131,"column":60}},{"start":{"line":133,"column":28},"end":{"line":133,"column":36}},{"start":{"line":134,"column":28},"end":{"line":135,"column":56}}],"line":95},"13":{"loc":{"start":{"line":104,"column":32},"end":{"line":107,"column":33}},"type":"if","locations":[{"start":{"line":104,"column":32},"end":{"line":107,"column":33}},{"start":{"line":104,"column":32},"end":{"line":107,"column":33}}],"line":104},"14":{"loc":{"start":{"line":155,"column":24},"end":{"line":188,"column":25}},"type":"switch","locations":[{"start":{"line":156,"column":28},"end":{"line":158,"column":67}},{"start":{"line":160,"column":28},"end":{"line":162,"column":70}},{"start":{"line":164,"column":28},"end":{"line":166,"column":74}},{"start":{"line":168,"column":28},"end":{"line":179,"column":35}},{"start":{"line":181,"column":28},"end":{"line":183,"column":67}},{"start":{"line":185,"column":28},"end":{"line":185,"column":35}},{"start":{"line":186,"column":28},"end":{"line":187,"column":56}}],"line":155},"15":{"loc":{"start":{"line":171,"column":36},"end":{"line":178,"column":37}},"type":"if","locations":[{"start":{"line":171,"column":36},"end":{"line":178,"column":37}},{"start":{"line":171,"column":36},"end":{"line":178,"column":37}}],"line":171}},"s":{"0":1,"1":1,"2":1,"3":1,"4":2,"5":2,"6":2,"7":2,"8":2,"9":2,"10":1,"11":1,"12":1,"13":1,"14":0,"15":1,"16":1,"17":1,"18":1,"19":1,"20":1,"21":1,"22":1,"23":1,"24":1,"25":1,"26":5,"27":3,"28":51,"29":51,"30":104,"31":104,"32":104,"33":0,"34":0,"35":104,"36":50,"37":54,"38":53,"39":0,"40":51,"41":1,"42":0,"43":1,"44":1,"45":1,"46":1,"47":1,"48":1,"49":1,"50":25,"51":50,"52":50,"53":25,"54":25,"55":1,"56":1,"57":1,"58":1,"59":1,"60":1,"61":1,"62":1,"63":1,"64":1,"65":1,"66":1,"67":1,"68":1,"69":1,"70":25,"71":25,"72":122,"73":142,"74":25,"75":25,"76":25,"77":25,"78":25,"79":20,"80":20,"81":5,"82":5,"83":5,"84":20,"85":20,"86":19,"87":0,"88":0,"89":0,"90":24,"91":24,"92":24,"93":24,"94":25,"95":1,"96":1,"97":1,"98":1,"99":5,"100":5,"101":1,"102":1,"103":1,"104":1,"105":1,"106":1,"107":1,"108":1,"109":1,"110":0,"111":1,"112":1,"113":1,"114":1,"115":1,"116":1,"117":1,"118":1,"119":1},"f":{"0":1,"1":1,"2":1,"3":5,"4":3,"5":51,"6":51,"7":104,"8":53,"9":0,"10":1,"11":1,"12":1,"13":25,"14":50,"15":1,"16":1,"17":1,"18":25,"19":122,"20":25,"21":1,"22":1,"23":5,"24":1,"25":1,"26":1},"b":{"0":[2,2],"1":[2,0],"2":[1,0],"3":[0,1],"4":[0,5],"5":[5,5],"6":[50,54],"7":[0,1],"8":[1,0],"9":[25,0,25],"10":[5,20],"11":[25,5],"12":[25,25,5,20,19,0,24,0,24],"13":[20,5],"14":[1,1,1,1,1,1,1],"15":[0,1]},"_coverageSchema":"43e27e138ebf9cfc5966b082cf9a028302ed4184","hash":"9e30c2e2a9fccd8d8a1c5250883b4a0b0d95b407","contentHash":"390b846e56a6e8d31fb213b384e0bee5a7d8efc707b65d486135fa9227890331"},"/home/Projects/banka/server/controllers/accounts.js":{"path":"/home/Projects/banka/server/controllers/accounts.js","statementMap":{"0":{"start":{"line":3,"column":0},"end":{"line":5,"column":3}},"1":{"start":{"line":7,"column":19},"end":{"line":7,"column":563}},"2":{"start":{"line":7,"column":76},"end":{"line":7,"column":347}},"3":{"start":{"line":7,"column":89},"end":{"line":7,"column":90}},"4":{"start":{"line":7,"column":134},"end":{"line":7,"column":142}},"5":{"start":{"line":7,"column":144},"end":{"line":7,"column":199}},"6":{"start":{"line":7,"column":200},"end":{"line":7,"column":231}},"7":{"start":{"line":7,"column":232},"end":{"line":7,"column":286}},"8":{"start":{"line":7,"column":259},"end":{"line":7,"column":286}},"9":{"start":{"line":7,"column":287},"end":{"line":7,"column":345}},"10":{"start":{"line":7,"column":350},"end":{"line":7,"column":559}},"11":{"start":{"line":7,"column":407},"end":{"line":7,"column":475}},"12":{"start":{"line":7,"column":423},"end":{"line":7,"column":475}},"13":{"start":{"line":7,"column":476},"end":{"line":7,"column":536}},"14":{"start":{"line":7,"column":493},"end":{"line":7,"column":536}},"15":{"start":{"line":7,"column":537},"end":{"line":7,"column":556}},"16":{"start":{"line":9,"column":13},"end":{"line":9,"column":37}},"17":{"start":{"line":11,"column":14},"end":{"line":11,"column":44}},"18":{"start":{"line":13,"column":14},"end":{"line":13,"column":43}},"19":{"start":{"line":15,"column":15},"end":{"line":15,"column":46}},"20":{"start":{"line":17,"column":14},"end":{"line":17,"column":31}},"21":{"start":{"line":19,"column":15},"end":{"line":19,"column":46}},"22":{"start":{"line":21,"column":39},"end":{"line":21,"column":93}},"23":{"start":{"line":23,"column":50},"end":{"line":23,"column":151}},"24":{"start":{"line":23,"column":92},"end":{"line":23,"column":149}},"25":{"start":{"line":25,"column":24},"end":{"line":270,"column":3}},"26":{"start":{"line":27,"column":8},"end":{"line":27,"column":49}},"27":{"start":{"line":30,"column":4},"end":{"line":267,"column":8}},"28":{"start":{"line":33,"column":28},"end":{"line":35,"column":13}},"29":{"start":{"line":34,"column":16},"end":{"line":34,"column":70}},"30":{"start":{"line":36,"column":24},"end":{"line":36,"column":42}},"31":{"start":{"line":37,"column":23},"end":{"line":37,"column":36}},"32":{"start":{"line":40,"column":23},"end":{"line":40,"column":74}},"33":{"start":{"line":42,"column":12},"end":{"line":69,"column":15}},"34":{"start":{"line":43,"column":16},"end":{"line":68,"column":17}},"35":{"start":{"line":44,"column":20},"end":{"line":44,"column":54}},"36":{"start":{"line":45,"column":40},"end":{"line":45,"column":69}},"37":{"start":{"line":46,"column":35},"end":{"line":46,"column":45}},"38":{"start":{"line":47,"column":33},"end":{"line":47,"column":42}},"39":{"start":{"line":48,"column":34},"end":{"line":48,"column":35}},"40":{"start":{"line":49,"column":32},"end":{"line":49,"column":49}},"41":{"start":{"line":50,"column":35},"end":{"line":50,"column":104}},"42":{"start":{"line":51,"column":20},"end":{"line":51,"column":42}},"43":{"start":{"line":52,"column":30},"end":{"line":52,"column":145}},"44":{"start":{"line":53,"column":20},"end":{"line":62,"column":23}},"45":{"start":{"line":54,"column":24},"end":{"line":54,"column":49}},"46":{"start":{"line":55,"column":24},"end":{"line":61,"column":27}},"47":{"start":{"line":64,"column":20},"end":{"line":67,"column":23}},"48":{"start":{"line":74,"column":32},"end":{"line":74,"column":56}},"49":{"start":{"line":76,"column":22},"end":{"line":76,"column":45}},"50":{"start":{"line":77,"column":25},"end":{"line":77,"column":40}},"51":{"start":{"line":79,"column":24},"end":{"line":79,"column":84}},"52":{"start":{"line":80,"column":12},"end":{"line":119,"column":15}},"53":{"start":{"line":81,"column":16},"end":{"line":81,"column":41}},"54":{"start":{"line":82,"column":16},"end":{"line":113,"column":17}},"55":{"start":{"line":83,"column":20},"end":{"line":107,"column":21}},"56":{"start":{"line":84,"column":24},"end":{"line":87,"column":27}},"57":{"start":{"line":89,"column":34},"end":{"line":89,"column":129}},"58":{"start":{"line":90,"column":24},"end":{"line":106,"column":27}},"59":{"start":{"line":91,"column":28},"end":{"line":91,"column":53}},"60":{"start":{"line":92,"column":28},"end":{"line":105,"column":29}},"61":{"start":{"line":93,"column":32},"end":{"line":99,"column":35}},"62":{"start":{"line":101,"column":32},"end":{"line":104,"column":35}},"63":{"start":{"line":109,"column":20},"end":{"line":112,"column":23}},"64":{"start":{"line":115,"column":16},"end":{"line":118,"column":19}},"65":{"start":{"line":124,"column":32},"end":{"line":124,"column":56}},"66":{"start":{"line":126,"column":22},"end":{"line":126,"column":45}},"67":{"start":{"line":127,"column":24},"end":{"line":127,"column":84}},"68":{"start":{"line":128,"column":12},"end":{"line":156,"column":15}},"69":{"start":{"line":129,"column":16},"end":{"line":155,"column":17}},"70":{"start":{"line":130,"column":30},"end":{"line":130,"column":100}},"71":{"start":{"line":131,"column":20},"end":{"line":149,"column":23}},"72":{"start":{"line":132,"column":24},"end":{"line":132,"column":49}},"73":{"start":{"line":133,"column":24},"end":{"line":143,"column":25}},"74":{"start":{"line":134,"column":28},"end":{"line":137,"column":31}},"75":{"start":{"line":139,"column":28},"end":{"line":142,"column":31}},"76":{"start":{"line":145,"column":24},"end":{"line":148,"column":27}},"77":{"start":{"line":151,"column":20},"end":{"line":154,"column":23}},"78":{"start":{"line":161,"column":24},"end":{"line":161,"column":40}},"79":{"start":{"line":163,"column":25},"end":{"line":163,"column":78}},"80":{"start":{"line":164,"column":12},"end":{"line":187,"column":15}},"81":{"start":{"line":165,"column":16},"end":{"line":186,"column":17}},"82":{"start":{"line":166,"column":32},"end":{"line":166,"column":49}},"83":{"start":{"line":167,"column":33},"end":{"line":167,"column":87}},"84":{"start":{"line":168,"column":20},"end":{"line":180,"column":23}},"85":{"start":{"line":169,"column":24},"end":{"line":179,"column":25}},"86":{"start":{"line":170,"column":28},"end":{"line":173,"column":31}},"87":{"start":{"line":175,"column":28},"end":{"line":178,"column":31}},"88":{"start":{"line":182,"column":20},"end":{"line":185,"column":23}},"89":{"start":{"line":192,"column":25},"end":{"line":192,"column":41}},"90":{"start":{"line":194,"column":12},"end":{"line":234,"column":13}},"91":{"start":{"line":195,"column":16},"end":{"line":195,"column":36}},"92":{"start":{"line":196,"column":16},"end":{"line":214,"column":19}},"93":{"start":{"line":197,"column":20},"end":{"line":208,"column":21}},"94":{"start":{"line":198,"column":24},"end":{"line":198,"column":49}},"95":{"start":{"line":199,"column":24},"end":{"line":202,"column":27}},"96":{"start":{"line":204,"column":24},"end":{"line":207,"column":27}},"97":{"start":{"line":210,"column":20},"end":{"line":213,"column":23}},"98":{"start":{"line":216,"column":16},"end":{"line":233,"column":19}},"99":{"start":{"line":217,"column":20},"end":{"line":227,"column":21}},"100":{"start":{"line":218,"column":24},"end":{"line":221,"column":27}},"101":{"start":{"line":223,"column":24},"end":{"line":226,"column":27}},"102":{"start":{"line":229,"column":20},"end":{"line":232,"column":23}},"103":{"start":{"line":239,"column":24},"end":{"line":239,"column":42}},"104":{"start":{"line":241,"column":25},"end":{"line":241,"column":78}},"105":{"start":{"line":242,"column":12},"end":{"line":265,"column":15}},"106":{"start":{"line":243,"column":16},"end":{"line":264,"column":17}},"107":{"start":{"line":244,"column":32},"end":{"line":244,"column":49}},"108":{"start":{"line":245,"column":33},"end":{"line":245,"column":87}},"109":{"start":{"line":246,"column":20},"end":{"line":258,"column":23}},"110":{"start":{"line":247,"column":24},"end":{"line":257,"column":25}},"111":{"start":{"line":248,"column":28},"end":{"line":251,"column":31}},"112":{"start":{"line":253,"column":28},"end":{"line":256,"column":31}},"113":{"start":{"line":260,"column":20},"end":{"line":263,"column":23}},"114":{"start":{"line":269,"column":4},"end":{"line":269,"column":29}},"115":{"start":{"line":272,"column":14},"end":{"line":272,"column":37}},"116":{"start":{"line":273,"column":0},"end":{"line":273,"column":26}}},"fnMap":{"0":{"name":"(anonymous_0)","decl":{"start":{"line":7,"column":19},"end":{"line":7,"column":20}},"loc":{"start":{"line":7,"column":31},"end":{"line":7,"column":561}},"line":7},"1":{"name":"defineProperties","decl":{"start":{"line":7,"column":42},"end":{"line":7,"column":58}},"loc":{"start":{"line":7,"column":74},"end":{"line":7,"column":349}},"line":7},"2":{"name":"(anonymous_2)","decl":{"start":{"line":7,"column":357},"end":{"line":7,"column":358}},"loc":{"start":{"line":7,"column":405},"end":{"line":7,"column":558}},"line":7},"3":{"name":"_interopRequireDefault","decl":{"start":{"line":21,"column":9},"end":{"line":21,"column":31}},"loc":{"start":{"line":21,"column":37},"end":{"line":21,"column":95}},"line":21},"4":{"name":"_classCallCheck","decl":{"start":{"line":23,"column":9},"end":{"line":23,"column":24}},"loc":{"start":{"line":23,"column":48},"end":{"line":23,"column":153}},"line":23},"5":{"name":"(anonymous_5)","decl":{"start":{"line":25,"column":24},"end":{"line":25,"column":25}},"loc":{"start":{"line":25,"column":36},"end":{"line":270,"column":1}},"line":25},"6":{"name":"AccountController","decl":{"start":{"line":26,"column":13},"end":{"line":26,"column":30}},"loc":{"start":{"line":26,"column":33},"end":{"line":28,"column":5}},"line":26},"7":{"name":"create","decl":{"start":{"line":32,"column":24},"end":{"line":32,"column":30}},"loc":{"start":{"line":32,"column":41},"end":{"line":70,"column":9}},"line":32},"8":{"name":"randomInt","decl":{"start":{"line":33,"column":37},"end":{"line":33,"column":46}},"loc":{"start":{"line":33,"column":58},"end":{"line":35,"column":13}},"line":33},"9":{"name":"(anonymous_9)","decl":{"start":{"line":42,"column":45},"end":{"line":42,"column":46}},"loc":{"start":{"line":42,"column":63},"end":{"line":69,"column":13}},"line":42},"10":{"name":"(anonymous_10)","decl":{"start":{"line":53,"column":62},"end":{"line":53,"column":63}},"loc":{"start":{"line":53,"column":80},"end":{"line":62,"column":21}},"line":53},"11":{"name":"activateOrDeactivate","decl":{"start":{"line":73,"column":24},"end":{"line":73,"column":44}},"loc":{"start":{"line":73,"column":55},"end":{"line":120,"column":9}},"line":73},"12":{"name":"(anonymous_12)","decl":{"start":{"line":80,"column":46},"end":{"line":80,"column":47}},"loc":{"start":{"line":80,"column":64},"end":{"line":114,"column":13}},"line":80},"13":{"name":"(anonymous_13)","decl":{"start":{"line":90,"column":56},"end":{"line":90,"column":57}},"loc":{"start":{"line":90,"column":74},"end":{"line":106,"column":25}},"line":90},"14":{"name":"(anonymous_14)","decl":{"start":{"line":114,"column":21},"end":{"line":114,"column":22}},"loc":{"start":{"line":114,"column":38},"end":{"line":119,"column":13}},"line":114},"15":{"name":"deleteAccount","decl":{"start":{"line":123,"column":24},"end":{"line":123,"column":37}},"loc":{"start":{"line":123,"column":48},"end":{"line":157,"column":9}},"line":123},"16":{"name":"(anonymous_16)","decl":{"start":{"line":128,"column":46},"end":{"line":128,"column":47}},"loc":{"start":{"line":128,"column":64},"end":{"line":156,"column":13}},"line":128},"17":{"name":"(anonymous_17)","decl":{"start":{"line":131,"column":52},"end":{"line":131,"column":53}},"loc":{"start":{"line":131,"column":70},"end":{"line":144,"column":21}},"line":131},"18":{"name":"(anonymous_18)","decl":{"start":{"line":144,"column":29},"end":{"line":144,"column":30}},"loc":{"start":{"line":144,"column":46},"end":{"line":149,"column":21}},"line":144},"19":{"name":"viewAccounts","decl":{"start":{"line":160,"column":24},"end":{"line":160,"column":36}},"loc":{"start":{"line":160,"column":47},"end":{"line":188,"column":9}},"line":160},"20":{"name":"(anonymous_20)","decl":{"start":{"line":164,"column":47},"end":{"line":164,"column":48}},"loc":{"start":{"line":164,"column":65},"end":{"line":187,"column":13}},"line":164},"21":{"name":"(anonymous_21)","decl":{"start":{"line":168,"column":55},"end":{"line":168,"column":56}},"loc":{"start":{"line":168,"column":73},"end":{"line":180,"column":21}},"line":168},"22":{"name":"getAll","decl":{"start":{"line":191,"column":24},"end":{"line":191,"column":30}},"loc":{"start":{"line":191,"column":41},"end":{"line":235,"column":9}},"line":191},"23":{"name":"(anonymous_23)","decl":{"start":{"line":196,"column":101},"end":{"line":196,"column":102}},"loc":{"start":{"line":196,"column":119},"end":{"line":209,"column":17}},"line":196},"24":{"name":"(anonymous_24)","decl":{"start":{"line":209,"column":25},"end":{"line":209,"column":26}},"loc":{"start":{"line":209,"column":42},"end":{"line":214,"column":17}},"line":209},"25":{"name":"(anonymous_25)","decl":{"start":{"line":216,"column":69},"end":{"line":216,"column":70}},"loc":{"start":{"line":216,"column":87},"end":{"line":228,"column":17}},"line":216},"26":{"name":"(anonymous_26)","decl":{"start":{"line":228,"column":25},"end":{"line":228,"column":26}},"loc":{"start":{"line":228,"column":42},"end":{"line":233,"column":17}},"line":228},"27":{"name":"viewUserAccounts","decl":{"start":{"line":238,"column":24},"end":{"line":238,"column":40}},"loc":{"start":{"line":238,"column":51},"end":{"line":266,"column":9}},"line":238},"28":{"name":"(anonymous_28)","decl":{"start":{"line":242,"column":47},"end":{"line":242,"column":48}},"loc":{"start":{"line":242,"column":65},"end":{"line":265,"column":13}},"line":242},"29":{"name":"(anonymous_29)","decl":{"start":{"line":246,"column":55},"end":{"line":246,"column":56}},"loc":{"start":{"line":246,"column":73},"end":{"line":258,"column":21}},"line":246}},"branchMap":{"0":{"loc":{"start":{"line":7,"column":168},"end":{"line":7,"column":198}},"type":"binary-expr","locations":[{"start":{"line":7,"column":168},"end":{"line":7,"column":189}},{"start":{"line":7,"column":193},"end":{"line":7,"column":198}}],"line":7},"1":{"loc":{"start":{"line":7,"column":232},"end":{"line":7,"column":286}},"type":"if","locations":[{"start":{"line":7,"column":232},"end":{"line":7,"column":286}},{"start":{"line":7,"column":232},"end":{"line":7,"column":286}}],"line":7},"2":{"loc":{"start":{"line":7,"column":407},"end":{"line":7,"column":475}},"type":"if","locations":[{"start":{"line":7,"column":407},"end":{"line":7,"column":475}},{"start":{"line":7,"column":407},"end":{"line":7,"column":475}}],"line":7},"3":{"loc":{"start":{"line":7,"column":476},"end":{"line":7,"column":536}},"type":"if","locations":[{"start":{"line":7,"column":476},"end":{"line":7,"column":536}},{"start":{"line":7,"column":476},"end":{"line":7,"column":536}}],"line":7},"4":{"loc":{"start":{"line":21,"column":46},"end":{"line":21,"column":92}},"type":"cond-expr","locations":[{"start":{"line":21,"column":70},"end":{"line":21,"column":73}},{"start":{"line":21,"column":76},"end":{"line":21,"column":92}}],"line":21},"5":{"loc":{"start":{"line":21,"column":46},"end":{"line":21,"column":67}},"type":"binary-expr","locations":[{"start":{"line":21,"column":46},"end":{"line":21,"column":49}},{"start":{"line":21,"column":53},"end":{"line":21,"column":67}}],"line":21},"6":{"loc":{"start":{"line":23,"column":50},"end":{"line":23,"column":151}},"type":"if","locations":[{"start":{"line":23,"column":50},"end":{"line":23,"column":151}},{"start":{"line":23,"column":50},"end":{"line":23,"column":151}}],"line":23},"7":{"loc":{"start":{"line":43,"column":16},"end":{"line":68,"column":17}},"type":"if","locations":[{"start":{"line":43,"column":16},"end":{"line":68,"column":17}},{"start":{"line":43,"column":16},"end":{"line":68,"column":17}}],"line":43},"8":{"loc":{"start":{"line":82,"column":16},"end":{"line":113,"column":17}},"type":"if","locations":[{"start":{"line":82,"column":16},"end":{"line":113,"column":17}},{"start":{"line":82,"column":16},"end":{"line":113,"column":17}}],"line":82},"9":{"loc":{"start":{"line":83,"column":20},"end":{"line":107,"column":21}},"type":"if","locations":[{"start":{"line":83,"column":20},"end":{"line":107,"column":21}},{"start":{"line":83,"column":20},"end":{"line":107,"column":21}}],"line":83},"10":{"loc":{"start":{"line":92,"column":28},"end":{"line":105,"column":29}},"type":"if","locations":[{"start":{"line":92,"column":28},"end":{"line":105,"column":29}},{"start":{"line":92,"column":28},"end":{"line":105,"column":29}}],"line":92},"11":{"loc":{"start":{"line":129,"column":16},"end":{"line":155,"column":17}},"type":"if","locations":[{"start":{"line":129,"column":16},"end":{"line":155,"column":17}},{"start":{"line":129,"column":16},"end":{"line":155,"column":17}}],"line":129},"12":{"loc":{"start":{"line":133,"column":24},"end":{"line":143,"column":25}},"type":"if","locations":[{"start":{"line":133,"column":24},"end":{"line":143,"column":25}},{"start":{"line":133,"column":24},"end":{"line":143,"column":25}}],"line":133},"13":{"loc":{"start":{"line":165,"column":16},"end":{"line":186,"column":17}},"type":"if","locations":[{"start":{"line":165,"column":16},"end":{"line":186,"column":17}},{"start":{"line":165,"column":16},"end":{"line":186,"column":17}}],"line":165},"14":{"loc":{"start":{"line":169,"column":24},"end":{"line":179,"column":25}},"type":"if","locations":[{"start":{"line":169,"column":24},"end":{"line":179,"column":25}},{"start":{"line":169,"column":24},"end":{"line":179,"column":25}}],"line":169},"15":{"loc":{"start":{"line":194,"column":12},"end":{"line":234,"column":13}},"type":"if","locations":[{"start":{"line":194,"column":12},"end":{"line":234,"column":13}},{"start":{"line":194,"column":12},"end":{"line":234,"column":13}}],"line":194},"16":{"loc":{"start":{"line":194,"column":16},"end":{"line":194,"column":59}},"type":"binary-expr","locations":[{"start":{"line":194,"column":16},"end":{"line":194,"column":36}},{"start":{"line":194,"column":40},"end":{"line":194,"column":59}}],"line":194},"17":{"loc":{"start":{"line":197,"column":20},"end":{"line":208,"column":21}},"type":"if","locations":[{"start":{"line":197,"column":20},"end":{"line":208,"column":21}},{"start":{"line":197,"column":20},"end":{"line":208,"column":21}}],"line":197},"18":{"loc":{"start":{"line":217,"column":20},"end":{"line":227,"column":21}},"type":"if","locations":[{"start":{"line":217,"column":20},"end":{"line":227,"column":21}},{"start":{"line":217,"column":20},"end":{"line":227,"column":21}}],"line":217},"19":{"loc":{"start":{"line":243,"column":16},"end":{"line":264,"column":17}},"type":"if","locations":[{"start":{"line":243,"column":16},"end":{"line":264,"column":17}},{"start":{"line":243,"column":16},"end":{"line":264,"column":17}}],"line":243},"20":{"loc":{"start":{"line":247,"column":24},"end":{"line":257,"column":25}},"type":"if","locations":[{"start":{"line":247,"column":24},"end":{"line":257,"column":25}},{"start":{"line":247,"column":24},"end":{"line":257,"column":25}}],"line":247}},"s":{"0":1,"1":1,"2":1,"3":1,"4":6,"5":6,"6":6,"7":6,"8":6,"9":6,"10":1,"11":1,"12":1,"13":1,"14":0,"15":1,"16":1,"17":1,"18":1,"19":1,"20":1,"21":1,"22":3,"23":1,"24":0,"25":1,"26":1,"27":1,"28":2,"29":2,"30":2,"31":2,"32":2,"33":2,"34":2,"35":2,"36":2,"37":2,"38":2,"39":2,"40":2,"41":2,"42":2,"43":2,"44":2,"45":2,"46":2,"47":0,"48":0,"49":0,"50":0,"51":0,"52":0,"53":0,"54":0,"55":0,"56":0,"57":0,"58":0,"59":0,"60":0,"61":0,"62":0,"63":0,"64":0,"65":0,"66":0,"67":0,"68":0,"69":0,"70":0,"71":0,"72":0,"73":0,"74":0,"75":0,"76":0,"77":0,"78":0,"79":0,"80":0,"81":0,"82":0,"83":0,"84":0,"85":0,"86":0,"87":0,"88":0,"89":0,"90":0,"91":0,"92":0,"93":0,"94":0,"95":0,"96":0,"97":0,"98":0,"99":0,"100":0,"101":0,"102":0,"103":0,"104":0,"105":0,"106":0,"107":0,"108":0,"109":0,"110":0,"111":0,"112":0,"113":0,"114":1,"115":1,"116":1},"f":{"0":1,"1":1,"2":1,"3":3,"4":1,"5":1,"6":1,"7":2,"8":2,"9":2,"10":2,"11":0,"12":0,"13":0,"14":0,"15":0,"16":0,"17":0,"18":0,"19":0,"20":0,"21":0,"22":0,"23":0,"24":0,"25":0,"26":0,"27":0,"28":0,"29":0},"b":{"0":[6,6],"1":[6,0],"2":[1,0],"3":[0,1],"4":[1,2],"5":[3,3],"6":[0,1],"7":[2,0],"8":[0,0],"9":[0,0],"10":[0,0],"11":[0,0],"12":[0,0],"13":[0,0],"14":[0,0],"15":[0,0],"16":[0,0],"17":[0,0],"18":[0,0],"19":[0,0],"20":[0,0]},"_coverageSchema":"43e27e138ebf9cfc5966b082cf9a028302ed4184","hash":"8ce51504f540c66ea5b9fca99fdd99a488420279","contentHash":"08f2134b4515ab4bba8299f291fe79fadf109cc7217d1cc15d571b4e9f151053"},"/home/Projects/banka/server/controllers/transactions.js":{"path":"/home/Projects/banka/server/controllers/transactions.js","statementMap":{"0":{"start":{"line":3,"column":0},"end":{"line":5,"column":3}},"1":{"start":{"line":7,"column":19},"end":{"line":7,"column":563}},"2":{"start":{"line":7,"column":76},"end":{"line":7,"column":347}},"3":{"start":{"line":7,"column":89},"end":{"line":7,"column":90}},"4":{"start":{"line":7,"column":134},"end":{"line":7,"column":142}},"5":{"start":{"line":7,"column":144},"end":{"line":7,"column":199}},"6":{"start":{"line":7,"column":200},"end":{"line":7,"column":231}},"7":{"start":{"line":7,"column":232},"end":{"line":7,"column":286}},"8":{"start":{"line":7,"column":259},"end":{"line":7,"column":286}},"9":{"start":{"line":7,"column":287},"end":{"line":7,"column":345}},"10":{"start":{"line":7,"column":350},"end":{"line":7,"column":559}},"11":{"start":{"line":7,"column":407},"end":{"line":7,"column":475}},"12":{"start":{"line":7,"column":423},"end":{"line":7,"column":475}},"13":{"start":{"line":7,"column":476},"end":{"line":7,"column":536}},"14":{"start":{"line":7,"column":493},"end":{"line":7,"column":536}},"15":{"start":{"line":7,"column":537},"end":{"line":7,"column":556}},"16":{"start":{"line":9,"column":13},"end":{"line":9,"column":37}},"17":{"start":{"line":11,"column":14},"end":{"line":11,"column":44}},"18":{"start":{"line":13,"column":14},"end":{"line":13,"column":31}},"19":{"start":{"line":15,"column":15},"end":{"line":15,"column":46}},"20":{"start":{"line":17,"column":39},"end":{"line":17,"column":93}},"21":{"start":{"line":19,"column":50},"end":{"line":19,"column":151}},"22":{"start":{"line":19,"column":92},"end":{"line":19,"column":149}},"23":{"start":{"line":21,"column":29},"end":{"line":248,"column":3}},"24":{"start":{"line":23,"column":8},"end":{"line":23,"column":54}},"25":{"start":{"line":26,"column":4},"end":{"line":245,"column":8}},"26":{"start":{"line":29,"column":24},"end":{"line":29,"column":48}},"27":{"start":{"line":30,"column":25},"end":{"line":30,"column":40}},"28":{"start":{"line":31,"column":32},"end":{"line":31,"column":56}},"29":{"start":{"line":33,"column":30},"end":{"line":33,"column":48}},"30":{"start":{"line":34,"column":27},"end":{"line":34,"column":50}},"31":{"start":{"line":35,"column":25},"end":{"line":35,"column":97}},"32":{"start":{"line":36,"column":12},"end":{"line":86,"column":15}},"33":{"start":{"line":37,"column":16},"end":{"line":85,"column":17}},"34":{"start":{"line":38,"column":33},"end":{"line":38,"column":98}},"35":{"start":{"line":39,"column":20},"end":{"line":79,"column":23}},"36":{"start":{"line":40,"column":24},"end":{"line":73,"column":25}},"37":{"start":{"line":41,"column":28},"end":{"line":72,"column":29}},"38":{"start":{"line":42,"column":49},"end":{"line":42,"column":97}},"39":{"start":{"line":43,"column":42},"end":{"line":43,"column":135}},"40":{"start":{"line":44,"column":32},"end":{"line":46,"column":35}},"41":{"start":{"line":45,"column":36},"end":{"line":45,"column":61}},"42":{"start":{"line":47,"column":47},"end":{"line":47,"column":192}},"43":{"start":{"line":48,"column":45},"end":{"line":48,"column":179}},"44":{"start":{"line":49,"column":32},"end":{"line":66,"column":35}},"45":{"start":{"line":50,"column":36},"end":{"line":50,"column":61}},"46":{"start":{"line":51,"column":36},"end":{"line":65,"column":39}},"47":{"start":{"line":61,"column":40},"end":{"line":64,"column":43}},"48":{"start":{"line":68,"column":32},"end":{"line":71,"column":35}},"49":{"start":{"line":75,"column":24},"end":{"line":78,"column":27}},"50":{"start":{"line":81,"column":20},"end":{"line":84,"column":23}},"51":{"start":{"line":91,"column":24},"end":{"line":91,"column":48}},"52":{"start":{"line":92,"column":25},"end":{"line":92,"column":40}},"53":{"start":{"line":93,"column":32},"end":{"line":93,"column":56}},"54":{"start":{"line":95,"column":30},"end":{"line":95,"column":48}},"55":{"start":{"line":96,"column":27},"end":{"line":96,"column":50}},"56":{"start":{"line":97,"column":25},"end":{"line":97,"column":97}},"57":{"start":{"line":98,"column":12},"end":{"line":151,"column":15}},"58":{"start":{"line":99,"column":16},"end":{"line":145,"column":17}},"59":{"start":{"line":100,"column":33},"end":{"line":100,"column":98}},"60":{"start":{"line":101,"column":20},"end":{"line":139,"column":23}},"61":{"start":{"line":102,"column":24},"end":{"line":133,"column":25}},"62":{"start":{"line":103,"column":45},"end":{"line":103,"column":93}},"63":{"start":{"line":104,"column":38},"end":{"line":104,"column":131}},"64":{"start":{"line":105,"column":28},"end":{"line":107,"column":31}},"65":{"start":{"line":106,"column":32},"end":{"line":106,"column":57}},"66":{"start":{"line":108,"column":43},"end":{"line":108,"column":189}},"67":{"start":{"line":109,"column":41},"end":{"line":109,"column":175}},"68":{"start":{"line":110,"column":28},"end":{"line":127,"column":31}},"69":{"start":{"line":111,"column":32},"end":{"line":111,"column":57}},"70":{"start":{"line":112,"column":32},"end":{"line":121,"column":35}},"71":{"start":{"line":123,"column":32},"end":{"line":126,"column":35}},"72":{"start":{"line":129,"column":28},"end":{"line":132,"column":31}},"73":{"start":{"line":135,"column":24},"end":{"line":138,"column":27}},"74":{"start":{"line":141,"column":20},"end":{"line":144,"column":23}},"75":{"start":{"line":147,"column":16},"end":{"line":150,"column":19}},"76":{"start":{"line":156,"column":32},"end":{"line":156,"column":56}},"77":{"start":{"line":157,"column":24},"end":{"line":157,"column":38}},"78":{"start":{"line":159,"column":27},"end":{"line":159,"column":50}},"79":{"start":{"line":160,"column":25},"end":{"line":160,"column":76}},"80":{"start":{"line":161,"column":12},"end":{"line":208,"column":15}},"81":{"start":{"line":162,"column":16},"end":{"line":162,"column":41}},"82":{"start":{"line":163,"column":16},"end":{"line":202,"column":17}},"83":{"start":{"line":164,"column":32},"end":{"line":164,"column":49}},"84":{"start":{"line":165,"column":32},"end":{"line":165,"column":54}},"85":{"start":{"line":166,"column":33},"end":{"line":166,"column":98}},"86":{"start":{"line":167,"column":20},"end":{"line":201,"column":23}},"87":{"start":{"line":168,"column":24},"end":{"line":195,"column":25}},"88":{"start":{"line":169,"column":28},"end":{"line":194,"column":29}},"89":{"start":{"line":170,"column":45},"end":{"line":170,"column":134}},"90":{"start":{"line":171,"column":32},"end":{"line":178,"column":35}},"91":{"start":{"line":172,"column":36},"end":{"line":177,"column":37}},"92":{"start":{"line":173,"column":40},"end":{"line":176,"column":43}},"93":{"start":{"line":179,"column":35},"end":{"line":194,"column":29}},"94":{"start":{"line":180,"column":45},"end":{"line":180,"column":114}},"95":{"start":{"line":181,"column":32},"end":{"line":188,"column":35}},"96":{"start":{"line":182,"column":36},"end":{"line":187,"column":37}},"97":{"start":{"line":183,"column":40},"end":{"line":186,"column":43}},"98":{"start":{"line":190,"column":32},"end":{"line":193,"column":35}},"99":{"start":{"line":197,"column":24},"end":{"line":200,"column":27}},"100":{"start":{"line":204,"column":16},"end":{"line":207,"column":19}},"101":{"start":{"line":213,"column":21},"end":{"line":213,"column":34}},"102":{"start":{"line":216,"column":32},"end":{"line":216,"column":44}},"103":{"start":{"line":217,"column":24},"end":{"line":217,"column":89}},"104":{"start":{"line":218,"column":12},"end":{"line":243,"column":15}},"105":{"start":{"line":219,"column":16},"end":{"line":237,"column":17}},"106":{"start":{"line":220,"column":20},"end":{"line":231,"column":23}},"107":{"start":{"line":233,"column":20},"end":{"line":236,"column":23}},"108":{"start":{"line":239,"column":16},"end":{"line":242,"column":19}},"109":{"start":{"line":247,"column":4},"end":{"line":247,"column":34}},"110":{"start":{"line":250,"column":19},"end":{"line":250,"column":47}},"111":{"start":{"line":251,"column":0},"end":{"line":251,"column":31}}},"fnMap":{"0":{"name":"(anonymous_0)","decl":{"start":{"line":7,"column":19},"end":{"line":7,"column":20}},"loc":{"start":{"line":7,"column":31},"end":{"line":7,"column":561}},"line":7},"1":{"name":"defineProperties","decl":{"start":{"line":7,"column":42},"end":{"line":7,"column":58}},"loc":{"start":{"line":7,"column":74},"end":{"line":7,"column":349}},"line":7},"2":{"name":"(anonymous_2)","decl":{"start":{"line":7,"column":357},"end":{"line":7,"column":358}},"loc":{"start":{"line":7,"column":405},"end":{"line":7,"column":558}},"line":7},"3":{"name":"_interopRequireDefault","decl":{"start":{"line":17,"column":9},"end":{"line":17,"column":31}},"loc":{"start":{"line":17,"column":37},"end":{"line":17,"column":95}},"line":17},"4":{"name":"_classCallCheck","decl":{
[...]
ine":54,"column":132},"end":{"line":54,"column":150}}],"line":54},"9":{"loc":{"start":{"line":63,"column":12},"end":{"line":67,"column":13}},"type":"if","locations":[{"start":{"line":63,"column":12},"end":{"line":67,"column":13}},{"start":{"line":63,"column":12},"end":{"line":67,"column":13}}],"line":63},"10":{"loc":{"start":{"line":63,"column":16},"end":{"line":63,"column":75}},"type":"binary-expr","locations":[{"start":{"line":63,"column":16},"end":{"line":63,"column":32}},{"start":{"line":63,"column":36},"end":{"line":63,"column":54}},{"start":{"line":63,"column":58},"end":{"line":63,"column":75}}],"line":63}},"s":{"0":1,"1":1,"2":1,"3":1,"4":7,"5":7,"6":7,"7":7,"8":7,"9":7,"10":1,"11":1,"12":1,"13":1,"14":0,"15":1,"16":1,"17":1,"18":0,"19":1,"20":1,"21":1,"22":15,"23":12,"24":4,"25":6,"26":4,"27":2,"28":23,"29":2,"30":1,"31":1,"32":6,"33":4,"34":2,"35":1,"36":1,"37":1},"f":{"0":1,"1":1,"2":1,"3":1,"4":1,"5":1,"6":15,"7":12,"8":4,"9":6,"10":23,"11":2,"12":6},"b":{"0":[7,7],"1":[7,0],"2":[1,0],"3":[0,1],"4":[0,1],"5":[4,2],"6":[6,4],"7":[1,1],"8":[2,2,1,1,1,1],"9":[4,2],"10":[6,6,3]},"_coverageSchema":"43e27e138ebf9cfc5966b082cf9a028302ed4184","hash":"60e8c67f2140eee6e9787c62620dae679765b1d7","contentHash":"94ca4d766375eb42ccb10ecee08ae90d147d1f678f1b97725b52f6df246ab287"},"/home/Projects/banka/server/middlewares/accounts.js":{"path":"/home/Projects/banka/server/middlewares/accounts.js","statementMap":{"0":{"start":{"line":3,"column":0},"end":{"line":5,"column":3}},"1":{"start":{"line":7,"column":19},"end":{"line":7,"column":563}},"2":{"start":{"line":7,"column":76},"end":{"line":7,"column":347}},"3":{"start":{"line":7,"column":89},"end":{"line":7,"column":90}},"4":{"start":{"line":7,"column":134},"end":{"line":7,"column":142}},"5":{"start":{"line":7,"column":144},"end":{"line":7,"column":199}},"6":{"start":{"line":7,"column":200},"end":{"line":7,"column":231}},"7":{"start":{"line":7,"column":232},"end":{"line":7,"column":286}},"8":{"start":{"line":7,"column":259},"end":{"line":7,"column":286}},"9":{"start":{"line":7,"column":287},"end":{"line":7,"column":345}},"10":{"start":{"line":7,"column":350},"end":{"line":7,"column":559}},"11":{"start":{"line":7,"column":407},"end":{"line":7,"column":475}},"12":{"start":{"line":7,"column":423},"end":{"line":7,"column":475}},"13":{"start":{"line":7,"column":476},"end":{"line":7,"column":536}},"14":{"start":{"line":7,"column":493},"end":{"line":7,"column":536}},"15":{"start":{"line":7,"column":537},"end":{"line":7,"column":556}},"16":{"start":{"line":9,"column":19},"end":{"line":9,"column":58}},"17":{"start":{"line":11,"column":20},"end":{"line":11,"column":56}},"18":{"start":{"line":13,"column":39},"end":{"line":13,"column":93}},"19":{"start":{"line":15,"column":50},"end":{"line":15,"column":151}},"20":{"start":{"line":15,"column":92},"end":{"line":15,"column":149}},"21":{"start":{"line":17,"column":22},"end":{"line":71,"column":3}},"22":{"start":{"line":19,"column":8},"end":{"line":19,"column":47}},"23":{"start":{"line":22,"column":4},"end":{"line":68,"column":8}},"24":{"start":{"line":25,"column":12},"end":{"line":37,"column":13}},"25":{"start":{"line":26,"column":16},"end":{"line":29,"column":19}},"26":{"start":{"line":30,"column":19},"end":{"line":37,"column":13}},"27":{"start":{"line":31,"column":16},"end":{"line":34,"column":19}},"28":{"start":{"line":36,"column":16},"end":{"line":36,"column":23}},"29":{"start":{"line":42,"column":12},"end":{"line":54,"column":13}},"30":{"start":{"line":43,"column":16},"end":{"line":46,"column":19}},"31":{"start":{"line":47,"column":19},"end":{"line":54,"column":13}},"32":{"start":{"line":48,"column":16},"end":{"line":51,"column":19}},"33":{"start":{"line":53,"column":16},"end":{"line":53,"column":23}},"34":{"start":{"line":59,"column":12},"end":{"line":66,"column":13}},"35":{"start":{"line":60,"column":16},"end":{"line":63,"column":19}},"36":{"start":{"line":65,"column":16},"end":{"line":65,"column":23}},"37":{"start":{"line":70,"column":4},"end":{"line":70,"column":27}},"38":{"start":{"line":73,"column":22},"end":{"line":73,"column":43}},"39":{"start":{"line":74,"column":0},"end":{"line":74,"column":34}}},"fnMap":{"0":{"name":"(anonymous_0)","decl":{"start":{"line":7,"column":19},"end":{"line":7,"column":20}},"loc":{"start":{"line":7,"column":31},"end":{"line":7,"column":561}},"line":7},"1":{"name":"defineProperties","decl":{"start":{"line":7,"column":42},"end":{"line":7,"column":58}},"loc":{"start":{"line":7,"column":74},"end":{"line":7,"column":349}},"line":7},"2":{"name":"(anonymous_2)","decl":{"start":{"line":7,"column":357},"end":{"line":7,"column":358}},"loc":{"start":{"line":7,"column":405},"end":{"line":7,"column":558}},"line":7},"3":{"name":"_interopRequireDefault","decl":{"start":{"line":13,"column":9},"end":{"line":13,"column":31}},"loc":{"start":{"line":13,"column":37},"end":{"line":13,"column":95}},"line":13},"4":{"name":"_classCallCheck","decl":{"start":{"line":15,"column":9},"end":{"line":15,"column":24}},"loc":{"start":{"line":15,"column":48},"end":{"line":15,"column":153}},"line":15},"5":{"name":"(anonymous_5)","decl":{"start":{"line":17,"column":22},"end":{"line":17,"column":23}},"loc":{"start":{"line":17,"column":34},"end":{"line":71,"column":1}},"line":17},"6":{"name":"AccountValidate","decl":{"start":{"line":18,"column":13},"end":{"line":18,"column":28}},"loc":{"start":{"line":18,"column":31},"end":{"line":20,"column":5}},"line":18},"7":{"name":"createValidate","decl":{"start":{"line":24,"column":24},"end":{"line":24,"column":38}},"loc":{"start":{"line":24,"column":55},"end":{"line":38,"column":9}},"line":24},"8":{"name":"updateValidate","decl":{"start":{"line":41,"column":24},"end":{"line":41,"column":38}},"loc":{"start":{"line":41,"column":55},"end":{"line":55,"column":9}},"line":41},"9":{"name":"deleteValidate","decl":{"start":{"line":58,"column":24},"end":{"line":58,"column":38}},"loc":{"start":{"line":58,"column":55},"end":{"line":67,"column":9}},"line":58}},"branchMap":{"0":{"loc":{"start":{"line":7,"column":168},"end":{"line":7,"column":198}},"type":"binary-expr","locations":[{"start":{"line":7,"column":168},"end":{"line":7,"column":189}},{"start":{"line":7,"column":193},"end":{"line":7,"column":198}}],"line":7},"1":{"loc":{"start":{"line":7,"column":232},"end":{"line":7,"column":286}},"type":"if","locations":[{"start":{"line":7,"column":232},"end":{"line":7,"column":286}},{"start":{"line":7,"column":232},"end":{"line":7,"column":286}}],"line":7},"2":{"loc":{"start":{"line":7,"column":407},"end":{"line":7,"column":475}},"type":"if","locations":[{"start":{"line":7,"column":407},"end":{"line":7,"column":475}},{"start":{"line":7,"column":407},"end":{"line":7,"column":475}}],"line":7},"3":{"loc":{"start":{"line":7,"column":476},"end":{"line":7,"column":536}},"type":"if","locations":[{"start":{"line":7,"column":476},"end":{"line":7,"column":536}},{"start":{"line":7,"column":476},"end":{"line":7,"column":536}}],"line":7},"4":{"loc":{"start":{"line":13,"column":46},"end":{"line":13,"column":92}},"type":"cond-expr","locations":[{"start":{"line":13,"column":70},"end":{"line":13,"column":73}},{"start":{"line":13,"column":76},"end":{"line":13,"column":92}}],"line":13},"5":{"loc":{"start":{"line":13,"column":46},"end":{"line":13,"column":67}},"type":"binary-expr","locations":[{"start":{"line":13,"column":46},"end":{"line":13,"column":49}},{"start":{"line":13,"column":53},"end":{"line":13,"column":67}}],"line":13},"6":{"loc":{"start":{"line":15,"column":50},"end":{"line":15,"column":151}},"type":"if","locations":[{"start":{"line":15,"column":50},"end":{"line":15,"column":151}},{"start":{"line":15,"column":50},"end":{"line":15,"column":151}}],"line":15},"7":{"loc":{"start":{"line":25,"column":12},"end":{"line":37,"column":13}},"type":"if","locations":[{"start":{"line":25,"column":12},"end":{"line":37,"column":13}},{"start":{"line":25,"column":12},"end":{"line":37,"column":13}}],"line":25},"8":{"loc":{"start":{"line":30,"column":19},"end":{"line":37,"column":13}},"type":"if","locations":[{"start":{"line":30,"column":19},"end":{"line":37,"column":13}},{"start":{"line":30,"column":19},"end":{"line":37,"column":13}}],"line":30},"9":{"loc":{"start":{"line":42,"column":12},"end":{"line":54,"column":13}},"type":"if","locations":[{"start":{"line":42,"column":12},"end":{"line":54,"column":13}},{"start":{"line":42,"column":12},"end":{"line":54,"column":13}}],"line":42},"10":{"loc":{"start":{"line":47,"column":19},"end":{"line":54,"column":13}},"type":"if","locations":[{"start":{"line":47,"column":19},"end":{"line":54,"column":13}},{"start":{"line":47,"column":19},"end":{"line":54,"column":13}}],"line":47},"11":{"loc":{"start":{"line":59,"column":12},"end":{"line":66,"column":13}},"type":"if","locations":[{"start":{"line":59,"column":12},"end":{"line":66,"column":13}},{"start":{"line":59,"column":12},"end":{"line":66,"column":13}}],"line":59}},"s":{"0":1,"1":1,"2":1,"3":1,"4":3,"5":3,"6":3,"7":3,"8":3,"9":3,"10":1,"11":1,"12":1,"13":1,"14":0,"15":1,"16":1,"17":1,"18":1,"19":1,"20":0,"21":1,"22":1,"23":1,"24":2,"25":0,"26":2,"27":0,"28":2,"29":0,"30":0,"31":0,"32":0,"33":0,"34":0,"35":0,"36":0,"37":1,"38":1,"39":1},"f":{"0":1,"1":1,"2":1,"3":1,"4":1,"5":1,"6":1,"7":2,"8":0,"9":0},"b":{"0":[3,3],"1":[3,0],"2":[1,0],"3":[0,1],"4":[1,0],"5":[1,1],"6":[0,1],"7":[0,2],"8":[0,2],"9":[0,0],"10":[0,0],"11":[0,0]},"_coverageSchema":"43e27e138ebf9cfc5966b082cf9a028302ed4184","hash":"8c9b30ebcffa08872ea468311e71bcdbf6e9dceb","contentHash":"e79e9ee02854d5ca06d994108e356c3396c832a356cd272fe3d8bbebc26dd02e"},"/home/Projects/banka/server/middlewares/transactions.js":{"path":"/home/Projects/banka/server/middlewares/transactions.js","statementMap":{"0":{"start":{"line":3,"column":0},"end":{"line":5,"column":3}},"1":{"start":{"line":7,"column":19},"end":{"line":7,"column":563}},"2":{"start":{"line":7,"column":76},"end":{"line":7,"column":347}},"3":{"start":{"line":7,"column":89},"end":{"line":7,"column":90}},"4":{"start":{"line":7,"column":134},"end":{"line":7,"column":142}},"5":{"start":{"line":7,"column":144},"end":{"line":7,"column":199}},"6":{"start":{"line":7,"column":200},"end":{"line":7,"column":231}},"7":{"start":{"line":7,"column":232},"end":{"line":7,"column":286}},"8":{"start":{"line":7,"column":259},"end":{"line":7,"column":286}},"9":{"start":{"line":7,"column":287},"end":{"line":7,"column":345}},"10":{"start":{"line":7,"column":350},"end":{"line":7,"column":559}},"11":{"start":{"line":7,"column":407},"end":{"line":7,"column":475}},"12":{"start":{"line":7,"column":423},"end":{"line":7,"column":475}},"13":{"start":{"line":7,"column":476},"end":{"line":7,"column":536}},"14":{"start":{"line":7,"column":493},"end":{"line":7,"column":536}},"15":{"start":{"line":7,"column":537},"end":{"line":7,"column":556}},"16":{"start":{"line":9,"column":19},"end":{"line":9,"column":58}},"17":{"start":{"line":11,"column":20},"end":{"line":11,"column":56}},"18":{"start":{"line":13,"column":39},"end":{"line":13,"column":93}},"19":{"start":{"line":15,"column":50},"end":{"line":15,"column":151}},"20":{"start":{"line":15,"column":92},"end":{"line":15,"column":149}},"21":{"start":{"line":17,"column":26},"end":{"line":106,"column":3}},"22":{"start":{"line":19,"column":8},"end":{"line":19,"column":51}},"23":{"start":{"line":22,"column":4},"end":{"line":103,"column":8}},"24":{"start":{"line":25,"column":12},"end":{"line":42,"column":13}},"25":{"start":{"line":26,"column":16},"end":{"line":29,"column":19}},"26":{"start":{"line":30,"column":19},"end":{"line":42,"column":13}},"27":{"start":{"line":31,"column":16},"end":{"line":34,"column":19}},"28":{"start":{"line":35,"column":19},"end":{"line":42,"column":13}},"29":{"start":{"line":36,"column":16},"end":{"line":39,"column":19}},"30":{"start":{"line":41,"column":16},"end":{"line":41,"column":23}},"31":{"start":{"line":48,"column":12},"end":{"line":65,"column":13}},"32":{"start":{"line":49,"column":16},"end":{"line":52,"column":19}},"33":{"start":{"line":53,"column":19},"end":{"line":65,"column":13}},"34":{"start":{"line":54,"column":16},"end":{"line":57,"column":19}},"35":{"start":{"line":58,"column":19},"end":{"line":65,"column":13}},"36":{"start":{"line":59,"column":16},"end":{"line":62,"column":19}},"37":{"start":{"line":64,"column":16},"end":{"line":64,"column":23}},"38":{"start":{"line":70,"column":12},"end":{"line":77,"column":13}},"39":{"start":{"line":71,"column":16},"end":{"line":74,"column":19}},"40":{"start":{"line":76,"column":16},"end":{"line":76,"column":23}},"41":{"start":{"line":82,"column":12},"end":{"line":89,"column":13}},"42":{"start":{"line":83,"column":16},"end":{"line":86,"column":19}},"43":{"start":{"line":88,"column":16},"end":{"line":88,"column":23}},"44":{"start":{"line":94,"column":12},"end":{"line":101,"column":13}},"45":{"start":{"line":95,"column":16},"end":{"line":98,"column":19}},"46":{"start":{"line":100,"column":16},"end":{"line":100,"column":23}},"47":{"start":{"line":105,"column":4},"end":{"line":105,"column":31}},"48":{"start":{"line":108,"column":26},"end":{"line":108,"column":51}},"49":{"start":{"line":109,"column":0},"end":{"line":109,"column":38}}},"fnMap":{"0":{"name":"(anonymous_0)","decl":{"start":{"line":7,"column":19},"end":{"line":7,"column":20}},"loc":{"start":{"line":7,"column":31},"end":{"line":7,"column":561}},"line":7},"1":{"name":"defineProperties","decl":{"start":{"line":7,"column":42},"end":{"line":7,"column":58}},"loc":{"start":{"line":7,"column":74},"end":{"line":7,"column":349}},"line":7},"2":{"name":"(anonymous_2)","decl":{"start":{"line":7,"column":357},"end":{"line":7,"column":358}},"loc":{"start":{"line":7,"column":405},"end":{"line":7,"column":558}},"line":7},"3":{"name":"_interopRequireDefault","decl":{"start":{"line":13,"column":9},"end":{"line":13,"column":31}},"loc":{"start":{"line":13,"column":37},"end":{"line":13,"column":95}},"line":13},"4":{"name":"_classCallCheck","decl":{"start":{"line":15,"column":9},"end":{"line":15,"column":24}},"loc":{"start":{"line":15,"column":48},"end":{"line":15,"column":153}},"line":15},"5":{"name":"(anonymous_5)","decl":{"start":{"line":17,"column":26},"end":{"line":17,"column":27}},"loc":{"start":{"line":17,"column":38},"end":{"line":106,"column":1}},"line":17},"6":{"name":"TransactionValidate","decl":{"start":{"line":18,"column":13},"end":{"line":18,"column":32}},"loc":{"start":{"line":18,"column":35},"end":{"line":20,"column":5}},"line":18},"7":{"name":"debitValidate","decl":{"start":{"line":24,"column":24},"end":{"line":24,"column":37}},"loc":{"start":{"line":24,"column":54},"end":{"line":43,"column":9}},"line":24},"8":{"name":"creditValidate","decl":{"start":{"line":46,"column":24},"end":{"line":46,"column":38}},"loc":{"start":{"line":46,"column":55},"end":{"line":66,"column":9}},"line":46},"9":{"name":"accountNumberValidate","decl":{"start":{"line":69,"column":24},"end":{"line":69,"column":45}},"loc":{"start":{"line":69,"column":62},"end":{"line":78,"column":9}},"line":69},"10":{"name":"idValidate","decl":{"start":{"line":81,"column":24},"end":{"line":81,"column":34}},"loc":{"start":{"line":81,"column":51},"end":{"line":90,"column":9}},"line":81},"11":{"name":"emailIsValid","decl":{"start":{"line":93,"column":24},"end":{"line":93,"column":36}},"loc":{"start":{"line":93,"column":53},"end":{"line":102,"column":9}},"line":93}},"branchMap":{"0":{"loc":{"start":{"line":7,"column":168},"end":{"line":7,"column":198}},"type":"binary-expr","locations":[{"start":{"line":7,"column":168},"end":{"line":7,"column":189}},{"start":{"line":7,"column":193},"end":{"line":7,"column":198}}],"line":7},"1":{"loc":{"start":{"line":7,"column":232},"end":{"line":7,"column":286}},"type":"if","locations":[{"start":{"line":7,"column":232},"end":{"line":7,"column":286}},{"start":{"line":7,"column":232},"end":{"line":7,"column":286}}],"line":7},"2":{"loc":{"start":{"line":7,"column":407},"end":{"line":7,"column":475}},"type":"if","locations":[{"start":{"line":7,"column":407},"end":{"line":7,"column":475}},{"start":{"line":7,"column":407},"end":{"line":7,"column":475}}],"line":7},"3":{"loc":{"start":{"line":7,"column":476},"end":{"line":7,"column":536}},"type":"if","locations":[{"start":{"line":7,"column":476},"end":{"line":7,"column":536}},{"start":{"line":7,"column":476},"end":{"line":7,"column":536}}],"line":7},"4":{"loc":{"start":{"line":13,"column":46},"end":{"line":13,"column":92}},"type":"cond-expr","locations":[{"start":{"line":13,"column":70},"end":{"line":13,"column":73}},{"start":{"line":13,"column":76},"end":{"line":13,"column":92}}],"line":13},"5":{"loc":{"start":{"line":13,"column":46},"end":{"line":13,"column":67}},"type":"binary-expr","locations":[{"start":{"line":13,"column":46},"end":{"line":13,"column":49}},{"start":{"line":13,"column":53},"end":{"line":13,"column":67}}],"line":13},"6":{"loc":{"start":{"line":15,"column":50},"end":{"line":15,"column":151}},"type":"if","locations":[{"start":{"line":15,"column":50},"end":{"line":15,"column":151}},{"start":{"line":15,"column":50},"end":{"line":15,"column":151}}],"line":15},"7":{"loc":{"start":{"line":25,"column":12},"end":{"line":42,"column":13}},"type":"if","locations":[{"start":{"line":25,"column":12},"end":{"line":42,"column":13}},{"start":{"line":25,"column":12},"end":{"line":42,"column":13}}],"line":25},"8":{"loc":{"start":{"line":30,"column":19},"end":{"line":42,"column":13}},"type":"if","locations":[{"start":{"line":30,"column":19},"end":{"line":42,"column":13}},{"start":{"line":30,"column":19},"end":{"line":42,"column":13}}],"line":30},"9":{"loc":{"start":{"line":35,"column":19},"end":{"line":42,"column":13}},"type":"if","locations":[{"start":{"line":35,"column":19},"end":{"line":42,"column":13}},{"start":{"line":35,"column":19},"end":{"line":42,"column":13}}],"line":35},"10":{"loc":{"start":{"line":48,"column":12},"end":{"line":65,"column":13}},"type":"if","locations":[{"start":{"line":48,"column":12},"end":{"line":65,"column":13}},{"start":{"line":48,"column":12},"end":{"line":65,"column":13}}],"line":48},"11":{"loc":{"start":{"line":53,"column":19},"end":{"line":65,"column":13}},"type":"if","locations":[{"start":{"line":53,"column":19},"end":{"line":65,"column":13}},{"start":{"line":53,"column":19},"end":{"line":65,"column":13}}],"line":53},"12":{"loc":{"start":{"line":58,"column":19},"end":{"line":65,"column":13}},"type":"if","locations":[{"start":{"line":58,"column":19},"end":{"line":65,"column":13}},{"start":{"line":58,"column":19},"end":{"line":65,"column":13}}],"line":58},"13":{"loc":{"start":{"line":70,"column":12},"end":{"line":77,"column":13}},"type":"if","locations":[{"start":{"line":70,"column":12},"end":{"line":77,"column":13}},{"start":{"line":70,"column":12},"end":{"line":77,"column":13}}],"line":70},"14":{"loc":{"start":{"line":82,"column":12},"end":{"line":89,"column":13}},"type":"if","locations":[{"start":{"line":82,"column":12},"end":{"line":89,"column":13}},{"start":{"line":82,"column":12},"end":{"line":89,"column":13}}],"line":82},"15":{"loc":{"start":{"line":94,"column":12},"end":{"line":101,"column":13}},"type":"if","locations":[{"start":{"line":94,"column":12},"end":{"line":101,"column":13}},{"start":{"line":94,"column":12},"end":{"line":101,"column":13}}],"line":94}},"s":{"0":1,"1":1,"2":1,"3":1,"4":5,"5":5,"6":5,"7":5,"8":5,"9":5,"10":1,"11":1,"12":1,"13":1,"14":0,"15":1,"16":1,"17":1,"18":1,"19":1,"20":0,"21":1,"22":1,"23":1,"24":0,"25":0,"26":0,"27":0,"28":0,"29":0,"30":0,"31":0,"32":0,"33":0,"34":0,"35":0,"36":0,"37":0,"38":0,"39":0,"40":0,"41":0,"42":0,"43":0,"44":0,"45":0,"46":0,"47":1,"48":1,"49":1},"f":{"0":1,"1":1,"2":1,"3":1,"4":1,"5":1,"6":1,"7":0,"8":0,"9":0,"10":0,"11":0},"b":{"0":[5,5],"1":[5,0],"2":[1,0],"3":[0,1],"4":[1,0],"5":[1,1],"6":[0,1],"7":[0,0],"8":[0,0],"9":[0,0],"10":[0,0],"11":[0,0],"12":[0,0],"13":[0,0],"14":[0,0],"15":[0,0]},"_coverageSchema":"43e27e138ebf9cfc5966b082cf9a028302ed4184","hash":"ee0bbe3272c8ff2d7faa98c0f4c355d824c28e1e","contentHash":"68a26f267b8471db1dcbcc27a276341e1f2ecadb7ac9f1093287701a1601d877"}}